[0.253s] Invoking command in '/home/catherineschuch/lunabotics_ws/build/control_pkg': CMAKE_PREFIX_PATH=/home/catherineschuch/lunabotics_ws/install/interfaces_pkg:/home/catherineschuch/lunabotics_ws/install/webgui_pkg:/home/catherineschuch/lunabotics_ws/install/navigation_pkg:/home/catherineschuch/lunabotics_ws/install/control_pkg:/opt/ros/humble /usr/bin/cmake /home/catherineschuch/lunabotics_ws/src/control_pkg -DCMAKE_INSTALL_PREFIX=/home/catherineschuch/lunabotics_ws/install/control_pkg
[0.311s] -- Found ament_cmake: 1.3.11 (/opt/ros/humble/share/ament_cmake/cmake)
[0.469s] -- Override CMake install command with custom implementation using symlinks instead of copying resources
[0.493s] -- Found interfaces_pkg: 0.0.0 (/home/catherineschuch/lunabotics_ws/install/interfaces_pkg/share/interfaces_pkg/cmake)
[0.953s] -- Found rosidl_generator_c: 3.1.6 (/opt/ros/humble/share/rosidl_generator_c/cmake)
[0.958s] -- Found rosidl_adapter: 3.1.6 (/opt/ros/humble/share/rosidl_adapter/cmake)
[0.970s] -- Found rosidl_generator_cpp: 3.1.6 (/opt/ros/humble/share/rosidl_generator_cpp/cmake)
[0.988s] -- Using all available rosidl_typesupport_c: rosidl_typesupport_fastrtps_c;rosidl_typesupport_introspection_c
[1.008s] -- Using all available rosidl_typesupport_cpp: rosidl_typesupport_fastrtps_cpp;rosidl_typesupport_introspection_cpp
[1.023s] -- Found rclcpp: 16.0.11 (/opt/ros/humble/share/rclcpp/cmake)
[1.093s] -- Found rmw_implementation_cmake: 6.1.2 (/opt/ros/humble/share/rmw_implementation_cmake/cmake)
[1.096s] -- Found rmw_fastrtps_cpp: 6.2.7 (/opt/ros/humble/share/rmw_fastrtps_cpp/cmake)
[20.367s] -- Using RMW implementation 'rmw_fastrtps_cpp' as default
[20.454s] -- Found rclpy: 3.3.15 (/opt/ros/humble/share/rclpy/cmake)
[20.553s] -- Found ament_lint_auto: 0.12.11 (/opt/ros/humble/share/ament_lint_auto/cmake)
[20.657s] -- Added test 'cppcheck' to perform static code analysis on C / C++ code
[20.657s] -- Configured cppcheck include dirs: 
[20.657s] -- Configured cppcheck exclude dirs and/or files: 
[20.659s] -- Added test 'flake8' to check Python code syntax and style conventions
[20.660s] -- Added test 'lint_cmake' to check CMake code style
[20.661s] -- Added test 'pep257' to check Python code against some of the docstring style conventions in PEP 257
[20.662s] -- Added test 'uncrustify' to check C / C++ code style
[20.662s] -- Configured uncrustify additional arguments: 
[20.663s] -- Added test 'xmllint' to check XML markup files
[20.666s] -- Configuring done
[20.684s] -- Generating done
[20.687s] -- Build files have been written to: /home/catherineschuch/lunabotics_ws/build/control_pkg
[20.698s] Invoked command in '/home/catherineschuch/lunabotics_ws/build/control_pkg' returned '0': CMAKE_PREFIX_PATH=/home/catherineschuch/lunabotics_ws/install/interfaces_pkg:/home/catherineschuch/lunabotics_ws/install/webgui_pkg:/home/catherineschuch/lunabotics_ws/install/navigation_pkg:/home/catherineschuch/lunabotics_ws/install/control_pkg:/opt/ros/humble /usr/bin/cmake /home/catherineschuch/lunabotics_ws/src/control_pkg -DCMAKE_INSTALL_PREFIX=/home/catherineschuch/lunabotics_ws/install/control_pkg
[20.700s] Invoking command in '/home/catherineschuch/lunabotics_ws/build/control_pkg': CMAKE_PREFIX_PATH=/home/catherineschuch/lunabotics_ws/install/interfaces_pkg:/home/catherineschuch/lunabotics_ws/install/webgui_pkg:/home/catherineschuch/lunabotics_ws/install/navigation_pkg:/home/catherineschuch/lunabotics_ws/install/control_pkg:/opt/ros/humble /usr/bin/cmake --build /home/catherineschuch/lunabotics_ws/build/control_pkg -- -j16 -l16
[20.748s] [ 50%] [32mBuilding CXX object CMakeFiles/drivetrain.dir/src/drivetrain.cpp.o[0m
[20.757s] [ 50%] Built target ament_cmake_python_symlink_control_pkg
[20.999s] running egg_info
[21.000s] creating control_pkg.egg-info
[21.000s] writing control_pkg.egg-info/PKG-INFO
[21.000s] writing dependency_links to control_pkg.egg-info/dependency_links.txt
[21.000s] writing top-level names to control_pkg.egg-info/top_level.txt
[21.001s] writing manifest file 'control_pkg.egg-info/SOURCES.txt'
[21.004s] reading manifest file 'control_pkg.egg-info/SOURCES.txt'
[21.005s] writing manifest file 'control_pkg.egg-info/SOURCES.txt'
[21.028s] [ 50%] Built target ament_cmake_python_build_control_pkg_egg
[30.256s] [100%] [32m[1mLinking CXX executable drivetrain[0m
[31.029s] [100%] Built target drivetrain
[31.039s] Invoked command in '/home/catherineschuch/lunabotics_ws/build/control_pkg' returned '0': CMAKE_PREFIX_PATH=/home/catherineschuch/lunabotics_ws/install/interfaces_pkg:/home/catherineschuch/lunabotics_ws/install/webgui_pkg:/home/catherineschuch/lunabotics_ws/install/navigation_pkg:/home/catherineschuch/lunabotics_ws/install/control_pkg:/opt/ros/humble /usr/bin/cmake --build /home/catherineschuch/lunabotics_ws/build/control_pkg -- -j16 -l16
[31.049s] Invoking command in '/home/catherineschuch/lunabotics_ws/build/control_pkg': CMAKE_PREFIX_PATH=/home/catherineschuch/lunabotics_ws/install/interfaces_pkg:/home/catherineschuch/lunabotics_ws/install/webgui_pkg:/home/catherineschuch/lunabotics_ws/install/navigation_pkg:/home/catherineschuch/lunabotics_ws/install/control_pkg:/opt/ros/humble /usr/bin/cmake --install /home/catherineschuch/lunabotics_ws/build/control_pkg
[31.054s] -- Install configuration: ""
[31.054s] -- Execute custom install script
[31.056s] -- Symlinking: /home/catherineschuch/lunabotics_ws/install/control_pkg/lib/control_pkg/drivetrain
[31.064s] -- Symlinking: /home/catherineschuch/lunabotics_ws/install/control_pkg/share/control_pkg/environment/pythonpath.sh
[31.075s] -- Symlinking: /home/catherineschuch/lunabotics_ws/install/control_pkg/share/control_pkg/environment/pythonpath.dsv
[31.095s] -- Symlinking: /home/catherineschuch/lunabotics_ws/install/control_pkg/local/lib/python3.10/dist-packages/control_pkg-0.0.0-py3.10.egg-info/PKG-INFO
[31.102s] -- Symlinking: /home/catherineschuch/lunabotics_ws/install/control_pkg/local/lib/python3.10/dist-packages/control_pkg-0.0.0-py3.10.egg-info/SOURCES.txt
[31.115s] -- Symlinking: /home/catherineschuch/lunabotics_ws/install/control_pkg/local/lib/python3.10/dist-packages/control_pkg-0.0.0-py3.10.egg-info/dependency_links.txt
[31.126s] -- Symlinking: /home/catherineschuch/lunabotics_ws/install/control_pkg/local/lib/python3.10/dist-packages/control_pkg-0.0.0-py3.10.egg-info/top_level.txt
[31.135s] -- Symlinking: /home/catherineschuch/lunabotics_ws/install/control_pkg/local/lib/python3.10/dist-packages/control_pkg/__init__.py
[31.146s] -- Symlinking: /home/catherineschuch/lunabotics_ws/install/control_pkg/lib/control_pkg/testcontrol.py
[31.156s] -- Symlinking: /home/catherineschuch/lunabotics_ws/install/control_pkg/share/ament_index/resource_index/package_run_dependencies/control_pkg
[31.164s] -- Symlinking: /home/catherineschuch/lunabotics_ws/install/control_pkg/share/ament_index/resource_index/parent_prefix_path/control_pkg
[31.171s] -- Symlinking: /home/catherineschuch/lunabotics_ws/install/control_pkg/share/control_pkg/environment/ament_prefix_path.sh
[31.179s] -- Symlinking: /home/catherineschuch/lunabotics_ws/install/control_pkg/share/control_pkg/environment/ament_prefix_path.dsv
[31.192s] -- Symlinking: /home/catherineschuch/lunabotics_ws/install/control_pkg/share/control_pkg/environment/path.sh
[31.200s] -- Symlinking: /home/catherineschuch/lunabotics_ws/install/control_pkg/share/control_pkg/environment/path.dsv
[31.207s] -- Symlinking: /home/catherineschuch/lunabotics_ws/install/control_pkg/share/control_pkg/local_setup.bash
[31.218s] -- Symlinking: /home/catherineschuch/lunabotics_ws/install/control_pkg/share/control_pkg/local_setup.sh
[31.228s] -- Symlinking: /home/catherineschuch/lunabotics_ws/install/control_pkg/share/control_pkg/local_setup.zsh
[31.235s] -- Symlinking: /home/catherineschuch/lunabotics_ws/install/control_pkg/share/control_pkg/local_setup.dsv
[31.244s] -- Symlinking: /home/catherineschuch/lunabotics_ws/install/control_pkg/share/control_pkg/package.dsv
[31.252s] -- Symlinking: /home/catherineschuch/lunabotics_ws/install/control_pkg/share/ament_index/resource_index/packages/control_pkg
[31.259s] -- Symlinking: /home/catherineschuch/lunabotics_ws/install/control_pkg/share/control_pkg/cmake/control_pkgConfig.cmake
[31.267s] -- Symlinking: /home/catherineschuch/lunabotics_ws/install/control_pkg/share/control_pkg/cmake/control_pkgConfig-version.cmake
[31.274s] -- Symlinking: /home/catherineschuch/lunabotics_ws/install/control_pkg/share/control_pkg/package.xml
[31.318s] Listing '/home/catherineschuch/lunabotics_ws/install/control_pkg/local/lib/python3.10/dist-packages/control_pkg'...
[31.318s] Compiling '/home/catherineschuch/lunabotics_ws/install/control_pkg/local/lib/python3.10/dist-packages/control_pkg/__init__.py'...
[31.325s] Invoked command in '/home/catherineschuch/lunabotics_ws/build/control_pkg' returned '0': CMAKE_PREFIX_PATH=/home/catherineschuch/lunabotics_ws/install/interfaces_pkg:/home/catherineschuch/lunabotics_ws/install/webgui_pkg:/home/catherineschuch/lunabotics_ws/install/navigation_pkg:/home/catherineschuch/lunabotics_ws/install/control_pkg:/opt/ros/humble /usr/bin/cmake --install /home/catherineschuch/lunabotics_ws/build/control_pkg
