[0.386s] Invoking command in '/home/catherineschuch/lunabotics_ws/build/control_pkg': CMAKE_PREFIX_PATH=/home/catherineschuch/lunabotics_ws/install/interfaces_pkg:/home/catherineschuch/lunabotics_ws/install/webgui_pkg:/home/catherineschuch/lunabotics_ws/install/navigation_pkg:/home/catherineschuch/lunabotics_ws/install/control_pkg:/opt/ros/humble /usr/bin/cmake /home/catherineschuch/lunabotics_ws/src/control_pkg -DAMENT_CMAKE_SYMLINK_INSTALL=1 -DCMAKE_INSTALL_PREFIX=/home/catherineschuch/lunabotics_ws/install/control_pkg
[0.761s] -- The C compiler identification is GNU 11.4.0
[2.370s] -- The CXX compiler identification is GNU 11.4.0
[3.547s] -- Detecting C compiler ABI info
[3.861s] -- Detecting C compiler ABI info - done
[3.868s] -- Check for working C compiler: /usr/bin/cc - skipped
[3.869s] -- Detecting C compile features
[3.869s] -- Detecting C compile features - done
[3.875s] -- Detecting CXX compiler ABI info
[4.166s] -- Detecting CXX compiler ABI info - done
[4.173s] -- Check for working CXX compiler: /usr/bin/c++ - skipped
[4.173s] -- Detecting CXX compile features
[4.174s] -- Detecting CXX compile features - done
[4.176s] -- Found ament_cmake: 1.3.11 (/opt/ros/humble/share/ament_cmake/cmake)
[4.335s] -- Found Python3: /usr/bin/python3 (found version "3.10.12") found components: Interpreter 
[4.397s] -- Override CMake install command with custom implementation using symlinks instead of copying resources
[4.427s] -- Found rclcpp: 16.0.11 (/opt/ros/humble/share/rclcpp/cmake)
[4.937s] -- Found rosidl_generator_c: 3.1.6 (/opt/ros/humble/share/rosidl_generator_c/cmake)
[4.941s] -- Found rosidl_adapter: 3.1.6 (/opt/ros/humble/share/rosidl_adapter/cmake)
[4.950s] -- Found rosidl_generator_cpp: 3.1.6 (/opt/ros/humble/share/rosidl_generator_cpp/cmake)
[4.962s] -- Using all available rosidl_typesupport_c: rosidl_typesupport_fastrtps_c;rosidl_typesupport_introspection_c
[4.977s] -- Using all available rosidl_typesupport_cpp: rosidl_typesupport_fastrtps_cpp;rosidl_typesupport_introspection_cpp
[5.030s] -- Found rmw_implementation_cmake: 6.1.2 (/opt/ros/humble/share/rmw_implementation_cmake/cmake)
[5.034s] -- Found rmw_fastrtps_cpp: 6.2.7 (/opt/ros/humble/share/rmw_fastrtps_cpp/cmake)
[9.942s] -- Found OpenSSL: /usr/lib/x86_64-linux-gnu/libcrypto.so (found version "3.0.2")  
[14.638s] -- Found FastRTPS: /opt/ros/humble/include  
[23.354s] -- Using RMW implementation 'rmw_fastrtps_cpp' as default
[23.364s] -- Looking for pthread.h
[23.787s] -- Looking for pthread.h - found
[23.787s] -- Performing Test CMAKE_HAVE_LIBC_PTHREAD
[24.175s] -- Performing Test CMAKE_HAVE_LIBC_PTHREAD - Success
[24.177s] -- Found Threads: TRUE  
[24.245s] -- Found rclpy: 3.3.15 (/opt/ros/humble/share/rclpy/cmake)
[24.245s] [31mCMake Error at /opt/ros/humble/share/ament_cmake_target_dependencies/cmake/ament_target_dependencies.cmake:77 (message):
[24.245s]   ament_target_dependencies() the passed package name 'interfaces_pkg' was
[24.245s]   not found before
[24.246s] Call Stack (most recent call first):
[24.246s]   CMakeLists.txt:15 (ament_target_dependencies)
[24.246s] 
[24.246s] [0m
[24.246s] -- Configuring incomplete, errors occurred!
[24.246s] See also "/home/catherineschuch/lunabotics_ws/build/control_pkg/CMakeFiles/CMakeOutput.log".
[24.261s] Invoked command in '/home/catherineschuch/lunabotics_ws/build/control_pkg' returned '1': CMAKE_PREFIX_PATH=/home/catherineschuch/lunabotics_ws/install/interfaces_pkg:/home/catherineschuch/lunabotics_ws/install/webgui_pkg:/home/catherineschuch/lunabotics_ws/install/navigation_pkg:/home/catherineschuch/lunabotics_ws/install/control_pkg:/opt/ros/humble /usr/bin/cmake /home/catherineschuch/lunabotics_ws/src/control_pkg -DAMENT_CMAKE_SYMLINK_INSTALL=1 -DCMAKE_INSTALL_PREFIX=/home/catherineschuch/lunabotics_ws/install/control_pkg
