[0.509s] DEBUG:colcon:Command line arguments: ['/usr/bin/colcon', 'build', '--symlink-install']
[0.509s] DEBUG:colcon:Parsed command line arguments: Namespace(log_base=None, log_level=None, verb_name='build', build_base='build', install_base='install', merge_install=False, symlink_install=True, test_result_base=None, continue_on_error=False, executor='parallel', parallel_workers=16, event_handlers=None, ignore_user_meta=False, metas=['./colcon.meta'], base_paths=['.'], packages_ignore=None, packages_ignore_regex=None, paths=None, packages_up_to=None, packages_up_to_regex=None, packages_above=None, packages_above_and_dependencies=None, packages_above_depth=None, packages_select_by_dep=None, packages_skip_by_dep=None, packages_skip_up_to=None, packages_select_build_failed=False, packages_skip_build_finished=False, packages_select_test_failures=False, packages_skip_test_passed=False, packages_select=None, packages_skip=None, packages_select_regex=None, packages_skip_regex=None, packages_start=None, packages_end=None, allow_overriding=[], cmake_args=None, cmake_target=None, cmake_target_skip_unavailable=False, cmake_clean_cache=False, cmake_clean_first=False, cmake_force_configure=False, ament_cmake_args=None, catkin_cmake_args=None, catkin_skip_building_tests=False, mixin_files=None, mixin=None, verb_parser=<colcon_mixin.mixin.mixin_argument.MixinArgumentDecorator object at 0x7ff8dac6e9e0>, verb_extension=<colcon_core.verb.build.BuildVerb object at 0x7ff8dac6e350>, main=<bound method BuildVerb.main of <colcon_core.verb.build.BuildVerb object at 0x7ff8dac6e350>>, mixin_verb=('build',))
[0.671s] Level 1:colcon.colcon_core.package_discovery:discover_packages(colcon_meta) check parameters
[0.671s] Level 1:colcon.colcon_core.package_discovery:discover_packages(recursive) check parameters
[0.671s] Level 1:colcon.colcon_core.package_discovery:discover_packages(ignore) check parameters
[0.671s] Level 1:colcon.colcon_core.package_discovery:discover_packages(path) check parameters
[0.671s] Level 1:colcon.colcon_core.package_discovery:discover_packages(colcon_meta) discover
[0.671s] Level 1:colcon.colcon_core.package_discovery:discover_packages(recursive) discover
[0.671s] INFO:colcon.colcon_core.package_discovery:Crawling recursively for packages in '/home/catherineschuch/lunabotics_ws'
[0.672s] Level 1:colcon.colcon_core.package_identification:_identify(.) by extensions ['ignore', 'ignore_ament_install']
[0.672s] Level 1:colcon.colcon_core.package_identification:_identify(.) by extension 'ignore'
[0.672s] Level 1:colcon.colcon_core.package_identification:_identify(.) by extension 'ignore_ament_install'
[0.672s] Level 1:colcon.colcon_core.package_identification:_identify(.) by extensions ['colcon_pkg']
[0.672s] Level 1:colcon.colcon_core.package_identification:_identify(.) by extension 'colcon_pkg'
[0.672s] Level 1:colcon.colcon_core.package_identification:_identify(.) by extensions ['colcon_meta']
[0.672s] Level 1:colcon.colcon_core.package_identification:_identify(.) by extension 'colcon_meta'
[0.672s] Level 1:colcon.colcon_core.package_identification:_identify(.) by extensions ['ros']
[0.672s] Level 1:colcon.colcon_core.package_identification:_identify(.) by extension 'ros'
[0.685s] Level 1:colcon.colcon_core.package_identification:_identify(.) by extensions ['cmake', 'python']
[0.685s] Level 1:colcon.colcon_core.package_identification:_identify(.) by extension 'cmake'
[0.685s] Level 1:colcon.colcon_core.package_identification:_identify(.) by extension 'python'
[0.685s] Level 1:colcon.colcon_core.package_identification:_identify(.) by extensions ['python_setup_py']
[0.685s] Level 1:colcon.colcon_core.package_identification:_identify(.) by extension 'python_setup_py'
[0.686s] Level 1:colcon.colcon_core.package_identification:_identify(build) by extensions ['ignore', 'ignore_ament_install']
[0.686s] Level 1:colcon.colcon_core.package_identification:_identify(build) by extension 'ignore'
[0.686s] Level 1:colcon.colcon_core.package_identification:_identify(build) ignored
[0.686s] Level 1:colcon.colcon_core.package_identification:_identify(install) by extensions ['ignore', 'ignore_ament_install']
[0.686s] Level 1:colcon.colcon_core.package_identification:_identify(install) by extension 'ignore'
[0.686s] Level 1:colcon.colcon_core.package_identification:_identify(install) ignored
[0.686s] Level 1:colcon.colcon_core.package_identification:_identify(launch) by extensions ['ignore', 'ignore_ament_install']
[0.686s] Level 1:colcon.colcon_core.package_identification:_identify(launch) by extension 'ignore'
[0.686s] Level 1:colcon.colcon_core.package_identification:_identify(launch) by extension 'ignore_ament_install'
[0.686s] Level 1:colcon.colcon_core.package_identification:_identify(launch) by extensions ['colcon_pkg']
[0.686s] Level 1:colcon.colcon_core.package_identification:_identify(launch) by extension 'colcon_pkg'
[0.686s] Level 1:colcon.colcon_core.package_identification:_identify(launch) by extensions ['colcon_meta']
[0.686s] Level 1:colcon.colcon_core.package_identification:_identify(launch) by extension 'colcon_meta'
[0.686s] Level 1:colcon.colcon_core.package_identification:_identify(launch) by extensions ['ros']
[0.686s] Level 1:colcon.colcon_core.package_identification:_identify(launch) by extension 'ros'
[0.687s] Level 1:colcon.colcon_core.package_identification:_identify(launch) by extensions ['cmake', 'python']
[0.687s] Level 1:colcon.colcon_core.package_identification:_identify(launch) by extension 'cmake'
[0.687s] Level 1:colcon.colcon_core.package_identification:_identify(launch) by extension 'python'
[0.687s] Level 1:colcon.colcon_core.package_identification:_identify(launch) by extensions ['python_setup_py']
[0.687s] Level 1:colcon.colcon_core.package_identification:_identify(launch) by extension 'python_setup_py'
[0.687s] Level 1:colcon.colcon_core.package_identification:_identify(log) by extensions ['ignore', 'ignore_ament_install']
[0.687s] Level 1:colcon.colcon_core.package_identification:_identify(log) by extension 'ignore'
[0.687s] Level 1:colcon.colcon_core.package_identification:_identify(log) ignored
[0.687s] Level 1:colcon.colcon_core.package_identification:_identify(src) by extensions ['ignore', 'ignore_ament_install']
[0.687s] Level 1:colcon.colcon_core.package_identification:_identify(src) by extension 'ignore'
[0.687s] Level 1:colcon.colcon_core.package_identification:_identify(src) by extension 'ignore_ament_install'
[0.687s] Level 1:colcon.colcon_core.package_identification:_identify(src) by extensions ['colcon_pkg']
[0.687s] Level 1:colcon.colcon_core.package_identification:_identify(src) by extension 'colcon_pkg'
[0.687s] Level 1:colcon.colcon_core.package_identification:_identify(src) by extensions ['colcon_meta']
[0.687s] Level 1:colcon.colcon_core.package_identification:_identify(src) by extension 'colcon_meta'
[0.687s] Level 1:colcon.colcon_core.package_identification:_identify(src) by extensions ['ros']
[0.687s] Level 1:colcon.colcon_core.package_identification:_identify(src) by extension 'ros'
[0.687s] Level 1:colcon.colcon_core.package_identification:_identify(src) by extensions ['cmake', 'python']
[0.687s] Level 1:colcon.colcon_core.package_identification:_identify(src) by extension 'cmake'
[0.687s] Level 1:colcon.colcon_core.package_identification:_identify(src) by extension 'python'
[0.687s] Level 1:colcon.colcon_core.package_identification:_identify(src) by extensions ['python_setup_py']
[0.687s] Level 1:colcon.colcon_core.package_identification:_identify(src) by extension 'python_setup_py'
[0.687s] Level 1:colcon.colcon_core.package_identification:_identify(src/control_pkg) by extensions ['ignore', 'ignore_ament_install']
[0.688s] Level 1:colcon.colcon_core.package_identification:_identify(src/control_pkg) by extension 'ignore'
[0.688s] Level 1:colcon.colcon_core.package_identification:_identify(src/control_pkg) by extension 'ignore_ament_install'
[0.688s] Level 1:colcon.colcon_core.package_identification:_identify(src/control_pkg) by extensions ['colcon_pkg']
[0.688s] Level 1:colcon.colcon_core.package_identification:_identify(src/control_pkg) by extension 'colcon_pkg'
[0.688s] Level 1:colcon.colcon_core.package_identification:_identify(src/control_pkg) by extensions ['colcon_meta']
[0.688s] Level 1:colcon.colcon_core.package_identification:_identify(src/control_pkg) by extension 'colcon_meta'
[0.688s] Level 1:colcon.colcon_core.package_identification:_identify(src/control_pkg) by extensions ['ros']
[0.688s] Level 1:colcon.colcon_core.package_identification:_identify(src/control_pkg) by extension 'ros'
[0.691s] DEBUG:colcon.colcon_core.package_identification:Package 'src/control_pkg' with type 'ros.ament_cmake' and name 'control_pkg'
[0.691s] Level 1:colcon.colcon_core.package_identification:_identify(src/interfaces_pkg) by extensions ['ignore', 'ignore_ament_install']
[0.691s] Level 1:colcon.colcon_core.package_identification:_identify(src/interfaces_pkg) by extension 'ignore'
[0.691s] Level 1:colcon.colcon_core.package_identification:_identify(src/interfaces_pkg) by extension 'ignore_ament_install'
[0.691s] Level 1:colcon.colcon_core.package_identification:_identify(src/interfaces_pkg) by extensions ['colcon_pkg']
[0.691s] Level 1:colcon.colcon_core.package_identification:_identify(src/interfaces_pkg) by extension 'colcon_pkg'
[0.691s] Level 1:colcon.colcon_core.package_identification:_identify(src/interfaces_pkg) by extensions ['colcon_meta']
[0.691s] Level 1:colcon.colcon_core.package_identification:_identify(src/interfaces_pkg) by extension 'colcon_meta'
[0.691s] Level 1:colcon.colcon_core.package_identification:_identify(src/interfaces_pkg) by extensions ['ros']
[0.691s] Level 1:colcon.colcon_core.package_identification:_identify(src/interfaces_pkg) by extension 'ros'
[0.692s] DEBUG:colcon.colcon_core.package_identification:Package 'src/interfaces_pkg' with type 'ros.ament_cmake' and name 'interfaces_pkg'
[0.692s] Level 1:colcon.colcon_core.package_identification:_identify(src/navigation_pkg) by extensions ['ignore', 'ignore_ament_install']
[0.692s] Level 1:colcon.colcon_core.package_identification:_identify(src/navigation_pkg) by extension 'ignore'
[0.692s] Level 1:colcon.colcon_core.package_identification:_identify(src/navigation_pkg) by extension 'ignore_ament_install'
[0.692s] Level 1:colcon.colcon_core.package_identification:_identify(src/navigation_pkg) by extensions ['colcon_pkg']
[0.692s] Level 1:colcon.colcon_core.package_identification:_identify(src/navigation_pkg) by extension 'colcon_pkg'
[0.692s] Level 1:colcon.colcon_core.package_identification:_identify(src/navigation_pkg) by extensions ['colcon_meta']
[0.692s] Level 1:colcon.colcon_core.package_identification:_identify(src/navigation_pkg) by extension 'colcon_meta'
[0.692s] Level 1:colcon.colcon_core.package_identification:_identify(src/navigation_pkg) by extensions ['ros']
[0.692s] Level 1:colcon.colcon_core.package_identification:_identify(src/navigation_pkg) by extension 'ros'
[0.692s] DEBUG:colcon.colcon_core.package_identification:Package 'src/navigation_pkg' with type 'ros.ament_cmake' and name 'navigation_pkg'
[0.693s] Level 1:colcon.colcon_core.package_identification:_identify(src/webgui_pkg) by extensions ['ignore', 'ignore_ament_install']
[0.693s] Level 1:colcon.colcon_core.package_identification:_identify(src/webgui_pkg) by extension 'ignore'
[0.693s] Level 1:colcon.colcon_core.package_identification:_identify(src/webgui_pkg) by extension 'ignore_ament_install'
[0.693s] Level 1:colcon.colcon_core.package_identification:_identify(src/webgui_pkg) by extensions ['colcon_pkg']
[0.693s] Level 1:colcon.colcon_core.package_identification:_identify(src/webgui_pkg) by extension 'colcon_pkg'
[0.693s] Level 1:colcon.colcon_core.package_identification:_identify(src/webgui_pkg) by extensions ['colcon_meta']
[0.693s] Level 1:colcon.colcon_core.package_identification:_identify(src/webgui_pkg) by extension 'colcon_meta'
[0.693s] Level 1:colcon.colcon_core.package_identification:_identify(src/webgui_pkg) by extensions ['ros']
[0.693s] Level 1:colcon.colcon_core.package_identification:_identify(src/webgui_pkg) by extension 'ros'
[0.693s] DEBUG:colcon.colcon_core.package_identification:Package 'src/webgui_pkg' with type 'ros.ament_cmake' and name 'webgui_pkg'
[0.693s] Level 1:colcon.colcon_core.package_discovery:discover_packages(recursive) using defaults
[0.694s] Level 1:colcon.colcon_core.package_discovery:discover_packages(ignore) discover
[0.694s] Level 1:colcon.colcon_core.package_discovery:discover_packages(ignore) using defaults
[0.694s] Level 1:colcon.colcon_core.package_discovery:discover_packages(path) discover
[0.694s] Level 1:colcon.colcon_core.package_discovery:discover_packages(path) using defaults
[0.727s] Level 1:colcon.colcon_core.package_discovery:discover_packages(prefix_path) check parameters
[0.728s] Level 1:colcon.colcon_core.package_discovery:discover_packages(prefix_path) discover
[0.728s] WARNING:colcon.colcon_ros.prefix_path.ament:The path '/home/catherineschuch/lunabotics_ws/install/webgui_pkg' in the environment variable AMENT_PREFIX_PATH doesn't exist
[0.729s] WARNING:colcon.colcon_ros.prefix_path.ament:The path '/home/catherineschuch/lunabotics_ws/install/navigation_pkg' in the environment variable AMENT_PREFIX_PATH doesn't exist
[0.729s] WARNING:colcon.colcon_ros.prefix_path.ament:The path '/home/catherineschuch/lunabotics_ws/install/control_pkg' in the environment variable AMENT_PREFIX_PATH doesn't exist
[0.729s] WARNING:colcon.colcon_ros.prefix_path.ament:The path '/home/catherineschuch/lunabotics_ws/install/interfaces_pkg' in the environment variable AMENT_PREFIX_PATH doesn't exist
[0.729s] WARNING:colcon.colcon_ros.prefix_path.catkin:The path '/home/catherineschuch/lunabotics_ws/install/webgui_pkg' in the environment variable CMAKE_PREFIX_PATH doesn't exist
[0.729s] WARNING:colcon.colcon_ros.prefix_path.catkin:The path '/home/catherineschuch/lunabotics_ws/install/navigation_pkg' in the environment variable CMAKE_PREFIX_PATH doesn't exist
[0.729s] WARNING:colcon.colcon_ros.prefix_path.catkin:The path '/home/catherineschuch/lunabotics_ws/install/control_pkg' in the environment variable CMAKE_PREFIX_PATH doesn't exist
[0.729s] WARNING:colcon.colcon_ros.prefix_path.catkin:The path '/home/catherineschuch/lunabotics_ws/install/interfaces_pkg' in the environment variable CMAKE_PREFIX_PATH doesn't exist
[0.729s] DEBUG:colcon.colcon_installed_package_information.package_discovery:Found 0 installed packages in /home/catherineschuch/lunabotics_ws/install
[0.730s] DEBUG:colcon.colcon_installed_package_information.package_discovery:Found 0 installed packages in /home/catherineschuch/lunabotics-2025-temp/install
[0.731s] DEBUG:colcon.colcon_installed_package_information.package_discovery:Found 270 installed packages in /opt/ros/humble
[0.732s] Level 1:colcon.colcon_core.package_discovery:discover_packages(prefix_path) using defaults
[0.768s] Level 5:colcon.colcon_core.verb:set package 'interfaces_pkg' build argument 'cmake_args' from command line to 'None'
[0.769s] Level 5:colcon.colcon_core.verb:set package 'interfaces_pkg' build argument 'cmake_target' from command line to 'None'
[0.769s] Level 5:colcon.colcon_core.verb:set package 'interfaces_pkg' build argument 'cmake_target_skip_unavailable' from command line to 'False'
[0.769s] Level 5:colcon.colcon_core.verb:set package 'interfaces_pkg' build argument 'cmake_clean_cache' from command line to 'False'
[0.769s] Level 5:colcon.colcon_core.verb:set package 'interfaces_pkg' build argument 'cmake_clean_first' from command line to 'False'
[0.769s] Level 5:colcon.colcon_core.verb:set package 'interfaces_pkg' build argument 'cmake_force_configure' from command line to 'False'
[0.769s] Level 5:colcon.colcon_core.verb:set package 'interfaces_pkg' build argument 'ament_cmake_args' from command line to 'None'
[0.769s] Level 5:colcon.colcon_core.verb:set package 'interfaces_pkg' build argument 'catkin_cmake_args' from command line to 'None'
[0.769s] Level 5:colcon.colcon_core.verb:set package 'interfaces_pkg' build argument 'catkin_skip_building_tests' from command line to 'False'
[0.769s] DEBUG:colcon.colcon_core.verb:Building package 'interfaces_pkg' with the following arguments: {'ament_cmake_args': None, 'build_base': '/home/catherineschuch/lunabotics_ws/build/interfaces_pkg', 'catkin_cmake_args': None, 'catkin_skip_building_tests': False, 'cmake_args': None, 'cmake_clean_cache': False, 'cmake_clean_first': False, 'cmake_force_configure': False, 'cmake_target': None, 'cmake_target_skip_unavailable': False, 'install_base': '/home/catherineschuch/lunabotics_ws/install/interfaces_pkg', 'merge_install': False, 'path': '/home/catherineschuch/lunabotics_ws/src/interfaces_pkg', 'symlink_install': True, 'test_result_base': None}
[0.769s] Level 5:colcon.colcon_core.verb:set package 'navigation_pkg' build argument 'cmake_args' from command line to 'None'
[0.769s] Level 5:colcon.colcon_core.verb:set package 'navigation_pkg' build argument 'cmake_target' from command line to 'None'
[0.769s] Level 5:colcon.colcon_core.verb:set package 'navigation_pkg' build argument 'cmake_target_skip_unavailable' from command line to 'False'
[0.769s] Level 5:colcon.colcon_core.verb:set package 'navigation_pkg' build argument 'cmake_clean_cache' from command line to 'False'
[0.769s] Level 5:colcon.colcon_core.verb:set package 'navigation_pkg' build argument 'cmake_clean_first' from command line to 'False'
[0.769s] Level 5:colcon.colcon_core.verb:set package 'navigation_pkg' build argument 'cmake_force_configure' from command line to 'False'
[0.769s] Level 5:colcon.colcon_core.verb:set package 'navigation_pkg' build argument 'ament_cmake_args' from command line to 'None'
[0.769s] Level 5:colcon.colcon_core.verb:set package 'navigation_pkg' build argument 'catkin_cmake_args' from command line to 'None'
[0.769s] Level 5:colcon.colcon_core.verb:set package 'navigation_pkg' build argument 'catkin_skip_building_tests' from command line to 'False'
[0.769s] DEBUG:colcon.colcon_core.verb:Building package 'navigation_pkg' with the following arguments: {'ament_cmake_args': None, 'build_base': '/home/catherineschuch/lunabotics_ws/build/navigation_pkg', 'catkin_cmake_args': None, 'catkin_skip_building_tests': False, 'cmake_args': None, 'cmake_clean_cache': False, 'cmake_clean_first': False, 'cmake_force_configure': False, 'cmake_target': None, 'cmake_target_skip_unavailable': False, 'install_base': '/home/catherineschuch/lunabotics_ws/install/navigation_pkg', 'merge_install': False, 'path': '/home/catherineschuch/lunabotics_ws/src/navigation_pkg', 'symlink_install': True, 'test_result_base': None}
[0.770s] Level 5:colcon.colcon_core.verb:set package 'webgui_pkg' build argument 'cmake_args' from command line to 'None'
[0.770s] Level 5:colcon.colcon_core.verb:set package 'webgui_pkg' build argument 'cmake_target' from command line to 'None'
[0.770s] Level 5:colcon.colcon_core.verb:set package 'webgui_pkg' build argument 'cmake_target_skip_unavailable' from command line to 'False'
[0.770s] Level 5:colcon.colcon_core.verb:set package 'webgui_pkg' build argument 'cmake_clean_cache' from command line to 'False'
[0.770s] Level 5:colcon.colcon_core.verb:set package 'webgui_pkg' build argument 'cmake_clean_first' from command line to 'False'
[0.770s] Level 5:colcon.colcon_core.verb:set package 'webgui_pkg' build argument 'cmake_force_configure' from command line to 'False'
[0.770s] Level 5:colcon.colcon_core.verb:set package 'webgui_pkg' build argument 'ament_cmake_args' from command line to 'None'
[0.770s] Level 5:colcon.colcon_core.verb:set package 'webgui_pkg' build argument 'catkin_cmake_args' from command line to 'None'
[0.770s] Level 5:colcon.colcon_core.verb:set package 'webgui_pkg' build argument 'catkin_skip_building_tests' from command line to 'False'
[0.770s] DEBUG:colcon.colcon_core.verb:Building package 'webgui_pkg' with the following arguments: {'ament_cmake_args': None, 'build_base': '/home/catherineschuch/lunabotics_ws/build/webgui_pkg', 'catkin_cmake_args': None, 'catkin_skip_building_tests': False, 'cmake_args': None, 'cmake_clean_cache': False, 'cmake_clean_first': False, 'cmake_force_configure': False, 'cmake_target': None, 'cmake_target_skip_unavailable': False, 'install_base': '/home/catherineschuch/lunabotics_ws/install/webgui_pkg', 'merge_install': False, 'path': '/home/catherineschuch/lunabotics_ws/src/webgui_pkg', 'symlink_install': True, 'test_result_base': None}
[0.770s] Level 5:colcon.colcon_core.verb:set package 'control_pkg' build argument 'cmake_args' from command line to 'None'
[0.770s] Level 5:colcon.colcon_core.verb:set package 'control_pkg' build argument 'cmake_target' from command line to 'None'
[0.770s] Level 5:colcon.colcon_core.verb:set package 'control_pkg' build argument 'cmake_target_skip_unavailable' from command line to 'False'
[0.770s] Level 5:colcon.colcon_core.verb:set package 'control_pkg' build argument 'cmake_clean_cache' from command line to 'False'
[0.770s] Level 5:colcon.colcon_core.verb:set package 'control_pkg' build argument 'cmake_clean_first' from command line to 'False'
[0.770s] Level 5:colcon.colcon_core.verb:set package 'control_pkg' build argument 'cmake_force_configure' from command line to 'False'
[0.770s] Level 5:colcon.colcon_core.verb:set package 'control_pkg' build argument 'ament_cmake_args' from command line to 'None'
[0.770s] Level 5:colcon.colcon_core.verb:set package 'control_pkg' build argument 'catkin_cmake_args' from command line to 'None'
[0.770s] Level 5:colcon.colcon_core.verb:set package 'control_pkg' build argument 'catkin_skip_building_tests' from command line to 'False'
[0.770s] DEBUG:colcon.colcon_core.verb:Building package 'control_pkg' with the following arguments: {'ament_cmake_args': None, 'build_base': '/home/catherineschuch/lunabotics_ws/build/control_pkg', 'catkin_cmake_args': None, 'catkin_skip_building_tests': False, 'cmake_args': None, 'cmake_clean_cache': False, 'cmake_clean_first': False, 'cmake_force_configure': False, 'cmake_target': None, 'cmake_target_skip_unavailable': False, 'install_base': '/home/catherineschuch/lunabotics_ws/install/control_pkg', 'merge_install': False, 'path': '/home/catherineschuch/lunabotics_ws/src/control_pkg', 'symlink_install': True, 'test_result_base': None}
[0.770s] INFO:colcon.colcon_core.executor:Executing jobs using 'parallel' executor
[0.772s] DEBUG:colcon.colcon_parallel_executor.executor.parallel:run_until_complete
[0.772s] INFO:colcon.colcon_ros.task.ament_cmake.build:Building ROS package in '/home/catherineschuch/lunabotics_ws/src/interfaces_pkg' with build type 'ament_cmake'
[0.773s] INFO:colcon.colcon_cmake.task.cmake.build:Building CMake package in '/home/catherineschuch/lunabotics_ws/src/interfaces_pkg'
[0.775s] INFO:colcon.colcon_core.plugin_system:Skipping extension 'colcon_core.shell.bat': Not used on non-Windows systems
[0.775s] INFO:colcon.colcon_core.shell:Skip shell extension 'powershell' for command environment: Not usable outside of PowerShell
[0.775s] DEBUG:colcon.colcon_core.shell:Skip shell extension 'dsv' for command environment
[0.779s] INFO:colcon.colcon_ros.task.ament_cmake.build:Building ROS package in '/home/catherineschuch/lunabotics_ws/src/navigation_pkg' with build type 'ament_cmake'
[0.779s] INFO:colcon.colcon_cmake.task.cmake.build:Building CMake package in '/home/catherineschuch/lunabotics_ws/src/navigation_pkg'
[0.779s] INFO:colcon.colcon_core.shell:Skip shell extension 'powershell' for command environment: Not usable outside of PowerShell
[0.780s] DEBUG:colcon.colcon_core.shell:Skip shell extension 'dsv' for command environment
[0.785s] INFO:colcon.colcon_ros.task.ament_cmake.build:Building ROS package in '/home/catherineschuch/lunabotics_ws/src/webgui_pkg' with build type 'ament_cmake'
[0.785s] INFO:colcon.colcon_cmake.task.cmake.build:Building CMake package in '/home/catherineschuch/lunabotics_ws/src/webgui_pkg'
[0.785s] INFO:colcon.colcon_core.shell:Skip shell extension 'powershell' for command environment: Not usable outside of PowerShell
[0.785s] DEBUG:colcon.colcon_core.shell:Skip shell extension 'dsv' for command environment
[0.796s] DEBUG:colcon.colcon_core.event_handler.log_command:Invoking command in '/home/catherineschuch/lunabotics_ws/build/interfaces_pkg': CMAKE_PREFIX_PATH=${CMAKE_PREFIX_PATH}:/opt/ros/humble /usr/bin/cmake /home/catherineschuch/lunabotics_ws/src/interfaces_pkg -DAMENT_CMAKE_SYMLINK_INSTALL=1 -DCMAKE_INSTALL_PREFIX=/home/catherineschuch/lunabotics_ws/install/interfaces_pkg
[0.801s] DEBUG:colcon.colcon_core.event_handler.log_command:Invoking command in '/home/catherineschuch/lunabotics_ws/build/navigation_pkg': CMAKE_PREFIX_PATH=${CMAKE_PREFIX_PATH}:/opt/ros/humble /usr/bin/cmake /home/catherineschuch/lunabotics_ws/src/navigation_pkg -DAMENT_CMAKE_SYMLINK_INSTALL=1 -DCMAKE_INSTALL_PREFIX=/home/catherineschuch/lunabotics_ws/install/navigation_pkg
[0.810s] DEBUG:colcon.colcon_core.event_handler.log_command:Invoking command in '/home/catherineschuch/lunabotics_ws/build/webgui_pkg': CMAKE_PREFIX_PATH=${CMAKE_PREFIX_PATH}:/opt/ros/humble /usr/bin/cmake /home/catherineschuch/lunabotics_ws/src/webgui_pkg -DAMENT_CMAKE_SYMLINK_INSTALL=1 -DCMAKE_INSTALL_PREFIX=/home/catherineschuch/lunabotics_ws/install/webgui_pkg
[3.975s] DEBUG:colcon.colcon_core.event_handler.log_command:Invoked command in '/home/catherineschuch/lunabotics_ws/build/webgui_pkg' returned '0': CMAKE_PREFIX_PATH=${CMAKE_PREFIX_PATH}:/opt/ros/humble /usr/bin/cmake /home/catherineschuch/lunabotics_ws/src/webgui_pkg -DAMENT_CMAKE_SYMLINK_INSTALL=1 -DCMAKE_INSTALL_PREFIX=/home/catherineschuch/lunabotics_ws/install/webgui_pkg
[3.980s] DEBUG:colcon.colcon_core.event_handler.log_command:Invoking command in '/home/catherineschuch/lunabotics_ws/build/webgui_pkg': CMAKE_PREFIX_PATH=${CMAKE_PREFIX_PATH}:/opt/ros/humble /usr/bin/cmake --build /home/catherineschuch/lunabotics_ws/build/webgui_pkg -- -j16 -l16
[4.013s] DEBUG:colcon.colcon_core.event_handler.log_command:Invoked command in '/home/catherineschuch/lunabotics_ws/build/webgui_pkg' returned '0': CMAKE_PREFIX_PATH=${CMAKE_PREFIX_PATH}:/opt/ros/humble /usr/bin/cmake --build /home/catherineschuch/lunabotics_ws/build/webgui_pkg -- -j16 -l16
[4.022s] DEBUG:colcon.colcon_core.event_handler.log_command:Invoking command in '/home/catherineschuch/lunabotics_ws/build/webgui_pkg': CMAKE_PREFIX_PATH=${CMAKE_PREFIX_PATH}:/opt/ros/humble /usr/bin/cmake --install /home/catherineschuch/lunabotics_ws/build/webgui_pkg
[4.193s] Level 1:colcon.colcon_core.environment:create_environment_scripts_only(webgui_pkg)
[4.194s] DEBUG:colcon.colcon_core.event_handler.log_command:Invoked command in '/home/catherineschuch/lunabotics_ws/build/webgui_pkg' returned '0': CMAKE_PREFIX_PATH=${CMAKE_PREFIX_PATH}:/opt/ros/humble /usr/bin/cmake --install /home/catherineschuch/lunabotics_ws/build/webgui_pkg
[4.197s] Level 1:colcon.colcon_core.environment:checking '/home/catherineschuch/lunabotics_ws/install/webgui_pkg' for CMake module files
[4.197s] Level 1:colcon.colcon_core.environment:checking '/home/catherineschuch/lunabotics_ws/install/webgui_pkg' for CMake config files
[4.197s] Level 1:colcon.colcon_core.shell:create_environment_hook('webgui_pkg', 'cmake_prefix_path')
[4.198s] INFO:colcon.colcon_core.shell:Creating environment hook '/home/catherineschuch/lunabotics_ws/install/webgui_pkg/share/webgui_pkg/hook/cmake_prefix_path.ps1'
[4.199s] INFO:colcon.colcon_core.shell:Creating environment descriptor '/home/catherineschuch/lunabotics_ws/install/webgui_pkg/share/webgui_pkg/hook/cmake_prefix_path.dsv'
[4.199s] INFO:colcon.colcon_core.shell:Creating environment hook '/home/catherineschuch/lunabotics_ws/install/webgui_pkg/share/webgui_pkg/hook/cmake_prefix_path.sh'
[4.201s] Level 1:colcon.colcon_core.environment:checking '/home/catherineschuch/lunabotics_ws/install/webgui_pkg/bin'
[4.201s] Level 1:colcon.colcon_core.environment:checking '/home/catherineschuch/lunabotics_ws/install/webgui_pkg/lib/pkgconfig/webgui_pkg.pc'
[4.201s] Level 1:colcon.colcon_core.environment:checking '/home/catherineschuch/lunabotics_ws/install/webgui_pkg/lib/python3.10/site-packages'
[4.202s] Level 1:colcon.colcon_core.environment:checking '/home/catherineschuch/lunabotics_ws/install/webgui_pkg/bin'
[4.202s] INFO:colcon.colcon_core.shell:Creating package script '/home/catherineschuch/lunabotics_ws/install/webgui_pkg/share/webgui_pkg/package.ps1'
[4.203s] INFO:colcon.colcon_core.shell:Creating package descriptor '/home/catherineschuch/lunabotics_ws/install/webgui_pkg/share/webgui_pkg/package.dsv'
[4.204s] INFO:colcon.colcon_core.shell:Creating package script '/home/catherineschuch/lunabotics_ws/install/webgui_pkg/share/webgui_pkg/package.sh'
[4.205s] INFO:colcon.colcon_core.shell:Creating package script '/home/catherineschuch/lunabotics_ws/install/webgui_pkg/share/webgui_pkg/package.bash'
[4.205s] INFO:colcon.colcon_core.shell:Creating package script '/home/catherineschuch/lunabotics_ws/install/webgui_pkg/share/webgui_pkg/package.zsh'
[4.207s] Level 1:colcon.colcon_core.environment:create_file_with_runtime_dependencies(/home/catherineschuch/lunabotics_ws/install/webgui_pkg/share/colcon-core/packages/webgui_pkg)
[4.207s] Level 1:colcon.colcon_core.environment:create_environment_scripts_only(webgui_pkg)
[4.208s] Level 1:colcon.colcon_core.environment:checking '/home/catherineschuch/lunabotics_ws/install/webgui_pkg' for CMake module files
[4.208s] Level 1:colcon.colcon_core.environment:checking '/home/catherineschuch/lunabotics_ws/install/webgui_pkg' for CMake config files
[4.208s] Level 1:colcon.colcon_core.shell:create_environment_hook('webgui_pkg', 'cmake_prefix_path')
[4.208s] INFO:colcon.colcon_core.shell:Creating environment hook '/home/catherineschuch/lunabotics_ws/install/webgui_pkg/share/webgui_pkg/hook/cmake_prefix_path.ps1'
[4.209s] INFO:colcon.colcon_core.shell:Creating environment descriptor '/home/catherineschuch/lunabotics_ws/install/webgui_pkg/share/webgui_pkg/hook/cmake_prefix_path.dsv'
[4.209s] INFO:colcon.colcon_core.shell:Creating environment hook '/home/catherineschuch/lunabotics_ws/install/webgui_pkg/share/webgui_pkg/hook/cmake_prefix_path.sh'
[4.210s] Level 1:colcon.colcon_core.environment:checking '/home/catherineschuch/lunabotics_ws/install/webgui_pkg/bin'
[4.210s] Level 1:colcon.colcon_core.environment:checking '/home/catherineschuch/lunabotics_ws/install/webgui_pkg/lib/pkgconfig/webgui_pkg.pc'
[4.210s] Level 1:colcon.colcon_core.environment:checking '/home/catherineschuch/lunabotics_ws/install/webgui_pkg/lib/python3.10/site-packages'
[4.210s] Level 1:colcon.colcon_core.environment:checking '/home/catherineschuch/lunabotics_ws/install/webgui_pkg/bin'
[4.210s] INFO:colcon.colcon_core.shell:Creating package script '/home/catherineschuch/lunabotics_ws/install/webgui_pkg/share/webgui_pkg/package.ps1'
[4.211s] INFO:colcon.colcon_core.shell:Creating package descriptor '/home/catherineschuch/lunabotics_ws/install/webgui_pkg/share/webgui_pkg/package.dsv'
[4.211s] INFO:colcon.colcon_core.shell:Creating package script '/home/catherineschuch/lunabotics_ws/install/webgui_pkg/share/webgui_pkg/package.sh'
[4.212s] INFO:colcon.colcon_core.shell:Creating package script '/home/catherineschuch/lunabotics_ws/install/webgui_pkg/share/webgui_pkg/package.bash'
[4.212s] INFO:colcon.colcon_core.shell:Creating package script '/home/catherineschuch/lunabotics_ws/install/webgui_pkg/share/webgui_pkg/package.zsh'
[4.213s] Level 1:colcon.colcon_core.environment:create_file_with_runtime_dependencies(/home/catherineschuch/lunabotics_ws/install/webgui_pkg/share/colcon-core/packages/webgui_pkg)
[4.216s] DEBUG:colcon.colcon_core.event_handler.log_command:Invoked command in '/home/catherineschuch/lunabotics_ws/build/navigation_pkg' returned '0': CMAKE_PREFIX_PATH=${CMAKE_PREFIX_PATH}:/opt/ros/humble /usr/bin/cmake /home/catherineschuch/lunabotics_ws/src/navigation_pkg -DAMENT_CMAKE_SYMLINK_INSTALL=1 -DCMAKE_INSTALL_PREFIX=/home/catherineschuch/lunabotics_ws/install/navigation_pkg
[4.217s] DEBUG:colcon.colcon_core.event_handler.log_command:Invoking command in '/home/catherineschuch/lunabotics_ws/build/navigation_pkg': CMAKE_PREFIX_PATH=${CMAKE_PREFIX_PATH}:/opt/ros/humble /usr/bin/cmake --build /home/catherineschuch/lunabotics_ws/build/navigation_pkg -- -j16 -l16
[4.250s] DEBUG:colcon.colcon_core.event_handler.log_command:Invoked command in '/home/catherineschuch/lunabotics_ws/build/navigation_pkg' returned '0': CMAKE_PREFIX_PATH=${CMAKE_PREFIX_PATH}:/opt/ros/humble /usr/bin/cmake --build /home/catherineschuch/lunabotics_ws/build/navigation_pkg -- -j16 -l16
[4.252s] DEBUG:colcon.colcon_core.event_handler.log_command:Invoking command in '/home/catherineschuch/lunabotics_ws/build/navigation_pkg': CMAKE_PREFIX_PATH=${CMAKE_PREFIX_PATH}:/opt/ros/humble /usr/bin/cmake --install /home/catherineschuch/lunabotics_ws/build/navigation_pkg
[4.380s] Level 1:colcon.colcon_core.environment:create_environment_scripts_only(navigation_pkg)
[4.380s] Level 1:colcon.colcon_core.environment:checking '/home/catherineschuch/lunabotics_ws/install/navigation_pkg' for CMake module files
[4.381s] Level 1:colcon.colcon_core.environment:checking '/home/catherineschuch/lunabotics_ws/install/navigation_pkg' for CMake config files
[4.381s] DEBUG:colcon.colcon_core.event_handler.log_command:Invoked command in '/home/catherineschuch/lunabotics_ws/build/navigation_pkg' returned '0': CMAKE_PREFIX_PATH=${CMAKE_PREFIX_PATH}:/opt/ros/humble /usr/bin/cmake --install /home/catherineschuch/lunabotics_ws/build/navigation_pkg
[4.382s] Level 1:colcon.colcon_core.shell:create_environment_hook('navigation_pkg', 'cmake_prefix_path')
[4.382s] INFO:colcon.colcon_core.shell:Creating environment hook '/home/catherineschuch/lunabotics_ws/install/navigation_pkg/share/navigation_pkg/hook/cmake_prefix_path.ps1'
[4.383s] INFO:colcon.colcon_core.shell:Creating environment descriptor '/home/catherineschuch/lunabotics_ws/install/navigation_pkg/share/navigation_pkg/hook/cmake_prefix_path.dsv'
[4.383s] INFO:colcon.colcon_core.shell:Creating environment hook '/home/catherineschuch/lunabotics_ws/install/navigation_pkg/share/navigation_pkg/hook/cmake_prefix_path.sh'
[4.384s] Level 1:colcon.colcon_core.environment:checking '/home/catherineschuch/lunabotics_ws/install/navigation_pkg/bin'
[4.384s] Level 1:colcon.colcon_core.environment:checking '/home/catherineschuch/lunabotics_ws/install/navigation_pkg/lib/pkgconfig/navigation_pkg.pc'
[4.384s] Level 1:colcon.colcon_core.environment:checking '/home/catherineschuch/lunabotics_ws/install/navigation_pkg/lib/python3.10/site-packages'
[4.384s] Level 1:colcon.colcon_core.environment:checking '/home/catherineschuch/lunabotics_ws/install/navigation_pkg/bin'
[4.384s] INFO:colcon.colcon_core.shell:Creating package script '/home/catherineschuch/lunabotics_ws/install/navigation_pkg/share/navigation_pkg/package.ps1'
[4.385s] INFO:colcon.colcon_core.shell:Creating package descriptor '/home/catherineschuch/lunabotics_ws/install/navigation_pkg/share/navigation_pkg/package.dsv'
[4.385s] INFO:colcon.colcon_core.shell:Creating package script '/home/catherineschuch/lunabotics_ws/install/navigation_pkg/share/navigation_pkg/package.sh'
[4.385s] INFO:colcon.colcon_core.shell:Creating package script '/home/catherineschuch/lunabotics_ws/install/navigation_pkg/share/navigation_pkg/package.bash'
[4.386s] INFO:colcon.colcon_core.shell:Creating package script '/home/catherineschuch/lunabotics_ws/install/navigation_pkg/share/navigation_pkg/package.zsh'
[4.386s] Level 1:colcon.colcon_core.environment:create_file_with_runtime_dependencies(/home/catherineschuch/lunabotics_ws/install/navigation_pkg/share/colcon-core/packages/navigation_pkg)
[4.387s] Level 1:colcon.colcon_core.environment:create_environment_scripts_only(navigation_pkg)
[4.387s] Level 1:colcon.colcon_core.environment:checking '/home/catherineschuch/lunabotics_ws/install/navigation_pkg' for CMake module files
[4.387s] Level 1:colcon.colcon_core.environment:checking '/home/catherineschuch/lunabotics_ws/install/navigation_pkg' for CMake config files
[4.387s] Level 1:colcon.colcon_core.shell:create_environment_hook('navigation_pkg', 'cmake_prefix_path')
[4.388s] INFO:colcon.colcon_core.shell:Creating environment hook '/home/catherineschuch/lunabotics_ws/install/navigation_pkg/share/navigation_pkg/hook/cmake_prefix_path.ps1'
[4.388s] INFO:colcon.colcon_core.shell:Creating environment descriptor '/home/catherineschuch/lunabotics_ws/install/navigation_pkg/share/navigation_pkg/hook/cmake_prefix_path.dsv'
[4.388s] INFO:colcon.colcon_core.shell:Creating environment hook '/home/catherineschuch/lunabotics_ws/install/navigation_pkg/share/navigation_pkg/hook/cmake_prefix_path.sh'
[4.389s] Level 1:colcon.colcon_core.environment:checking '/home/catherineschuch/lunabotics_ws/install/navigation_pkg/bin'
[4.389s] Level 1:colcon.colcon_core.environment:checking '/home/catherineschuch/lunabotics_ws/install/navigation_pkg/lib/pkgconfig/navigation_pkg.pc'
[4.389s] Level 1:colcon.colcon_core.environment:checking '/home/catherineschuch/lunabotics_ws/install/navigation_pkg/lib/python3.10/site-packages'
[4.389s] Level 1:colcon.colcon_core.environment:checking '/home/catherineschuch/lunabotics_ws/install/navigation_pkg/bin'
[4.389s] INFO:colcon.colcon_core.shell:Creating package script '/home/catherineschuch/lunabotics_ws/install/navigation_pkg/share/navigation_pkg/package.ps1'
[4.390s] INFO:colcon.colcon_core.shell:Creating package descriptor '/home/catherineschuch/lunabotics_ws/install/navigation_pkg/share/navigation_pkg/package.dsv'
[4.390s] INFO:colcon.colcon_core.shell:Creating package script '/home/catherineschuch/lunabotics_ws/install/navigation_pkg/share/navigation_pkg/package.sh'
[4.391s] INFO:colcon.colcon_core.shell:Creating package script '/home/catherineschuch/lunabotics_ws/install/navigation_pkg/share/navigation_pkg/package.bash'
[4.391s] INFO:colcon.colcon_core.shell:Creating package script '/home/catherineschuch/lunabotics_ws/install/navigation_pkg/share/navigation_pkg/package.zsh'
[4.391s] Level 1:colcon.colcon_core.environment:create_file_with_runtime_dependencies(/home/catherineschuch/lunabotics_ws/install/navigation_pkg/share/colcon-core/packages/navigation_pkg)
[7.344s] DEBUG:colcon.colcon_core.event_handler.log_command:Invoked command in '/home/catherineschuch/lunabotics_ws/build/interfaces_pkg' returned '0': CMAKE_PREFIX_PATH=${CMAKE_PREFIX_PATH}:/opt/ros/humble /usr/bin/cmake /home/catherineschuch/lunabotics_ws/src/interfaces_pkg -DAMENT_CMAKE_SYMLINK_INSTALL=1 -DCMAKE_INSTALL_PREFIX=/home/catherineschuch/lunabotics_ws/install/interfaces_pkg
[7.347s] DEBUG:colcon.colcon_core.event_handler.log_command:Invoking command in '/home/catherineschuch/lunabotics_ws/build/interfaces_pkg': CMAKE_PREFIX_PATH=${CMAKE_PREFIX_PATH}:/opt/ros/humble /usr/bin/cmake --build /home/catherineschuch/lunabotics_ws/build/interfaces_pkg -- -j16 -l16
[10.390s] DEBUG:colcon.colcon_core.event_handler.log_command:Invoked command in '/home/catherineschuch/lunabotics_ws/build/interfaces_pkg' returned '0': CMAKE_PREFIX_PATH=${CMAKE_PREFIX_PATH}:/opt/ros/humble /usr/bin/cmake --build /home/catherineschuch/lunabotics_ws/build/interfaces_pkg -- -j16 -l16
[10.392s] DEBUG:colcon.colcon_core.event_handler.log_command:Invoking command in '/home/catherineschuch/lunabotics_ws/build/interfaces_pkg': CMAKE_PREFIX_PATH=${CMAKE_PREFIX_PATH}:/opt/ros/humble /usr/bin/cmake --install /home/catherineschuch/lunabotics_ws/build/interfaces_pkg
[10.911s] Level 1:colcon.colcon_core.environment:create_environment_scripts_only(interfaces_pkg)
[10.912s] DEBUG:colcon.colcon_core.event_handler.log_command:Invoked command in '/home/catherineschuch/lunabotics_ws/build/interfaces_pkg' returned '0': CMAKE_PREFIX_PATH=${CMAKE_PREFIX_PATH}:/opt/ros/humble /usr/bin/cmake --install /home/catherineschuch/lunabotics_ws/build/interfaces_pkg
[10.912s] Level 1:colcon.colcon_core.environment:checking '/home/catherineschuch/lunabotics_ws/install/interfaces_pkg' for CMake module files
[10.913s] Level 1:colcon.colcon_core.environment:checking '/home/catherineschuch/lunabotics_ws/install/interfaces_pkg' for CMake config files
[10.914s] Level 1:colcon.colcon_core.shell:create_environment_hook('interfaces_pkg', 'cmake_prefix_path')
[10.914s] INFO:colcon.colcon_core.shell:Creating environment hook '/home/catherineschuch/lunabotics_ws/install/interfaces_pkg/share/interfaces_pkg/hook/cmake_prefix_path.ps1'
[10.915s] INFO:colcon.colcon_core.shell:Creating environment descriptor '/home/catherineschuch/lunabotics_ws/install/interfaces_pkg/share/interfaces_pkg/hook/cmake_prefix_path.dsv'
[10.915s] INFO:colcon.colcon_core.shell:Creating environment hook '/home/catherineschuch/lunabotics_ws/install/interfaces_pkg/share/interfaces_pkg/hook/cmake_prefix_path.sh'
[10.916s] Level 1:colcon.colcon_core.environment:checking '/home/catherineschuch/lunabotics_ws/install/interfaces_pkg/lib'
[10.916s] Level 1:colcon.colcon_core.shell:create_environment_hook('interfaces_pkg', 'ld_library_path_lib')
[10.916s] INFO:colcon.colcon_core.shell:Creating environment hook '/home/catherineschuch/lunabotics_ws/install/interfaces_pkg/share/interfaces_pkg/hook/ld_library_path_lib.ps1'
[10.917s] INFO:colcon.colcon_core.shell:Creating environment descriptor '/home/catherineschuch/lunabotics_ws/install/interfaces_pkg/share/interfaces_pkg/hook/ld_library_path_lib.dsv'
[10.917s] INFO:colcon.colcon_core.shell:Creating environment hook '/home/catherineschuch/lunabotics_ws/install/interfaces_pkg/share/interfaces_pkg/hook/ld_library_path_lib.sh'
[10.918s] Level 1:colcon.colcon_core.environment:checking '/home/catherineschuch/lunabotics_ws/install/interfaces_pkg/bin'
[10.918s] Level 1:colcon.colcon_core.environment:checking '/home/catherineschuch/lunabotics_ws/install/interfaces_pkg/lib/pkgconfig/interfaces_pkg.pc'
[10.918s] Level 1:colcon.colcon_core.environment:checking '/home/catherineschuch/lunabotics_ws/install/interfaces_pkg/lib/python3.10/site-packages'
[10.918s] Level 1:colcon.colcon_core.environment:checking '/home/catherineschuch/lunabotics_ws/install/interfaces_pkg/bin'
[10.919s] INFO:colcon.colcon_core.shell:Creating package script '/home/catherineschuch/lunabotics_ws/install/interfaces_pkg/share/interfaces_pkg/package.ps1'
[10.919s] INFO:colcon.colcon_core.shell:Creating package descriptor '/home/catherineschuch/lunabotics_ws/install/interfaces_pkg/share/interfaces_pkg/package.dsv'
[10.920s] INFO:colcon.colcon_core.shell:Creating package script '/home/catherineschuch/lunabotics_ws/install/interfaces_pkg/share/interfaces_pkg/package.sh'
[10.920s] INFO:colcon.colcon_core.shell:Creating package script '/home/catherineschuch/lunabotics_ws/install/interfaces_pkg/share/interfaces_pkg/package.bash'
[10.921s] INFO:colcon.colcon_core.shell:Creating package script '/home/catherineschuch/lunabotics_ws/install/interfaces_pkg/share/interfaces_pkg/package.zsh'
[10.921s] Level 1:colcon.colcon_core.environment:create_file_with_runtime_dependencies(/home/catherineschuch/lunabotics_ws/install/interfaces_pkg/share/colcon-core/packages/interfaces_pkg)
[10.922s] Level 1:colcon.colcon_core.environment:create_environment_scripts_only(interfaces_pkg)
[10.922s] Level 1:colcon.colcon_core.environment:checking '/home/catherineschuch/lunabotics_ws/install/interfaces_pkg' for CMake module files
[10.923s] Level 1:colcon.colcon_core.environment:checking '/home/catherineschuch/lunabotics_ws/install/interfaces_pkg' for CMake config files
[10.923s] Level 1:colcon.colcon_core.shell:create_environment_hook('interfaces_pkg', 'cmake_prefix_path')
[10.924s] INFO:colcon.colcon_core.shell:Creating environment hook '/home/catherineschuch/lunabotics_ws/install/interfaces_pkg/share/interfaces_pkg/hook/cmake_prefix_path.ps1'
[10.924s] INFO:colcon.colcon_core.shell:Creating environment descriptor '/home/catherineschuch/lunabotics_ws/install/interfaces_pkg/share/interfaces_pkg/hook/cmake_prefix_path.dsv'
[10.924s] INFO:colcon.colcon_core.shell:Creating environment hook '/home/catherineschuch/lunabotics_ws/install/interfaces_pkg/share/interfaces_pkg/hook/cmake_prefix_path.sh'
[10.925s] Level 1:colcon.colcon_core.environment:checking '/home/catherineschuch/lunabotics_ws/install/interfaces_pkg/lib'
[10.925s] Level 1:colcon.colcon_core.shell:create_environment_hook('interfaces_pkg', 'ld_library_path_lib')
[10.925s] INFO:colcon.colcon_core.shell:Creating environment hook '/home/catherineschuch/lunabotics_ws/install/interfaces_pkg/share/interfaces_pkg/hook/ld_library_path_lib.ps1'
[10.925s] INFO:colcon.colcon_core.shell:Creating environment descriptor '/home/catherineschuch/lunabotics_ws/install/interfaces_pkg/share/interfaces_pkg/hook/ld_library_path_lib.dsv'
[10.925s] INFO:colcon.colcon_core.shell:Creating environment hook '/home/catherineschuch/lunabotics_ws/install/interfaces_pkg/share/interfaces_pkg/hook/ld_library_path_lib.sh'
[10.926s] Level 1:colcon.colcon_core.environment:checking '/home/catherineschuch/lunabotics_ws/install/interfaces_pkg/bin'
[10.926s] Level 1:colcon.colcon_core.environment:checking '/home/catherineschuch/lunabotics_ws/install/interfaces_pkg/lib/pkgconfig/interfaces_pkg.pc'
[10.926s] Level 1:colcon.colcon_core.environment:checking '/home/catherineschuch/lunabotics_ws/install/interfaces_pkg/lib/python3.10/site-packages'
[10.926s] Level 1:colcon.colcon_core.environment:checking '/home/catherineschuch/lunabotics_ws/install/interfaces_pkg/bin'
[10.926s] INFO:colcon.colcon_core.shell:Creating package script '/home/catherineschuch/lunabotics_ws/install/interfaces_pkg/share/interfaces_pkg/package.ps1'
[10.927s] INFO:colcon.colcon_core.shell:Creating package descriptor '/home/catherineschuch/lunabotics_ws/install/interfaces_pkg/share/interfaces_pkg/package.dsv'
[10.927s] INFO:colcon.colcon_core.shell:Creating package script '/home/catherineschuch/lunabotics_ws/install/interfaces_pkg/share/interfaces_pkg/package.sh'
[10.928s] INFO:colcon.colcon_core.shell:Creating package script '/home/catherineschuch/lunabotics_ws/install/interfaces_pkg/share/interfaces_pkg/package.bash'
[10.928s] INFO:colcon.colcon_core.shell:Creating package script '/home/catherineschuch/lunabotics_ws/install/interfaces_pkg/share/interfaces_pkg/package.zsh'
[10.928s] Level 1:colcon.colcon_core.environment:create_file_with_runtime_dependencies(/home/catherineschuch/lunabotics_ws/install/interfaces_pkg/share/colcon-core/packages/interfaces_pkg)
[10.929s] INFO:colcon.colcon_ros.task.ament_cmake.build:Building ROS package in '/home/catherineschuch/lunabotics_ws/src/control_pkg' with build type 'ament_cmake'
[10.929s] INFO:colcon.colcon_cmake.task.cmake.build:Building CMake package in '/home/catherineschuch/lunabotics_ws/src/control_pkg'
[10.929s] INFO:colcon.colcon_core.shell:Skip shell extension 'powershell' for command environment: Not usable outside of PowerShell
[10.929s] DEBUG:colcon.colcon_core.shell:Skip shell extension 'dsv' for command environment
[11.317s] DEBUG:colcon.colcon_core.event_handler.log_command:Invoking command in '/home/catherineschuch/lunabotics_ws/build/control_pkg': CMAKE_PREFIX_PATH=/home/catherineschuch/lunabotics_ws/install/interfaces_pkg:/home/catherineschuch/lunabotics_ws/install/webgui_pkg:/home/catherineschuch/lunabotics_ws/install/navigation_pkg:/home/catherineschuch/lunabotics_ws/install/control_pkg:/opt/ros/humble /usr/bin/cmake /home/catherineschuch/lunabotics_ws/src/control_pkg -DAMENT_CMAKE_SYMLINK_INSTALL=1 -DCMAKE_INSTALL_PREFIX=/home/catherineschuch/lunabotics_ws/install/control_pkg
[35.191s] DEBUG:colcon.colcon_core.event_handler.log_command:Invoked command in '/home/catherineschuch/lunabotics_ws/build/control_pkg' returned '1': CMAKE_PREFIX_PATH=/home/catherineschuch/lunabotics_ws/install/interfaces_pkg:/home/catherineschuch/lunabotics_ws/install/webgui_pkg:/home/catherineschuch/lunabotics_ws/install/navigation_pkg:/home/catherineschuch/lunabotics_ws/install/control_pkg:/opt/ros/humble /usr/bin/cmake /home/catherineschuch/lunabotics_ws/src/control_pkg -DAMENT_CMAKE_SYMLINK_INSTALL=1 -DCMAKE_INSTALL_PREFIX=/home/catherineschuch/lunabotics_ws/install/control_pkg
[35.203s] Level 1:colcon.colcon_core.environment:create_environment_scripts_only(control_pkg)
[35.204s] Level 1:colcon.colcon_core.environment:checking '/home/catherineschuch/lunabotics_ws/install/control_pkg' for CMake module files
[35.204s] Level 1:colcon.colcon_core.environment:checking '/home/catherineschuch/lunabotics_ws/install/control_pkg' for CMake config files
[35.204s] Level 1:colcon.colcon_core.environment:checking '/home/catherineschuch/lunabotics_ws/install/control_pkg/bin'
[35.204s] Level 1:colcon.colcon_core.environment:checking '/home/catherineschuch/lunabotics_ws/install/control_pkg/lib/pkgconfig/control_pkg.pc'
[35.205s] Level 1:colcon.colcon_core.environment:checking '/home/catherineschuch/lunabotics_ws/install/control_pkg/lib/python3.10/site-packages'
[35.205s] Level 1:colcon.colcon_core.environment:checking '/home/catherineschuch/lunabotics_ws/install/control_pkg/bin'
[35.205s] INFO:colcon.colcon_core.shell:Creating package script '/home/catherineschuch/lunabotics_ws/install/control_pkg/share/control_pkg/package.ps1'
[35.206s] INFO:colcon.colcon_core.shell:Creating package descriptor '/home/catherineschuch/lunabotics_ws/install/control_pkg/share/control_pkg/package.dsv'
[35.206s] INFO:colcon.colcon_core.shell:Creating package script '/home/catherineschuch/lunabotics_ws/install/control_pkg/share/control_pkg/package.sh'
[35.206s] INFO:colcon.colcon_core.shell:Creating package script '/home/catherineschuch/lunabotics_ws/install/control_pkg/share/control_pkg/package.bash'
[35.207s] INFO:colcon.colcon_core.shell:Creating package script '/home/catherineschuch/lunabotics_ws/install/control_pkg/share/control_pkg/package.zsh'
[35.207s] Level 1:colcon.colcon_core.environment:create_file_with_runtime_dependencies(/home/catherineschuch/lunabotics_ws/install/control_pkg/share/colcon-core/packages/control_pkg)
[35.218s] DEBUG:colcon.colcon_parallel_executor.executor.parallel:closing loop
[35.218s] DEBUG:colcon.colcon_parallel_executor.executor.parallel:loop closed
[35.218s] DEBUG:colcon.colcon_parallel_executor.executor.parallel:run_until_complete finished with '1'
[35.219s] DEBUG:colcon.colcon_core.event_reactor:joining thread
[35.409s] INFO:colcon.colcon_core.plugin_system:Skipping extension 'colcon_notification.desktop_notification.notify_send': Could not find 'notify-send'
[35.409s] INFO:colcon.colcon_core.plugin_system:Skipping extension 'colcon_notification.desktop_notification.terminal_notifier': Not used on non-Darwin systems
[35.409s] INFO:colcon.colcon_core.plugin_system:Skipping extension 'colcon_notification.desktop_notification.win32': Not used on non-Windows systems
[35.409s] INFO:colcon.colcon_notification.desktop_notification:Sending desktop notification using 'notify2'
[35.411s] DEBUG:colcon.colcon_notification.desktop_notification.notify2:Failed to initialize notify2: org.freedesktop.DBus.Error.ServiceUnknown: The name org.freedesktop.Notifications was not provided by any .service files
[35.412s] DEBUG:colcon.colcon_core.event_reactor:joined thread
[35.412s] INFO:colcon.colcon_core.shell:Creating prefix script '/home/catherineschuch/lunabotics_ws/install/local_setup.ps1'
[35.413s] INFO:colcon.colcon_core.shell:Creating prefix util module '/home/catherineschuch/lunabotics_ws/install/_local_setup_util_ps1.py'
[35.414s] INFO:colcon.colcon_core.shell:Creating prefix chain script '/home/catherineschuch/lunabotics_ws/install/setup.ps1'
[35.415s] INFO:colcon.colcon_core.shell:Creating prefix script '/home/catherineschuch/lunabotics_ws/install/local_setup.sh'
[35.415s] INFO:colcon.colcon_core.shell:Creating prefix util module '/home/catherineschuch/lunabotics_ws/install/_local_setup_util_sh.py'
[35.416s] INFO:colcon.colcon_core.shell:Creating prefix chain script '/home/catherineschuch/lunabotics_ws/install/setup.sh'
[35.417s] INFO:colcon.colcon_core.shell:Creating prefix script '/home/catherineschuch/lunabotics_ws/install/local_setup.bash'
[35.418s] INFO:colcon.colcon_core.shell:Creating prefix chain script '/home/catherineschuch/lunabotics_ws/install/setup.bash'
[35.419s] INFO:colcon.colcon_core.shell:Creating prefix script '/home/catherineschuch/lunabotics_ws/install/local_setup.zsh'
[35.419s] INFO:colcon.colcon_core.shell:Creating prefix chain script '/home/catherineschuch/lunabotics_ws/install/setup.zsh'
