[0.506s] DEBUG:colcon:Command line arguments: ['/usr/bin/colcon', 'build', '--symlink-install', '--packages-select', 'control_pkg']
[0.507s] DEBUG:colcon:Parsed command line arguments: Namespace(log_base=None, log_level=None, verb_name='build', build_base='build', install_base='install', merge_install=False, symlink_install=True, test_result_base=None, continue_on_error=False, executor='parallel', parallel_workers=16, event_handlers=None, ignore_user_meta=False, metas=['./colcon.meta'], base_paths=['.'], packages_ignore=None, packages_ignore_regex=None, paths=None, packages_up_to=None, packages_up_to_regex=None, packages_above=None, packages_above_and_dependencies=None, packages_above_depth=None, packages_select_by_dep=None, packages_skip_by_dep=None, packages_skip_up_to=None, packages_select_build_failed=False, packages_skip_build_finished=False, packages_select_test_failures=False, packages_skip_test_passed=False, packages_select=['control_pkg'], packages_skip=None, packages_select_regex=None, packages_skip_regex=None, packages_start=None, packages_end=None, allow_overriding=[], cmake_args=None, cmake_target=None, cmake_target_skip_unavailable=False, cmake_clean_cache=False, cmake_clean_first=False, cmake_force_configure=False, ament_cmake_args=None, catkin_cmake_args=None, catkin_skip_building_tests=False, mixin_files=None, mixin=None, verb_parser=<colcon_mixin.mixin.mixin_argument.MixinArgumentDecorator object at 0x7f6e49d5ad10>, verb_extension=<colcon_core.verb.build.BuildVerb object at 0x7f6e49d5a680>, main=<bound method BuildVerb.main of <colcon_core.verb.build.BuildVerb object at 0x7f6e49d5a680>>, mixin_verb=('build',))
[0.887s] Level 1:colcon.colcon_core.package_discovery:discover_packages(colcon_meta) check parameters
[0.887s] Level 1:colcon.colcon_core.package_discovery:discover_packages(recursive) check parameters
[0.887s] Level 1:colcon.colcon_core.package_discovery:discover_packages(ignore) check parameters
[0.887s] Level 1:colcon.colcon_core.package_discovery:discover_packages(path) check parameters
[0.887s] Level 1:colcon.colcon_core.package_discovery:discover_packages(colcon_meta) discover
[0.887s] Level 1:colcon.colcon_core.package_discovery:discover_packages(recursive) discover
[0.887s] INFO:colcon.colcon_core.package_discovery:Crawling recursively for packages in '/home/catherineschuch/lunabotics_ws'
[0.888s] Level 1:colcon.colcon_core.package_identification:_identify(.) by extensions ['ignore', 'ignore_ament_install']
[0.888s] Level 1:colcon.colcon_core.package_identification:_identify(.) by extension 'ignore'
[0.888s] Level 1:colcon.colcon_core.package_identification:_identify(.) by extension 'ignore_ament_install'
[0.888s] Level 1:colcon.colcon_core.package_identification:_identify(.) by extensions ['colcon_pkg']
[0.888s] Level 1:colcon.colcon_core.package_identification:_identify(.) by extension 'colcon_pkg'
[0.888s] Level 1:colcon.colcon_core.package_identification:_identify(.) by extensions ['colcon_meta']
[0.888s] Level 1:colcon.colcon_core.package_identification:_identify(.) by extension 'colcon_meta'
[0.888s] Level 1:colcon.colcon_core.package_identification:_identify(.) by extensions ['ros']
[0.888s] Level 1:colcon.colcon_core.package_identification:_identify(.) by extension 'ros'
[0.905s] Level 1:colcon.colcon_core.package_identification:_identify(.) by extensions ['cmake', 'python']
[0.905s] Level 1:colcon.colcon_core.package_identification:_identify(.) by extension 'cmake'
[0.905s] Level 1:colcon.colcon_core.package_identification:_identify(.) by extension 'python'
[0.905s] Level 1:colcon.colcon_core.package_identification:_identify(.) by extensions ['python_setup_py']
[0.905s] Level 1:colcon.colcon_core.package_identification:_identify(.) by extension 'python_setup_py'
[0.905s] Level 1:colcon.colcon_core.package_identification:_identify(build) by extensions ['ignore', 'ignore_ament_install']
[0.905s] Level 1:colcon.colcon_core.package_identification:_identify(build) by extension 'ignore'
[0.905s] Level 1:colcon.colcon_core.package_identification:_identify(build) ignored
[0.905s] Level 1:colcon.colcon_core.package_identification:_identify(install) by extensions ['ignore', 'ignore_ament_install']
[0.905s] Level 1:colcon.colcon_core.package_identification:_identify(install) by extension 'ignore'
[0.905s] Level 1:colcon.colcon_core.package_identification:_identify(install) ignored
[0.906s] Level 1:colcon.colcon_core.package_identification:_identify(launch) by extensions ['ignore', 'ignore_ament_install']
[0.906s] Level 1:colcon.colcon_core.package_identification:_identify(launch) by extension 'ignore'
[0.906s] Level 1:colcon.colcon_core.package_identification:_identify(launch) by extension 'ignore_ament_install'
[0.906s] Level 1:colcon.colcon_core.package_identification:_identify(launch) by extensions ['colcon_pkg']
[0.906s] Level 1:colcon.colcon_core.package_identification:_identify(launch) by extension 'colcon_pkg'
[0.906s] Level 1:colcon.colcon_core.package_identification:_identify(launch) by extensions ['colcon_meta']
[0.906s] Level 1:colcon.colcon_core.package_identification:_identify(launch) by extension 'colcon_meta'
[0.906s] Level 1:colcon.colcon_core.package_identification:_identify(launch) by extensions ['ros']
[0.906s] Level 1:colcon.colcon_core.package_identification:_identify(launch) by extension 'ros'
[0.906s] Level 1:colcon.colcon_core.package_identification:_identify(launch) by extensions ['cmake', 'python']
[0.906s] Level 1:colcon.colcon_core.package_identification:_identify(launch) by extension 'cmake'
[0.906s] Level 1:colcon.colcon_core.package_identification:_identify(launch) by extension 'python'
[0.906s] Level 1:colcon.colcon_core.package_identification:_identify(launch) by extensions ['python_setup_py']
[0.906s] Level 1:colcon.colcon_core.package_identification:_identify(launch) by extension 'python_setup_py'
[0.907s] Level 1:colcon.colcon_core.package_identification:_identify(log) by extensions ['ignore', 'ignore_ament_install']
[0.907s] Level 1:colcon.colcon_core.package_identification:_identify(log) by extension 'ignore'
[0.907s] Level 1:colcon.colcon_core.package_identification:_identify(log) ignored
[0.907s] Level 1:colcon.colcon_core.package_identification:_identify(src) by extensions ['ignore', 'ignore_ament_install']
[0.907s] Level 1:colcon.colcon_core.package_identification:_identify(src) by extension 'ignore'
[0.907s] Level 1:colcon.colcon_core.package_identification:_identify(src) by extension 'ignore_ament_install'
[0.907s] Level 1:colcon.colcon_core.package_identification:_identify(src) by extensions ['colcon_pkg']
[0.907s] Level 1:colcon.colcon_core.package_identification:_identify(src) by extension 'colcon_pkg'
[0.907s] Level 1:colcon.colcon_core.package_identification:_identify(src) by extensions ['colcon_meta']
[0.907s] Level 1:colcon.colcon_core.package_identification:_identify(src) by extension 'colcon_meta'
[0.907s] Level 1:colcon.colcon_core.package_identification:_identify(src) by extensions ['ros']
[0.907s] Level 1:colcon.colcon_core.package_identification:_identify(src) by extension 'ros'
[0.908s] Level 1:colcon.colcon_core.package_identification:_identify(src) by extensions ['cmake', 'python']
[0.908s] Level 1:colcon.colcon_core.package_identification:_identify(src) by extension 'cmake'
[0.908s] Level 1:colcon.colcon_core.package_identification:_identify(src) by extension 'python'
[0.908s] Level 1:colcon.colcon_core.package_identification:_identify(src) by extensions ['python_setup_py']
[0.908s] Level 1:colcon.colcon_core.package_identification:_identify(src) by extension 'python_setup_py'
[0.908s] Level 1:colcon.colcon_core.package_identification:_identify(src/control_pkg) by extensions ['ignore', 'ignore_ament_install']
[0.908s] Level 1:colcon.colcon_core.package_identification:_identify(src/control_pkg) by extension 'ignore'
[0.908s] Level 1:colcon.colcon_core.package_identification:_identify(src/control_pkg) by extension 'ignore_ament_install'
[0.908s] Level 1:colcon.colcon_core.package_identification:_identify(src/control_pkg) by extensions ['colcon_pkg']
[0.908s] Level 1:colcon.colcon_core.package_identification:_identify(src/control_pkg) by extension 'colcon_pkg'
[0.908s] Level 1:colcon.colcon_core.package_identification:_identify(src/control_pkg) by extensions ['colcon_meta']
[0.908s] Level 1:colcon.colcon_core.package_identification:_identify(src/control_pkg) by extension 'colcon_meta'
[0.908s] Level 1:colcon.colcon_core.package_identification:_identify(src/control_pkg) by extensions ['ros']
[0.908s] Level 1:colcon.colcon_core.package_identification:_identify(src/control_pkg) by extension 'ros'
[0.913s] DEBUG:colcon.colcon_core.package_identification:Package 'src/control_pkg' with type 'ros.ament_cmake' and name 'control_pkg'
[0.914s] Level 1:colcon.colcon_core.package_identification:_identify(src/interfaces_pkg) by extensions ['ignore', 'ignore_ament_install']
[0.914s] Level 1:colcon.colcon_core.package_identification:_identify(src/interfaces_pkg) by extension 'ignore'
[0.914s] Level 1:colcon.colcon_core.package_identification:_identify(src/interfaces_pkg) by extension 'ignore_ament_install'
[0.914s] Level 1:colcon.colcon_core.package_identification:_identify(src/interfaces_pkg) by extensions ['colcon_pkg']
[0.914s] Level 1:colcon.colcon_core.package_identification:_identify(src/interfaces_pkg) by extension 'colcon_pkg'
[0.914s] Level 1:colcon.colcon_core.package_identification:_identify(src/interfaces_pkg) by extensions ['colcon_meta']
[0.914s] Level 1:colcon.colcon_core.package_identification:_identify(src/interfaces_pkg) by extension 'colcon_meta'
[0.914s] Level 1:colcon.colcon_core.package_identification:_identify(src/interfaces_pkg) by extensions ['ros']
[0.914s] Level 1:colcon.colcon_core.package_identification:_identify(src/interfaces_pkg) by extension 'ros'
[0.915s] DEBUG:colcon.colcon_core.package_identification:Package 'src/interfaces_pkg' with type 'ros.ament_cmake' and name 'interfaces_pkg'
[0.916s] Level 1:colcon.colcon_core.package_identification:_identify(src/navigation_pkg) by extensions ['ignore', 'ignore_ament_install']
[0.916s] Level 1:colcon.colcon_core.package_identification:_identify(src/navigation_pkg) by extension 'ignore'
[0.916s] Level 1:colcon.colcon_core.package_identification:_identify(src/navigation_pkg) by extension 'ignore_ament_install'
[0.916s] Level 1:colcon.colcon_core.package_identification:_identify(src/navigation_pkg) by extensions ['colcon_pkg']
[0.916s] Level 1:colcon.colcon_core.package_identification:_identify(src/navigation_pkg) by extension 'colcon_pkg'
[0.916s] Level 1:colcon.colcon_core.package_identification:_identify(src/navigation_pkg) by extensions ['colcon_meta']
[0.916s] Level 1:colcon.colcon_core.package_identification:_identify(src/navigation_pkg) by extension 'colcon_meta'
[0.916s] Level 1:colcon.colcon_core.package_identification:_identify(src/navigation_pkg) by extensions ['ros']
[0.916s] Level 1:colcon.colcon_core.package_identification:_identify(src/navigation_pkg) by extension 'ros'
[0.917s] DEBUG:colcon.colcon_core.package_identification:Package 'src/navigation_pkg' with type 'ros.ament_cmake' and name 'navigation_pkg'
[0.917s] Level 1:colcon.colcon_core.package_identification:_identify(src/webgui_pkg) by extensions ['ignore', 'ignore_ament_install']
[0.917s] Level 1:colcon.colcon_core.package_identification:_identify(src/webgui_pkg) by extension 'ignore'
[0.917s] Level 1:colcon.colcon_core.package_identification:_identify(src/webgui_pkg) by extension 'ignore_ament_install'
[0.917s] Level 1:colcon.colcon_core.package_identification:_identify(src/webgui_pkg) by extensions ['colcon_pkg']
[0.917s] Level 1:colcon.colcon_core.package_identification:_identify(src/webgui_pkg) by extension 'colcon_pkg'
[0.917s] Level 1:colcon.colcon_core.package_identification:_identify(src/webgui_pkg) by extensions ['colcon_meta']
[0.917s] Level 1:colcon.colcon_core.package_identification:_identify(src/webgui_pkg) by extension 'colcon_meta'
[0.917s] Level 1:colcon.colcon_core.package_identification:_identify(src/webgui_pkg) by extensions ['ros']
[0.917s] Level 1:colcon.colcon_core.package_identification:_identify(src/webgui_pkg) by extension 'ros'
[0.918s] DEBUG:colcon.colcon_core.package_identification:Package 'src/webgui_pkg' with type 'ros.ament_cmake' and name 'webgui_pkg'
[0.918s] Level 1:colcon.colcon_core.package_discovery:discover_packages(recursive) using defaults
[0.918s] Level 1:colcon.colcon_core.package_discovery:discover_packages(ignore) discover
[0.918s] Level 1:colcon.colcon_core.package_discovery:discover_packages(ignore) using defaults
[0.918s] Level 1:colcon.colcon_core.package_discovery:discover_packages(path) discover
[0.918s] Level 1:colcon.colcon_core.package_discovery:discover_packages(path) using defaults
[0.962s] INFO:colcon.colcon_core.package_selection:Skipping not selected package 'interfaces_pkg' in 'src/interfaces_pkg'
[0.962s] INFO:colcon.colcon_core.package_selection:Skipping not selected package 'navigation_pkg' in 'src/navigation_pkg'
[0.962s] INFO:colcon.colcon_core.package_selection:Skipping not selected package 'webgui_pkg' in 'src/webgui_pkg'
[0.963s] Level 1:colcon.colcon_core.package_discovery:discover_packages(prefix_path) check parameters
[0.963s] Level 1:colcon.colcon_core.package_discovery:discover_packages(prefix_path) discover
[0.966s] WARNING:colcon.colcon_ros.prefix_path.ament:The path '/home/catherineschuch/lunabotics_ws/install/control_pkg' in the environment variable AMENT_PREFIX_PATH doesn't exist
[0.967s] WARNING:colcon.colcon_ros.prefix_path.catkin:The path '/home/catherineschuch/lunabotics_ws/install/control_pkg' in the environment variable CMAKE_PREFIX_PATH doesn't exist
[0.969s] DEBUG:colcon.colcon_installed_package_information.package_discovery:Found 3 installed packages in /home/catherineschuch/lunabotics_ws/install
[0.969s] DEBUG:colcon.colcon_installed_package_information.package_discovery:Found 0 installed packages in /home/catherineschuch/lunabotics-2025-temp/install
[0.971s] DEBUG:colcon.colcon_installed_package_information.package_discovery:Found 270 installed packages in /opt/ros/humble
[0.972s] Level 1:colcon.colcon_core.package_discovery:discover_packages(prefix_path) using defaults
[1.074s] Level 5:colcon.colcon_core.verb:set package 'control_pkg' build argument 'cmake_args' from command line to 'None'
[1.074s] Level 5:colcon.colcon_core.verb:set package 'control_pkg' build argument 'cmake_target' from command line to 'None'
[1.074s] Level 5:colcon.colcon_core.verb:set package 'control_pkg' build argument 'cmake_target_skip_unavailable' from command line to 'False'
[1.074s] Level 5:colcon.colcon_core.verb:set package 'control_pkg' build argument 'cmake_clean_cache' from command line to 'False'
[1.074s] Level 5:colcon.colcon_core.verb:set package 'control_pkg' build argument 'cmake_clean_first' from command line to 'False'
[1.074s] Level 5:colcon.colcon_core.verb:set package 'control_pkg' build argument 'cmake_force_configure' from command line to 'False'
[1.074s] Level 5:colcon.colcon_core.verb:set package 'control_pkg' build argument 'ament_cmake_args' from command line to 'None'
[1.074s] Level 5:colcon.colcon_core.verb:set package 'control_pkg' build argument 'catkin_cmake_args' from command line to 'None'
[1.074s] Level 5:colcon.colcon_core.verb:set package 'control_pkg' build argument 'catkin_skip_building_tests' from command line to 'False'
[1.074s] DEBUG:colcon.colcon_core.verb:Building package 'control_pkg' with the following arguments: {'ament_cmake_args': None, 'build_base': '/home/catherineschuch/lunabotics_ws/build/control_pkg', 'catkin_cmake_args': None, 'catkin_skip_building_tests': False, 'cmake_args': None, 'cmake_clean_cache': False, 'cmake_clean_first': False, 'cmake_force_configure': False, 'cmake_target': None, 'cmake_target_skip_unavailable': False, 'install_base': '/home/catherineschuch/lunabotics_ws/install/control_pkg', 'merge_install': False, 'path': '/home/catherineschuch/lunabotics_ws/src/control_pkg', 'symlink_install': True, 'test_result_base': None}
[1.074s] INFO:colcon.colcon_core.executor:Executing jobs using 'parallel' executor
[1.076s] DEBUG:colcon.colcon_parallel_executor.executor.parallel:run_until_complete
[1.076s] INFO:colcon.colcon_ros.task.ament_cmake.build:Building ROS package in '/home/catherineschuch/lunabotics_ws/src/control_pkg' with build type 'ament_cmake'
[1.076s] INFO:colcon.colcon_cmake.task.cmake.build:Building CMake package in '/home/catherineschuch/lunabotics_ws/src/control_pkg'
[1.083s] INFO:colcon.colcon_core.plugin_system:Skipping extension 'colcon_core.shell.bat': Not used on non-Windows systems
[1.083s] INFO:colcon.colcon_core.shell:Skip shell extension 'powershell' for command environment: Not usable outside of PowerShell
[1.083s] DEBUG:colcon.colcon_core.shell:Skip shell extension 'dsv' for command environment
[1.395s] DEBUG:colcon.colcon_core.event_handler.log_command:Invoking command in '/home/catherineschuch/lunabotics_ws/build/control_pkg': CMAKE_PREFIX_PATH=/home/catherineschuch/lunabotics_ws/install/interfaces_pkg:/home/catherineschuch/lunabotics_ws/install/webgui_pkg:/home/catherineschuch/lunabotics_ws/install/navigation_pkg:/home/catherineschuch/lunabotics_ws/install/control_pkg:/opt/ros/humble /usr/bin/cmake /home/catherineschuch/lunabotics_ws/src/control_pkg -DAMENT_CMAKE_SYMLINK_INSTALL=1 -DCMAKE_INSTALL_PREFIX=/home/catherineschuch/lunabotics_ws/install/control_pkg
[22.689s] DEBUG:colcon.colcon_core.event_handler.log_command:Invoked command in '/home/catherineschuch/lunabotics_ws/build/control_pkg' returned '0': CMAKE_PREFIX_PATH=/home/catherineschuch/lunabotics_ws/install/interfaces_pkg:/home/catherineschuch/lunabotics_ws/install/webgui_pkg:/home/catherineschuch/lunabotics_ws/install/navigation_pkg:/home/catherineschuch/lunabotics_ws/install/control_pkg:/opt/ros/humble /usr/bin/cmake /home/catherineschuch/lunabotics_ws/src/control_pkg -DAMENT_CMAKE_SYMLINK_INSTALL=1 -DCMAKE_INSTALL_PREFIX=/home/catherineschuch/lunabotics_ws/install/control_pkg
[22.691s] DEBUG:colcon.colcon_core.event_handler.log_command:Invoking command in '/home/catherineschuch/lunabotics_ws/build/control_pkg': CMAKE_PREFIX_PATH=/home/catherineschuch/lunabotics_ws/install/interfaces_pkg:/home/catherineschuch/lunabotics_ws/install/webgui_pkg:/home/catherineschuch/lunabotics_ws/install/navigation_pkg:/home/catherineschuch/lunabotics_ws/install/control_pkg:/opt/ros/humble /usr/bin/cmake --build /home/catherineschuch/lunabotics_ws/build/control_pkg -- -j16 -l16
[32.111s] DEBUG:colcon.colcon_core.event_handler.log_command:Invoked command in '/home/catherineschuch/lunabotics_ws/build/control_pkg' returned '0': CMAKE_PREFIX_PATH=/home/catherineschuch/lunabotics_ws/install/interfaces_pkg:/home/catherineschuch/lunabotics_ws/install/webgui_pkg:/home/catherineschuch/lunabotics_ws/install/navigation_pkg:/home/catherineschuch/lunabotics_ws/install/control_pkg:/opt/ros/humble /usr/bin/cmake --build /home/catherineschuch/lunabotics_ws/build/control_pkg -- -j16 -l16
[32.122s] DEBUG:colcon.colcon_core.event_handler.log_command:Invoking command in '/home/catherineschuch/lunabotics_ws/build/control_pkg': CMAKE_PREFIX_PATH=/home/catherineschuch/lunabotics_ws/install/interfaces_pkg:/home/catherineschuch/lunabotics_ws/install/webgui_pkg:/home/catherineschuch/lunabotics_ws/install/navigation_pkg:/home/catherineschuch/lunabotics_ws/install/control_pkg:/opt/ros/humble /usr/bin/cmake --install /home/catherineschuch/lunabotics_ws/build/control_pkg
[32.348s] Level 1:colcon.colcon_core.environment:create_environment_scripts_only(control_pkg)
[32.349s] DEBUG:colcon.colcon_core.event_handler.log_command:Invoked command in '/home/catherineschuch/lunabotics_ws/build/control_pkg' returned '0': CMAKE_PREFIX_PATH=/home/catherineschuch/lunabotics_ws/install/interfaces_pkg:/home/catherineschuch/lunabotics_ws/install/webgui_pkg:/home/catherineschuch/lunabotics_ws/install/navigation_pkg:/home/catherineschuch/lunabotics_ws/install/control_pkg:/opt/ros/humble /usr/bin/cmake --install /home/catherineschuch/lunabotics_ws/build/control_pkg
[32.357s] Level 1:colcon.colcon_core.environment:checking '/home/catherineschuch/lunabotics_ws/install/control_pkg' for CMake module files
[32.358s] Level 1:colcon.colcon_core.environment:checking '/home/catherineschuch/lunabotics_ws/install/control_pkg' for CMake config files
[32.358s] Level 1:colcon.colcon_core.shell:create_environment_hook('control_pkg', 'cmake_prefix_path')
[32.358s] INFO:colcon.colcon_core.shell:Creating environment hook '/home/catherineschuch/lunabotics_ws/install/control_pkg/share/control_pkg/hook/cmake_prefix_path.ps1'
[32.360s] INFO:colcon.colcon_core.shell:Creating environment descriptor '/home/catherineschuch/lunabotics_ws/install/control_pkg/share/control_pkg/hook/cmake_prefix_path.dsv'
[32.360s] INFO:colcon.colcon_core.shell:Creating environment hook '/home/catherineschuch/lunabotics_ws/install/control_pkg/share/control_pkg/hook/cmake_prefix_path.sh'
[32.361s] Level 1:colcon.colcon_core.environment:checking '/home/catherineschuch/lunabotics_ws/install/control_pkg/lib'
[32.362s] Level 1:colcon.colcon_core.environment:checking '/home/catherineschuch/lunabotics_ws/install/control_pkg/bin'
[32.362s] Level 1:colcon.colcon_core.environment:checking '/home/catherineschuch/lunabotics_ws/install/control_pkg/lib/pkgconfig/control_pkg.pc'
[32.362s] Level 1:colcon.colcon_core.environment:checking '/home/catherineschuch/lunabotics_ws/install/control_pkg/lib/python3.10/site-packages'
[32.362s] Level 1:colcon.colcon_core.environment:checking '/home/catherineschuch/lunabotics_ws/install/control_pkg/bin'
[32.362s] INFO:colcon.colcon_core.shell:Creating package script '/home/catherineschuch/lunabotics_ws/install/control_pkg/share/control_pkg/package.ps1'
[32.363s] INFO:colcon.colcon_core.shell:Creating package descriptor '/home/catherineschuch/lunabotics_ws/install/control_pkg/share/control_pkg/package.dsv'
[32.364s] INFO:colcon.colcon_core.shell:Creating package script '/home/catherineschuch/lunabotics_ws/install/control_pkg/share/control_pkg/package.sh'
[32.365s] INFO:colcon.colcon_core.shell:Creating package script '/home/catherineschuch/lunabotics_ws/install/control_pkg/share/control_pkg/package.bash'
[32.366s] INFO:colcon.colcon_core.shell:Creating package script '/home/catherineschuch/lunabotics_ws/install/control_pkg/share/control_pkg/package.zsh'
[32.368s] Level 1:colcon.colcon_core.environment:create_file_with_runtime_dependencies(/home/catherineschuch/lunabotics_ws/install/control_pkg/share/colcon-core/packages/control_pkg)
[32.369s] Level 1:colcon.colcon_core.environment:create_environment_scripts_only(control_pkg)
[32.369s] Level 1:colcon.colcon_core.environment:checking '/home/catherineschuch/lunabotics_ws/install/control_pkg' for CMake module files
[32.369s] Level 1:colcon.colcon_core.environment:checking '/home/catherineschuch/lunabotics_ws/install/control_pkg' for CMake config files
[32.370s] Level 1:colcon.colcon_core.shell:create_environment_hook('control_pkg', 'cmake_prefix_path')
[32.370s] INFO:colcon.colcon_core.shell:Creating environment hook '/home/catherineschuch/lunabotics_ws/install/control_pkg/share/control_pkg/hook/cmake_prefix_path.ps1'
[32.370s] INFO:colcon.colcon_core.shell:Creating environment descriptor '/home/catherineschuch/lunabotics_ws/install/control_pkg/share/control_pkg/hook/cmake_prefix_path.dsv'
[32.371s] INFO:colcon.colcon_core.shell:Creating environment hook '/home/catherineschuch/lunabotics_ws/install/control_pkg/share/control_pkg/hook/cmake_prefix_path.sh'
[32.371s] Level 1:colcon.colcon_core.environment:checking '/home/catherineschuch/lunabotics_ws/install/control_pkg/lib'
[32.371s] Level 1:colcon.colcon_core.environment:checking '/home/catherineschuch/lunabotics_ws/install/control_pkg/bin'
[32.371s] Level 1:colcon.colcon_core.environment:checking '/home/catherineschuch/lunabotics_ws/install/control_pkg/lib/pkgconfig/control_pkg.pc'
[32.371s] Level 1:colcon.colcon_core.environment:checking '/home/catherineschuch/lunabotics_ws/install/control_pkg/lib/python3.10/site-packages'
[32.372s] Level 1:colcon.colcon_core.environment:checking '/home/catherineschuch/lunabotics_ws/install/control_pkg/bin'
[32.372s] INFO:colcon.colcon_core.shell:Creating package script '/home/catherineschuch/lunabotics_ws/install/control_pkg/share/control_pkg/package.ps1'
[32.372s] INFO:colcon.colcon_core.shell:Creating package descriptor '/home/catherineschuch/lunabotics_ws/install/control_pkg/share/control_pkg/package.dsv'
[32.373s] INFO:colcon.colcon_core.shell:Creating package script '/home/catherineschuch/lunabotics_ws/install/control_pkg/share/control_pkg/package.sh'
[32.373s] INFO:colcon.colcon_core.shell:Creating package script '/home/catherineschuch/lunabotics_ws/install/control_pkg/share/control_pkg/package.bash'
[32.374s] INFO:colcon.colcon_core.shell:Creating package script '/home/catherineschuch/lunabotics_ws/install/control_pkg/share/control_pkg/package.zsh'
[32.374s] Level 1:colcon.colcon_core.environment:create_file_with_runtime_dependencies(/home/catherineschuch/lunabotics_ws/install/control_pkg/share/colcon-core/packages/control_pkg)
[32.374s] DEBUG:colcon.colcon_parallel_executor.executor.parallel:closing loop
[32.374s] DEBUG:colcon.colcon_parallel_executor.executor.parallel:loop closed
[32.375s] DEBUG:colcon.colcon_parallel_executor.executor.parallel:run_until_complete finished with '0'
[32.375s] DEBUG:colcon.colcon_core.event_reactor:joining thread
[32.569s] INFO:colcon.colcon_core.plugin_system:Skipping extension 'colcon_notification.desktop_notification.notify_send': Could not find 'notify-send'
[32.570s] INFO:colcon.colcon_core.plugin_system:Skipping extension 'colcon_notification.desktop_notification.terminal_notifier': Not used on non-Darwin systems
[32.570s] INFO:colcon.colcon_core.plugin_system:Skipping extension 'colcon_notification.desktop_notification.win32': Not used on non-Windows systems
[32.570s] INFO:colcon.colcon_notification.desktop_notification:Sending desktop notification using 'notify2'
[32.574s] DEBUG:colcon.colcon_notification.desktop_notification.notify2:Failed to initialize notify2: org.freedesktop.DBus.Error.ServiceUnknown: The name org.freedesktop.Notifications was not provided by any .service files
[32.574s] DEBUG:colcon.colcon_core.event_reactor:joined thread
[32.574s] INFO:colcon.colcon_core.shell:Creating prefix script '/home/catherineschuch/lunabotics_ws/install/local_setup.ps1'
[32.575s] INFO:colcon.colcon_core.shell:Creating prefix util module '/home/catherineschuch/lunabotics_ws/install/_local_setup_util_ps1.py'
[32.577s] INFO:colcon.colcon_core.shell:Creating prefix chain script '/home/catherineschuch/lunabotics_ws/install/setup.ps1'
[32.579s] INFO:colcon.colcon_core.shell:Creating prefix script '/home/catherineschuch/lunabotics_ws/install/local_setup.sh'
[32.579s] INFO:colcon.colcon_core.shell:Creating prefix util module '/home/catherineschuch/lunabotics_ws/install/_local_setup_util_sh.py'
[32.580s] INFO:colcon.colcon_core.shell:Creating prefix chain script '/home/catherineschuch/lunabotics_ws/install/setup.sh'
[32.581s] INFO:colcon.colcon_core.shell:Creating prefix script '/home/catherineschuch/lunabotics_ws/install/local_setup.bash'
[32.582s] INFO:colcon.colcon_core.shell:Creating prefix chain script '/home/catherineschuch/lunabotics_ws/install/setup.bash'
[32.584s] INFO:colcon.colcon_core.shell:Creating prefix script '/home/catherineschuch/lunabotics_ws/install/local_setup.zsh'
[32.585s] INFO:colcon.colcon_core.shell:Creating prefix chain script '/home/catherineschuch/lunabotics_ws/install/setup.zsh'
