[35m[1mConsolidate compiler generated dependencies of target drivetrain[0m
[  0%] Built target ament_cmake_python_symlink_control_pkg
[100%] Built target drivetrain
running egg_info
writing control_pkg.egg-info/PKG-INFO
writing dependency_links to control_pkg.egg-info/dependency_links.txt
writing top-level names to control_pkg.egg-info/top_level.txt
reading manifest file 'control_pkg.egg-info/SOURCES.txt'
writing manifest file 'control_pkg.egg-info/SOURCES.txt'
[100%] Built target ament_cmake_python_build_control_pkg_egg
-- Install configuration: ""
-- Execute custom install script
-- Up-to-date symlink: /home/catherineschuch/lunabotics_ws/install/control_pkg/lib/control_pkg/drivetrain
-- Up-to-date symlink: /home/catherineschuch/lunabotics_ws/install/control_pkg/share/control_pkg/environment/pythonpath.sh
-- Up-to-date symlink: /home/catherineschuch/lunabotics_ws/install/control_pkg/share/control_pkg/environment/pythonpath.dsv
-- Up-to-date symlink: /home/catherineschuch/lunabotics_ws/install/control_pkg/local/lib/python3.10/dist-packages/control_pkg-0.0.0-py3.10.egg-info/PKG-INFO
-- Up-to-date symlink: /home/catherineschuch/lunabotics_ws/install/control_pkg/local/lib/python3.10/dist-packages/control_pkg-0.0.0-py3.10.egg-info/SOURCES.txt
-- Up-to-date symlink: /home/catherineschuch/lunabotics_ws/install/control_pkg/local/lib/python3.10/dist-packages/control_pkg-0.0.0-py3.10.egg-info/dependency_links.txt
-- Up-to-date symlink: /home/catherineschuch/lunabotics_ws/install/control_pkg/local/lib/python3.10/dist-packages/control_pkg-0.0.0-py3.10.egg-info/top_level.txt
-- Up-to-date symlink: /home/catherineschuch/lunabotics_ws/install/control_pkg/local/lib/python3.10/dist-packages/control_pkg/__init__.py
-- Up-to-date symlink: /home/catherineschuch/lunabotics_ws/install/control_pkg/lib/control_pkg/testcontrol.py
-- Up-to-date symlink: /home/catherineschuch/lunabotics_ws/install/control_pkg/share/ament_index/resource_index/package_run_dependencies/control_pkg
-- Up-to-date symlink: /home/catherineschuch/lunabotics_ws/install/control_pkg/share/ament_index/resource_index/parent_prefix_path/control_pkg
-- Up-to-date symlink: /home/catherineschuch/lunabotics_ws/install/control_pkg/share/control_pkg/environment/ament_prefix_path.sh
-- Up-to-date symlink: /home/catherineschuch/lunabotics_ws/install/control_pkg/share/control_pkg/environment/ament_prefix_path.dsv
-- Up-to-date symlink: /home/catherineschuch/lunabotics_ws/install/control_pkg/share/control_pkg/environment/path.sh
-- Up-to-date symlink: /home/catherineschuch/lunabotics_ws/install/control_pkg/share/control_pkg/environment/path.dsv
-- Up-to-date symlink: /home/catherineschuch/lunabotics_ws/install/control_pkg/share/control_pkg/local_setup.bash
-- Up-to-date symlink: /home/catherineschuch/lunabotics_ws/install/control_pkg/share/control_pkg/local_setup.sh
-- Up-to-date symlink: /home/catherineschuch/lunabotics_ws/install/control_pkg/share/control_pkg/local_setup.zsh
-- Up-to-date symlink: /home/catherineschuch/lunabotics_ws/install/control_pkg/share/control_pkg/local_setup.dsv
-- Symlinking: /home/catherineschuch/lunabotics_ws/install/control_pkg/share/control_pkg/package.dsv
-- Up-to-date symlink: /home/catherineschuch/lunabotics_ws/install/control_pkg/share/ament_index/resource_index/packages/control_pkg
-- Up-to-date symlink: /home/catherineschuch/lunabotics_ws/install/control_pkg/share/control_pkg/cmake/control_pkgConfig.cmake
-- Up-to-date symlink: /home/catherineschuch/lunabotics_ws/install/control_pkg/share/control_pkg/cmake/control_pkgConfig-version.cmake
-- Up-to-date symlink: /home/catherineschuch/lunabotics_ws/install/control_pkg/share/control_pkg/package.xml
Listing '/home/catherineschuch/lunabotics_ws/install/control_pkg/local/lib/python3.10/dist-packages/control_pkg'...
