[0.380s] Invoking command in '/home/catherineschuch/lunabotics_ws/build/control_pkg': CMAKE_PREFIX_PATH=/home/catherineschuch/lunabotics_ws/install/interfaces_pkg:/home/catherineschuch/lunabotics_ws/install/webgui_pkg:/home/catherineschuch/lunabotics_ws/install/navigation_pkg:/home/catherineschuch/lunabotics_ws/install/control_pkg:/opt/ros/humble /usr/bin/cmake --build /home/catherineschuch/lunabotics_ws/build/control_pkg -- -j16 -l16
[0.471s] [35m[1mConsolidate compiler generated dependencies of target drivetrain[0m
[0.485s] [  0%] Built target ament_cmake_python_symlink_control_pkg
[0.486s] [100%] Built target drivetrain
[0.732s] running egg_info
[0.733s] writing control_pkg.egg-info/PKG-INFO
[0.733s] writing dependency_links to control_pkg.egg-info/dependency_links.txt
[0.733s] writing top-level names to control_pkg.egg-info/top_level.txt
[0.736s] reading manifest file 'control_pkg.egg-info/SOURCES.txt'
[0.737s] writing manifest file 'control_pkg.egg-info/SOURCES.txt'
[0.761s] [100%] Built target ament_cmake_python_build_control_pkg_egg
[0.771s] Invoked command in '/home/catherineschuch/lunabotics_ws/build/control_pkg' returned '0': CMAKE_PREFIX_PATH=/home/catherineschuch/lunabotics_ws/install/interfaces_pkg:/home/catherineschuch/lunabotics_ws/install/webgui_pkg:/home/catherineschuch/lunabotics_ws/install/navigation_pkg:/home/catherineschuch/lunabotics_ws/install/control_pkg:/opt/ros/humble /usr/bin/cmake --build /home/catherineschuch/lunabotics_ws/build/control_pkg -- -j16 -l16
[0.782s] Invoking command in '/home/catherineschuch/lunabotics_ws/build/control_pkg': CMAKE_PREFIX_PATH=/home/catherineschuch/lunabotics_ws/install/interfaces_pkg:/home/catherineschuch/lunabotics_ws/install/webgui_pkg:/home/catherineschuch/lunabotics_ws/install/navigation_pkg:/home/catherineschuch/lunabotics_ws/install/control_pkg:/opt/ros/humble /usr/bin/cmake --install /home/catherineschuch/lunabotics_ws/build/control_pkg
[0.788s] -- Install configuration: ""
[0.790s] -- Execute custom install script
[0.791s] -- Up-to-date symlink: /home/catherineschuch/lunabotics_ws/install/control_pkg/lib/control_pkg/drivetrain
[0.791s] -- Up-to-date symlink: /home/catherineschuch/lunabotics_ws/install/control_pkg/share/control_pkg/environment/pythonpath.sh
[0.792s] -- Up-to-date symlink: /home/catherineschuch/lunabotics_ws/install/control_pkg/share/control_pkg/environment/pythonpath.dsv
[0.792s] -- Up-to-date symlink: /home/catherineschuch/lunabotics_ws/install/control_pkg/local/lib/python3.10/dist-packages/control_pkg-0.0.0-py3.10.egg-info/PKG-INFO
[0.793s] -- Up-to-date symlink: /home/catherineschuch/lunabotics_ws/install/control_pkg/local/lib/python3.10/dist-packages/control_pkg-0.0.0-py3.10.egg-info/SOURCES.txt
[0.793s] -- Up-to-date symlink: /home/catherineschuch/lunabotics_ws/install/control_pkg/local/lib/python3.10/dist-packages/control_pkg-0.0.0-py3.10.egg-info/dependency_links.txt
[0.793s] -- Up-to-date symlink: /home/catherineschuch/lunabotics_ws/install/control_pkg/local/lib/python3.10/dist-packages/control_pkg-0.0.0-py3.10.egg-info/top_level.txt
[0.794s] -- Up-to-date symlink: /home/catherineschuch/lunabotics_ws/install/control_pkg/local/lib/python3.10/dist-packages/control_pkg/__init__.py
[0.795s] -- Up-to-date symlink: /home/catherineschuch/lunabotics_ws/install/control_pkg/lib/control_pkg/testcontrol.py
[0.795s] -- Up-to-date symlink: /home/catherineschuch/lunabotics_ws/install/control_pkg/share/ament_index/resource_index/package_run_dependencies/control_pkg
[0.795s] -- Up-to-date symlink: /home/catherineschuch/lunabotics_ws/install/control_pkg/share/ament_index/resource_index/parent_prefix_path/control_pkg
[0.796s] -- Up-to-date symlink: /home/catherineschuch/lunabotics_ws/install/control_pkg/share/control_pkg/environment/ament_prefix_path.sh
[0.796s] -- Up-to-date symlink: /home/catherineschuch/lunabotics_ws/install/control_pkg/share/control_pkg/environment/ament_prefix_path.dsv
[0.796s] -- Up-to-date symlink: /home/catherineschuch/lunabotics_ws/install/control_pkg/share/control_pkg/environment/path.sh
[0.797s] -- Up-to-date symlink: /home/catherineschuch/lunabotics_ws/install/control_pkg/share/control_pkg/environment/path.dsv
[0.797s] -- Up-to-date symlink: /home/catherineschuch/lunabotics_ws/install/control_pkg/share/control_pkg/local_setup.bash
[0.798s] -- Up-to-date symlink: /home/catherineschuch/lunabotics_ws/install/control_pkg/share/control_pkg/local_setup.sh
[0.798s] -- Up-to-date symlink: /home/catherineschuch/lunabotics_ws/install/control_pkg/share/control_pkg/local_setup.zsh
[0.799s] -- Up-to-date symlink: /home/catherineschuch/lunabotics_ws/install/control_pkg/share/control_pkg/local_setup.dsv
[0.799s] -- Symlinking: /home/catherineschuch/lunabotics_ws/install/control_pkg/share/control_pkg/package.dsv
[0.807s] -- Up-to-date symlink: /home/catherineschuch/lunabotics_ws/install/control_pkg/share/ament_index/resource_index/packages/control_pkg
[0.807s] -- Up-to-date symlink: /home/catherineschuch/lunabotics_ws/install/control_pkg/share/control_pkg/cmake/control_pkgConfig.cmake
[0.808s] -- Up-to-date symlink: /home/catherineschuch/lunabotics_ws/install/control_pkg/share/control_pkg/cmake/control_pkgConfig-version.cmake
[0.808s] -- Up-to-date symlink: /home/catherineschuch/lunabotics_ws/install/control_pkg/share/control_pkg/package.xml
[0.843s] Listing '/home/catherineschuch/lunabotics_ws/install/control_pkg/local/lib/python3.10/dist-packages/control_pkg'...
[0.851s] Invoked command in '/home/catherineschuch/lunabotics_ws/build/control_pkg' returned '0': CMAKE_PREFIX_PATH=/home/catherineschuch/lunabotics_ws/install/interfaces_pkg:/home/catherineschuch/lunabotics_ws/install/webgui_pkg:/home/catherineschuch/lunabotics_ws/install/navigation_pkg:/home/catherineschuch/lunabotics_ws/install/control_pkg:/opt/ros/humble /usr/bin/cmake --install /home/catherineschuch/lunabotics_ws/build/control_pkg
