[0.319s] Invoking command in '/home/catherineschuch/lunabotics_ws/build/control_pkg': CMAKE_PREFIX_PATH=/home/catherineschuch/lunabotics_ws/install/interfaces_pkg:/home/catherineschuch/lunabotics_ws/install/webgui_pkg:/home/catherineschuch/lunabotics_ws/install/navigation_pkg:/home/catherineschuch/lunabotics_ws/install/control_pkg:/opt/ros/humble /usr/bin/cmake /home/catherineschuch/lunabotics_ws/src/control_pkg -DAMENT_CMAKE_SYMLINK_INSTALL=1 -DCMAKE_INSTALL_PREFIX=/home/catherineschuch/lunabotics_ws/install/control_pkg
[0.821s] -- The C compiler identification is GNU 11.4.0
[2.349s] -- The CXX compiler identification is GNU 11.4.0
[3.585s] -- Detecting C compiler ABI info
[4.036s] -- Detecting C compiler ABI info - done
[4.045s] -- Check for working C compiler: /usr/bin/cc - skipped
[4.046s] -- Detecting C compile features
[4.047s] -- Detecting C compile features - done
[4.052s] -- Detecting CXX compiler ABI info
[4.508s] -- Detecting CXX compiler ABI info - done
[4.516s] -- Check for working CXX compiler: /usr/bin/c++ - skipped
[4.516s] -- Detecting CXX compile features
[4.517s] -- Detecting CXX compile features - done
[4.528s] -- Found ament_cmake: 1.3.11 (/opt/ros/humble/share/ament_cmake/cmake)
[4.694s] -- Found Python3: /usr/bin/python3 (found version "3.10.12") found components: Interpreter 
[4.774s] -- Override CMake install command with custom implementation using symlinks instead of copying resources
[4.817s] -- Found interfaces_pkg: 0.0.0 (/home/catherineschuch/lunabotics_ws/install/interfaces_pkg/share/interfaces_pkg/cmake)
[5.225s] -- Found rosidl_generator_c: 3.1.6 (/opt/ros/humble/share/rosidl_generator_c/cmake)
[5.233s] -- Found rosidl_adapter: 3.1.6 (/opt/ros/humble/share/rosidl_adapter/cmake)
[5.253s] -- Found rosidl_generator_cpp: 3.1.6 (/opt/ros/humble/share/rosidl_generator_cpp/cmake)
[5.279s] -- Using all available rosidl_typesupport_c: rosidl_typesupport_fastrtps_c;rosidl_typesupport_introspection_c
[5.305s] -- Using all available rosidl_typesupport_cpp: rosidl_typesupport_fastrtps_cpp;rosidl_typesupport_introspection_cpp
[5.325s] -- Found rclcpp: 16.0.11 (/opt/ros/humble/share/rclcpp/cmake)
[5.409s] -- Found rmw_implementation_cmake: 6.1.2 (/opt/ros/humble/share/rmw_implementation_cmake/cmake)
[5.415s] -- Found rmw_fastrtps_cpp: 6.2.7 (/opt/ros/humble/share/rmw_fastrtps_cpp/cmake)
[9.429s] -- Found OpenSSL: /usr/lib/x86_64-linux-gnu/libcrypto.so (found version "3.0.2")  
[13.231s] -- Found FastRTPS: /opt/ros/humble/include  
[20.487s] -- Using RMW implementation 'rmw_fastrtps_cpp' as default
[20.503s] -- Looking for pthread.h
[20.928s] -- Looking for pthread.h - found
[20.928s] -- Performing Test CMAKE_HAVE_LIBC_PTHREAD
[21.311s] -- Performing Test CMAKE_HAVE_LIBC_PTHREAD - Success
[21.312s] -- Found Threads: TRUE  
[21.393s] -- Found rclpy: 3.3.15 (/opt/ros/humble/share/rclpy/cmake)
[21.488s] -- Found ament_lint_auto: 0.12.11 (/opt/ros/humble/share/ament_lint_auto/cmake)
[21.580s] -- Added test 'cppcheck' to perform static code analysis on C / C++ code
[21.580s] -- Configured cppcheck include dirs: 
[21.580s] -- Configured cppcheck exclude dirs and/or files: 
[21.581s] -- Added test 'flake8' to check Python code syntax and style conventions
[21.582s] -- Added test 'lint_cmake' to check CMake code style
[21.583s] -- Added test 'pep257' to check Python code against some of the docstring style conventions in PEP 257
[21.585s] -- Added test 'uncrustify' to check C / C++ code style
[21.585s] -- Configured uncrustify additional arguments: 
[21.586s] -- Added test 'xmllint' to check XML markup files
[21.588s] -- Configuring done
[21.600s] -- Generating done
[21.604s] -- Build files have been written to: /home/catherineschuch/lunabotics_ws/build/control_pkg
[21.612s] Invoked command in '/home/catherineschuch/lunabotics_ws/build/control_pkg' returned '0': CMAKE_PREFIX_PATH=/home/catherineschuch/lunabotics_ws/install/interfaces_pkg:/home/catherineschuch/lunabotics_ws/install/webgui_pkg:/home/catherineschuch/lunabotics_ws/install/navigation_pkg:/home/catherineschuch/lunabotics_ws/install/control_pkg:/opt/ros/humble /usr/bin/cmake /home/catherineschuch/lunabotics_ws/src/control_pkg -DAMENT_CMAKE_SYMLINK_INSTALL=1 -DCMAKE_INSTALL_PREFIX=/home/catherineschuch/lunabotics_ws/install/control_pkg
[21.615s] Invoking command in '/home/catherineschuch/lunabotics_ws/build/control_pkg': CMAKE_PREFIX_PATH=/home/catherineschuch/lunabotics_ws/install/interfaces_pkg:/home/catherineschuch/lunabotics_ws/install/webgui_pkg:/home/catherineschuch/lunabotics_ws/install/navigation_pkg:/home/catherineschuch/lunabotics_ws/install/control_pkg:/opt/ros/humble /usr/bin/cmake --build /home/catherineschuch/lunabotics_ws/build/control_pkg -- -j16 -l16
[21.656s] [ 50%] [32mBuilding CXX object CMakeFiles/drivetrain.dir/src/drivetrain.cpp.o[0m
[21.663s] [ 50%] Built target ament_cmake_python_symlink_control_pkg
[21.911s] running egg_info
[21.912s] creating control_pkg.egg-info
[21.912s] writing control_pkg.egg-info/PKG-INFO
[21.913s] writing dependency_links to control_pkg.egg-info/dependency_links.txt
[21.913s] writing top-level names to control_pkg.egg-info/top_level.txt
[21.913s] writing manifest file 'control_pkg.egg-info/SOURCES.txt'
[21.916s] reading manifest file 'control_pkg.egg-info/SOURCES.txt'
[21.917s] writing manifest file 'control_pkg.egg-info/SOURCES.txt'
[21.942s] [ 50%] Built target ament_cmake_python_build_control_pkg_egg
[30.254s] [100%] [32m[1mLinking CXX executable drivetrain[0m
[31.023s] [100%] Built target drivetrain
[31.035s] Invoked command in '/home/catherineschuch/lunabotics_ws/build/control_pkg' returned '0': CMAKE_PREFIX_PATH=/home/catherineschuch/lunabotics_ws/install/interfaces_pkg:/home/catherineschuch/lunabotics_ws/install/webgui_pkg:/home/catherineschuch/lunabotics_ws/install/navigation_pkg:/home/catherineschuch/lunabotics_ws/install/control_pkg:/opt/ros/humble /usr/bin/cmake --build /home/catherineschuch/lunabotics_ws/build/control_pkg -- -j16 -l16
[31.046s] Invoking command in '/home/catherineschuch/lunabotics_ws/build/control_pkg': CMAKE_PREFIX_PATH=/home/catherineschuch/lunabotics_ws/install/interfaces_pkg:/home/catherineschuch/lunabotics_ws/install/webgui_pkg:/home/catherineschuch/lunabotics_ws/install/navigation_pkg:/home/catherineschuch/lunabotics_ws/install/control_pkg:/opt/ros/humble /usr/bin/cmake --install /home/catherineschuch/lunabotics_ws/build/control_pkg
[31.052s] -- Install configuration: ""
[31.052s] -- Execute custom install script
[31.053s] -- Symlinking: /home/catherineschuch/lunabotics_ws/install/control_pkg/lib/control_pkg/drivetrain
[31.061s] -- Symlinking: /home/catherineschuch/lunabotics_ws/install/control_pkg/share/control_pkg/environment/pythonpath.sh
[31.069s] -- Symlinking: /home/catherineschuch/lunabotics_ws/install/control_pkg/share/control_pkg/environment/pythonpath.dsv
[31.076s] -- Symlinking: /home/catherineschuch/lunabotics_ws/install/control_pkg/local/lib/python3.10/dist-packages/control_pkg-0.0.0-py3.10.egg-info/PKG-INFO
[31.084s] -- Symlinking: /home/catherineschuch/lunabotics_ws/install/control_pkg/local/lib/python3.10/dist-packages/control_pkg-0.0.0-py3.10.egg-info/SOURCES.txt
[31.090s] -- Symlinking: /home/catherineschuch/lunabotics_ws/install/control_pkg/local/lib/python3.10/dist-packages/control_pkg-0.0.0-py3.10.egg-info/dependency_links.txt
[31.097s] -- Symlinking: /home/catherineschuch/lunabotics_ws/install/control_pkg/local/lib/python3.10/dist-packages/control_pkg-0.0.0-py3.10.egg-info/top_level.txt
[31.104s] -- Symlinking: /home/catherineschuch/lunabotics_ws/install/control_pkg/local/lib/python3.10/dist-packages/control_pkg/__init__.py
[31.111s] -- Symlinking: /home/catherineschuch/lunabotics_ws/install/control_pkg/lib/control_pkg/testcontrol.py
[31.119s] -- Symlinking: /home/catherineschuch/lunabotics_ws/install/control_pkg/share/ament_index/resource_index/package_run_dependencies/control_pkg
[31.127s] -- Symlinking: /home/catherineschuch/lunabotics_ws/install/control_pkg/share/ament_index/resource_index/parent_prefix_path/control_pkg
[31.134s] -- Symlinking: /home/catherineschuch/lunabotics_ws/install/control_pkg/share/control_pkg/environment/ament_prefix_path.sh
[31.141s] -- Symlinking: /home/catherineschuch/lunabotics_ws/install/control_pkg/share/control_pkg/environment/ament_prefix_path.dsv
[31.148s] -- Symlinking: /home/catherineschuch/lunabotics_ws/install/control_pkg/share/control_pkg/environment/path.sh
[31.155s] -- Symlinking: /home/catherineschuch/lunabotics_ws/install/control_pkg/share/control_pkg/environment/path.dsv
[31.162s] -- Symlinking: /home/catherineschuch/lunabotics_ws/install/control_pkg/share/control_pkg/local_setup.bash
[31.168s] -- Symlinking: /home/catherineschuch/lunabotics_ws/install/control_pkg/share/control_pkg/local_setup.sh
[31.175s] -- Symlinking: /home/catherineschuch/lunabotics_ws/install/control_pkg/share/control_pkg/local_setup.zsh
[31.184s] -- Symlinking: /home/catherineschuch/lunabotics_ws/install/control_pkg/share/control_pkg/local_setup.dsv
[31.191s] -- Symlinking: /home/catherineschuch/lunabotics_ws/install/control_pkg/share/control_pkg/package.dsv
[31.199s] -- Symlinking: /home/catherineschuch/lunabotics_ws/install/control_pkg/share/ament_index/resource_index/packages/control_pkg
[31.207s] -- Symlinking: /home/catherineschuch/lunabotics_ws/install/control_pkg/share/control_pkg/cmake/control_pkgConfig.cmake
[31.214s] -- Symlinking: /home/catherineschuch/lunabotics_ws/install/control_pkg/share/control_pkg/cmake/control_pkgConfig-version.cmake
[31.221s] -- Symlinking: /home/catherineschuch/lunabotics_ws/install/control_pkg/share/control_pkg/package.xml
[31.265s] Listing '/home/catherineschuch/lunabotics_ws/install/control_pkg/local/lib/python3.10/dist-packages/control_pkg'...
[31.265s] Compiling '/home/catherineschuch/lunabotics_ws/install/control_pkg/local/lib/python3.10/dist-packages/control_pkg/__init__.py'...
[31.273s] Invoked command in '/home/catherineschuch/lunabotics_ws/build/control_pkg' returned '0': CMAKE_PREFIX_PATH=/home/catherineschuch/lunabotics_ws/install/interfaces_pkg:/home/catherineschuch/lunabotics_ws/install/webgui_pkg:/home/catherineschuch/lunabotics_ws/install/navigation_pkg:/home/catherineschuch/lunabotics_ws/install/control_pkg:/opt/ros/humble /usr/bin/cmake --install /home/catherineschuch/lunabotics_ws/build/control_pkg
