[0.253s] Invoking command in '/home/catherineschuch/lunabotics_ws/build/control_pkg': CMAKE_PREFIX_PATH=/home/catherineschuch/lunabotics_ws/install/interfaces_pkg:/home/catherineschuch/lunabotics_ws/install/webgui_pkg:/home/catherineschuch/lunabotics_ws/install/navigation_pkg:/home/catherineschuch/lunabotics_ws/install/control_pkg:/opt/ros/humble /usr/bin/cmake /home/catherineschuch/lunabotics_ws/src/control_pkg -DAMENT_CMAKE_SYMLINK_INSTALL=1 -DCMAKE_INSTALL_PREFIX=/home/catherineschuch/lunabotics_ws/install/control_pkg
[0.575s] -- The C compiler identification is GNU 11.4.0
[1.972s] -- The CXX compiler identification is GNU 11.4.0
[2.857s] -- Detecting C compiler ABI info
[3.183s] -- Detecting C compiler ABI info - done
[3.191s] -- Check for working C compiler: /usr/bin/cc - skipped
[3.193s] -- Detecting C compile features
[3.194s] -- Detecting C compile features - done
[3.200s] -- Detecting CXX compiler ABI info
[3.448s] -- Detecting CXX compiler ABI info - done
[3.455s] -- Check for working CXX compiler: /usr/bin/c++ - skipped
[3.455s] -- Detecting CXX compile features
[3.456s] -- Detecting CXX compile features - done
[3.476s] -- Found ament_cmake: 1.3.11 (/opt/ros/humble/share/ament_cmake/cmake)
[3.645s] -- Found Python3: /usr/bin/python3 (found version "3.10.12") found components: Interpreter 
[3.731s] -- Override CMake install command with custom implementation using symlinks instead of copying resources
[3.777s] -- Found interfaces_pkg: 0.0.0 (/home/catherineschuch/lunabotics_ws/install/interfaces_pkg/share/interfaces_pkg/cmake)
[4.145s] -- Found rosidl_generator_c: 3.1.6 (/opt/ros/humble/share/rosidl_generator_c/cmake)
[4.152s] -- Found rosidl_adapter: 3.1.6 (/opt/ros/humble/share/rosidl_adapter/cmake)
[4.167s] -- Found rosidl_generator_cpp: 3.1.6 (/opt/ros/humble/share/rosidl_generator_cpp/cmake)
[4.188s] -- Using all available rosidl_typesupport_c: rosidl_typesupport_fastrtps_c;rosidl_typesupport_introspection_c
[4.216s] -- Using all available rosidl_typesupport_cpp: rosidl_typesupport_fastrtps_cpp;rosidl_typesupport_introspection_cpp
[4.238s] -- Found rclcpp: 16.0.11 (/opt/ros/humble/share/rclcpp/cmake)
[4.326s] -- Found rmw_implementation_cmake: 6.1.2 (/opt/ros/humble/share/rmw_implementation_cmake/cmake)
[4.331s] -- Found rmw_fastrtps_cpp: 6.2.7 (/opt/ros/humble/share/rmw_fastrtps_cpp/cmake)
[8.160s] -- Found OpenSSL: /usr/lib/x86_64-linux-gnu/libcrypto.so (found version "3.0.2")  
[11.881s] -- Found FastRTPS: /opt/ros/humble/include  
[20.631s] -- Using RMW implementation 'rmw_fastrtps_cpp' as default
[20.656s] -- Looking for pthread.h
[20.979s] -- Looking for pthread.h - found
[20.980s] -- Performing Test CMAKE_HAVE_LIBC_PTHREAD
[21.283s] -- Performing Test CMAKE_HAVE_LIBC_PTHREAD - Success
[21.284s] -- Found Threads: TRUE  
[21.400s] -- Found rclpy: 3.3.15 (/opt/ros/humble/share/rclpy/cmake)
[21.494s] -- Found ament_lint_auto: 0.12.11 (/opt/ros/humble/share/ament_lint_auto/cmake)
[21.592s] -- Added test 'cppcheck' to perform static code analysis on C / C++ code
[21.593s] -- Configured cppcheck include dirs: 
[21.593s] -- Configured cppcheck exclude dirs and/or files: 
[21.594s] -- Added test 'flake8' to check Python code syntax and style conventions
[21.594s] -- Added test 'lint_cmake' to check CMake code style
[21.595s] -- Added test 'pep257' to check Python code against some of the docstring style conventions in PEP 257
[21.597s] -- Added test 'uncrustify' to check C / C++ code style
[21.597s] -- Configured uncrustify additional arguments: 
[21.598s] -- Added test 'xmllint' to check XML markup files
[21.600s] -- Configuring done
[21.610s] -- Generating done
[21.614s] -- Build files have been written to: /home/catherineschuch/lunabotics_ws/build/control_pkg
[21.624s] Invoked command in '/home/catherineschuch/lunabotics_ws/build/control_pkg' returned '0': CMAKE_PREFIX_PATH=/home/catherineschuch/lunabotics_ws/install/interfaces_pkg:/home/catherineschuch/lunabotics_ws/install/webgui_pkg:/home/catherineschuch/lunabotics_ws/install/navigation_pkg:/home/catherineschuch/lunabotics_ws/install/control_pkg:/opt/ros/humble /usr/bin/cmake /home/catherineschuch/lunabotics_ws/src/control_pkg -DAMENT_CMAKE_SYMLINK_INSTALL=1 -DCMAKE_INSTALL_PREFIX=/home/catherineschuch/lunabotics_ws/install/control_pkg
[21.627s] Invoking command in '/home/catherineschuch/lunabotics_ws/build/control_pkg': CMAKE_PREFIX_PATH=/home/catherineschuch/lunabotics_ws/install/interfaces_pkg:/home/catherineschuch/lunabotics_ws/install/webgui_pkg:/home/catherineschuch/lunabotics_ws/install/navigation_pkg:/home/catherineschuch/lunabotics_ws/install/control_pkg:/opt/ros/humble /usr/bin/cmake --build /home/catherineschuch/lunabotics_ws/build/control_pkg -- -j16 -l16
[21.671s] [ 50%] [32mBuilding CXX object CMakeFiles/drivetrain.dir/src/drivetrain.cpp.o[0m
[21.678s] [ 50%] Built target ament_cmake_python_symlink_control_pkg
[21.911s] running egg_info
[21.912s] creating control_pkg.egg-info
[21.912s] writing control_pkg.egg-info/PKG-INFO
[21.912s] writing dependency_links to control_pkg.egg-info/dependency_links.txt
[21.912s] writing top-level names to control_pkg.egg-info/top_level.txt
[21.913s] writing manifest file 'control_pkg.egg-info/SOURCES.txt'
[21.916s] reading manifest file 'control_pkg.egg-info/SOURCES.txt'
[21.916s] writing manifest file 'control_pkg.egg-info/SOURCES.txt'
[21.943s] [ 50%] Built target ament_cmake_python_build_control_pkg_egg
[30.468s] [100%] [32m[1mLinking CXX executable drivetrain[0m
[31.143s] [100%] Built target drivetrain
[31.155s] Invoked command in '/home/catherineschuch/lunabotics_ws/build/control_pkg' returned '0': CMAKE_PREFIX_PATH=/home/catherineschuch/lunabotics_ws/install/interfaces_pkg:/home/catherineschuch/lunabotics_ws/install/webgui_pkg:/home/catherineschuch/lunabotics_ws/install/navigation_pkg:/home/catherineschuch/lunabotics_ws/install/control_pkg:/opt/ros/humble /usr/bin/cmake --build /home/catherineschuch/lunabotics_ws/build/control_pkg -- -j16 -l16
[31.163s] Invoking command in '/home/catherineschuch/lunabotics_ws/build/control_pkg': CMAKE_PREFIX_PATH=/home/catherineschuch/lunabotics_ws/install/interfaces_pkg:/home/catherineschuch/lunabotics_ws/install/webgui_pkg:/home/catherineschuch/lunabotics_ws/install/navigation_pkg:/home/catherineschuch/lunabotics_ws/install/control_pkg:/opt/ros/humble /usr/bin/cmake --install /home/catherineschuch/lunabotics_ws/build/control_pkg
[31.169s] -- Install configuration: ""
[31.170s] -- Execute custom install script
[31.171s] -- Symlinking: /home/catherineschuch/lunabotics_ws/install/control_pkg/lib/control_pkg/drivetrain
[31.178s] -- Symlinking: /home/catherineschuch/lunabotics_ws/install/control_pkg/share/control_pkg/environment/pythonpath.sh
[31.186s] -- Symlinking: /home/catherineschuch/lunabotics_ws/install/control_pkg/share/control_pkg/environment/pythonpath.dsv
[31.194s] -- Symlinking: /home/catherineschuch/lunabotics_ws/install/control_pkg/local/lib/python3.10/dist-packages/control_pkg-0.0.0-py3.10.egg-info/PKG-INFO
[31.201s] -- Symlinking: /home/catherineschuch/lunabotics_ws/install/control_pkg/local/lib/python3.10/dist-packages/control_pkg-0.0.0-py3.10.egg-info/SOURCES.txt
[31.210s] -- Symlinking: /home/catherineschuch/lunabotics_ws/install/control_pkg/local/lib/python3.10/dist-packages/control_pkg-0.0.0-py3.10.egg-info/dependency_links.txt
[31.217s] -- Symlinking: /home/catherineschuch/lunabotics_ws/install/control_pkg/local/lib/python3.10/dist-packages/control_pkg-0.0.0-py3.10.egg-info/top_level.txt
[31.224s] -- Symlinking: /home/catherineschuch/lunabotics_ws/install/control_pkg/local/lib/python3.10/dist-packages/control_pkg/__init__.py
[31.231s] -- Symlinking: /home/catherineschuch/lunabotics_ws/install/control_pkg/lib/control_pkg/testcontrol.py
[31.239s] -- Symlinking: /home/catherineschuch/lunabotics_ws/install/control_pkg/share/ament_index/resource_index/package_run_dependencies/control_pkg
[31.246s] -- Symlinking: /home/catherineschuch/lunabotics_ws/install/control_pkg/share/ament_index/resource_index/parent_prefix_path/control_pkg
[31.253s] -- Symlinking: /home/catherineschuch/lunabotics_ws/install/control_pkg/share/control_pkg/environment/ament_prefix_path.sh
[31.261s] -- Symlinking: /home/catherineschuch/lunabotics_ws/install/control_pkg/share/control_pkg/environment/ament_prefix_path.dsv
[31.268s] -- Symlinking: /home/catherineschuch/lunabotics_ws/install/control_pkg/share/control_pkg/environment/path.sh
[31.276s] -- Symlinking: /home/catherineschuch/lunabotics_ws/install/control_pkg/share/control_pkg/environment/path.dsv
[31.284s] -- Symlinking: /home/catherineschuch/lunabotics_ws/install/control_pkg/share/control_pkg/local_setup.bash
[31.291s] -- Symlinking: /home/catherineschuch/lunabotics_ws/install/control_pkg/share/control_pkg/local_setup.sh
[31.299s] -- Symlinking: /home/catherineschuch/lunabotics_ws/install/control_pkg/share/control_pkg/local_setup.zsh
[31.307s] -- Symlinking: /home/catherineschuch/lunabotics_ws/install/control_pkg/share/control_pkg/local_setup.dsv
[31.314s] -- Symlinking: /home/catherineschuch/lunabotics_ws/install/control_pkg/share/control_pkg/package.dsv
[31.321s] -- Symlinking: /home/catherineschuch/lunabotics_ws/install/control_pkg/share/ament_index/resource_index/packages/control_pkg
[31.328s] -- Symlinking: /home/catherineschuch/lunabotics_ws/install/control_pkg/share/control_pkg/cmake/control_pkgConfig.cmake
[31.336s] -- Symlinking: /home/catherineschuch/lunabotics_ws/install/control_pkg/share/control_pkg/cmake/control_pkgConfig-version.cmake
[31.344s] -- Symlinking: /home/catherineschuch/lunabotics_ws/install/control_pkg/share/control_pkg/package.xml
[31.395s] Listing '/home/catherineschuch/lunabotics_ws/install/control_pkg/local/lib/python3.10/dist-packages/control_pkg'...
[31.395s] Compiling '/home/catherineschuch/lunabotics_ws/install/control_pkg/local/lib/python3.10/dist-packages/control_pkg/__init__.py'...
[31.402s] Invoked command in '/home/catherineschuch/lunabotics_ws/build/control_pkg' returned '0': CMAKE_PREFIX_PATH=/home/catherineschuch/lunabotics_ws/install/interfaces_pkg:/home/catherineschuch/lunabotics_ws/install/webgui_pkg:/home/catherineschuch/lunabotics_ws/install/navigation_pkg:/home/catherineschuch/lunabotics_ws/install/control_pkg:/opt/ros/humble /usr/bin/cmake --install /home/catherineschuch/lunabotics_ws/build/control_pkg
