[0.620s] DEBUG:colcon:Command line arguments: ['/usr/bin/colcon', 'build', '--symlink-install', '--packages-select', 'control_pkg']
[0.620s] DEBUG:colcon:Parsed command line arguments: Namespace(log_base=None, log_level=None, verb_name='build', build_base='build', install_base='install', merge_install=False, symlink_install=True, test_result_base=None, continue_on_error=False, executor='parallel', parallel_workers=16, event_handlers=None, ignore_user_meta=False, metas=['./colcon.meta'], base_paths=['.'], packages_ignore=None, packages_ignore_regex=None, paths=None, packages_up_to=None, packages_up_to_regex=None, packages_above=None, packages_above_and_dependencies=None, packages_above_depth=None, packages_select_by_dep=None, packages_skip_by_dep=None, packages_skip_up_to=None, packages_select_build_failed=False, packages_skip_build_finished=False, packages_select_test_failures=False, packages_skip_test_passed=False, packages_select=['control_pkg'], packages_skip=None, packages_select_regex=None, packages_skip_regex=None, packages_start=None, packages_end=None, allow_overriding=[], cmake_args=None, cmake_target=None, cmake_target_skip_unavailable=False, cmake_clean_cache=False, cmake_clean_first=False, cmake_force_configure=False, ament_cmake_args=None, catkin_cmake_args=None, catkin_skip_building_tests=False, mixin_files=None, mixin=None, verb_parser=<colcon_mixin.mixin.mixin_argument.MixinArgumentDecorator object at 0x7f0f795bed10>, verb_extension=<colcon_core.verb.build.BuildVerb object at 0x7f0f795be680>, main=<bound method BuildVerb.main of <colcon_core.verb.build.BuildVerb object at 0x7f0f795be680>>, mixin_verb=('build',))
[1.066s] Level 1:colcon.colcon_core.package_discovery:discover_packages(colcon_meta) check parameters
[1.067s] Level 1:colcon.colcon_core.package_discovery:discover_packages(recursive) check parameters
[1.067s] Level 1:colcon.colcon_core.package_discovery:discover_packages(ignore) check parameters
[1.067s] Level 1:colcon.colcon_core.package_discovery:discover_packages(path) check parameters
[1.067s] Level 1:colcon.colcon_core.package_discovery:discover_packages(colcon_meta) discover
[1.067s] Level 1:colcon.colcon_core.package_discovery:discover_packages(recursive) discover
[1.067s] INFO:colcon.colcon_core.package_discovery:Crawling recursively for packages in '/home/catherineschuch/lunabotics_ws'
[1.067s] Level 1:colcon.colcon_core.package_identification:_identify(.) by extensions ['ignore', 'ignore_ament_install']
[1.067s] Level 1:colcon.colcon_core.package_identification:_identify(.) by extension 'ignore'
[1.067s] Level 1:colcon.colcon_core.package_identification:_identify(.) by extension 'ignore_ament_install'
[1.067s] Level 1:colcon.colcon_core.package_identification:_identify(.) by extensions ['colcon_pkg']
[1.067s] Level 1:colcon.colcon_core.package_identification:_identify(.) by extension 'colcon_pkg'
[1.067s] Level 1:colcon.colcon_core.package_identification:_identify(.) by extensions ['colcon_meta']
[1.067s] Level 1:colcon.colcon_core.package_identification:_identify(.) by extension 'colcon_meta'
[1.067s] Level 1:colcon.colcon_core.package_identification:_identify(.) by extensions ['ros']
[1.067s] Level 1:colcon.colcon_core.package_identification:_identify(.) by extension 'ros'
[1.085s] Level 1:colcon.colcon_core.package_identification:_identify(.) by extensions ['cmake', 'python']
[1.085s] Level 1:colcon.colcon_core.package_identification:_identify(.) by extension 'cmake'
[1.085s] Level 1:colcon.colcon_core.package_identification:_identify(.) by extension 'python'
[1.085s] Level 1:colcon.colcon_core.package_identification:_identify(.) by extensions ['python_setup_py']
[1.085s] Level 1:colcon.colcon_core.package_identification:_identify(.) by extension 'python_setup_py'
[1.085s] Level 1:colcon.colcon_core.package_identification:_identify(build) by extensions ['ignore', 'ignore_ament_install']
[1.085s] Level 1:colcon.colcon_core.package_identification:_identify(build) by extension 'ignore'
[1.085s] Level 1:colcon.colcon_core.package_identification:_identify(build) ignored
[1.085s] Level 1:colcon.colcon_core.package_identification:_identify(install) by extensions ['ignore', 'ignore_ament_install']
[1.086s] Level 1:colcon.colcon_core.package_identification:_identify(install) by extension 'ignore'
[1.086s] Level 1:colcon.colcon_core.package_identification:_identify(install) ignored
[1.086s] Level 1:colcon.colcon_core.package_identification:_identify(launch) by extensions ['ignore', 'ignore_ament_install']
[1.086s] Level 1:colcon.colcon_core.package_identification:_identify(launch) by extension 'ignore'
[1.086s] Level 1:colcon.colcon_core.package_identification:_identify(launch) by extension 'ignore_ament_install'
[1.086s] Level 1:colcon.colcon_core.package_identification:_identify(launch) by extensions ['colcon_pkg']
[1.086s] Level 1:colcon.colcon_core.package_identification:_identify(launch) by extension 'colcon_pkg'
[1.086s] Level 1:colcon.colcon_core.package_identification:_identify(launch) by extensions ['colcon_meta']
[1.087s] Level 1:colcon.colcon_core.package_identification:_identify(launch) by extension 'colcon_meta'
[1.087s] Level 1:colcon.colcon_core.package_identification:_identify(launch) by extensions ['ros']
[1.087s] Level 1:colcon.colcon_core.package_identification:_identify(launch) by extension 'ros'
[1.087s] Level 1:colcon.colcon_core.package_identification:_identify(launch) by extensions ['cmake', 'python']
[1.087s] Level 1:colcon.colcon_core.package_identification:_identify(launch) by extension 'cmake'
[1.087s] Level 1:colcon.colcon_core.package_identification:_identify(launch) by extension 'python'
[1.087s] Level 1:colcon.colcon_core.package_identification:_identify(launch) by extensions ['python_setup_py']
[1.087s] Level 1:colcon.colcon_core.package_identification:_identify(launch) by extension 'python_setup_py'
[1.087s] Level 1:colcon.colcon_core.package_identification:_identify(log) by extensions ['ignore', 'ignore_ament_install']
[1.087s] Level 1:colcon.colcon_core.package_identification:_identify(log) by extension 'ignore'
[1.087s] Level 1:colcon.colcon_core.package_identification:_identify(log) ignored
[1.087s] Level 1:colcon.colcon_core.package_identification:_identify(src) by extensions ['ignore', 'ignore_ament_install']
[1.087s] Level 1:colcon.colcon_core.package_identification:_identify(src) by extension 'ignore'
[1.088s] Level 1:colcon.colcon_core.package_identification:_identify(src) by extension 'ignore_ament_install'
[1.088s] Level 1:colcon.colcon_core.package_identification:_identify(src) by extensions ['colcon_pkg']
[1.088s] Level 1:colcon.colcon_core.package_identification:_identify(src) by extension 'colcon_pkg'
[1.088s] Level 1:colcon.colcon_core.package_identification:_identify(src) by extensions ['colcon_meta']
[1.088s] Level 1:colcon.colcon_core.package_identification:_identify(src) by extension 'colcon_meta'
[1.088s] Level 1:colcon.colcon_core.package_identification:_identify(src) by extensions ['ros']
[1.088s] Level 1:colcon.colcon_core.package_identification:_identify(src) by extension 'ros'
[1.088s] Level 1:colcon.colcon_core.package_identification:_identify(src) by extensions ['cmake', 'python']
[1.088s] Level 1:colcon.colcon_core.package_identification:_identify(src) by extension 'cmake'
[1.088s] Level 1:colcon.colcon_core.package_identification:_identify(src) by extension 'python'
[1.088s] Level 1:colcon.colcon_core.package_identification:_identify(src) by extensions ['python_setup_py']
[1.088s] Level 1:colcon.colcon_core.package_identification:_identify(src) by extension 'python_setup_py'
[1.088s] Level 1:colcon.colcon_core.package_identification:_identify(src/control_pkg) by extensions ['ignore', 'ignore_ament_install']
[1.088s] Level 1:colcon.colcon_core.package_identification:_identify(src/control_pkg) by extension 'ignore'
[1.089s] Level 1:colcon.colcon_core.package_identification:_identify(src/control_pkg) by extension 'ignore_ament_install'
[1.089s] Level 1:colcon.colcon_core.package_identification:_identify(src/control_pkg) by extensions ['colcon_pkg']
[1.089s] Level 1:colcon.colcon_core.package_identification:_identify(src/control_pkg) by extension 'colcon_pkg'
[1.089s] Level 1:colcon.colcon_core.package_identification:_identify(src/control_pkg) by extensions ['colcon_meta']
[1.089s] Level 1:colcon.colcon_core.package_identification:_identify(src/control_pkg) by extension 'colcon_meta'
[1.089s] Level 1:colcon.colcon_core.package_identification:_identify(src/control_pkg) by extensions ['ros']
[1.089s] Level 1:colcon.colcon_core.package_identification:_identify(src/control_pkg) by extension 'ros'
[1.093s] DEBUG:colcon.colcon_core.package_identification:Package 'src/control_pkg' with type 'ros.ament_cmake' and name 'control_pkg'
[1.093s] Level 1:colcon.colcon_core.package_identification:_identify(src/interfaces_pkg) by extensions ['ignore', 'ignore_ament_install']
[1.093s] Level 1:colcon.colcon_core.package_identification:_identify(src/interfaces_pkg) by extension 'ignore'
[1.093s] Level 1:colcon.colcon_core.package_identification:_identify(src/interfaces_pkg) by extension 'ignore_ament_install'
[1.093s] Level 1:colcon.colcon_core.package_identification:_identify(src/interfaces_pkg) by extensions ['colcon_pkg']
[1.093s] Level 1:colcon.colcon_core.package_identification:_identify(src/interfaces_pkg) by extension 'colcon_pkg'
[1.093s] Level 1:colcon.colcon_core.package_identification:_identify(src/interfaces_pkg) by extensions ['colcon_meta']
[1.094s] Level 1:colcon.colcon_core.package_identification:_identify(src/interfaces_pkg) by extension 'colcon_meta'
[1.094s] Level 1:colcon.colcon_core.package_identification:_identify(src/interfaces_pkg) by extensions ['ros']
[1.094s] Level 1:colcon.colcon_core.package_identification:_identify(src/interfaces_pkg) by extension 'ros'
[1.094s] DEBUG:colcon.colcon_core.package_identification:Package 'src/interfaces_pkg' with type 'ros.ament_cmake' and name 'interfaces_pkg'
[1.095s] Level 1:colcon.colcon_core.package_identification:_identify(src/navigation_pkg) by extensions ['ignore', 'ignore_ament_install']
[1.095s] Level 1:colcon.colcon_core.package_identification:_identify(src/navigation_pkg) by extension 'ignore'
[1.095s] Level 1:colcon.colcon_core.package_identification:_identify(src/navigation_pkg) by extension 'ignore_ament_install'
[1.095s] Level 1:colcon.colcon_core.package_identification:_identify(src/navigation_pkg) by extensions ['colcon_pkg']
[1.095s] Level 1:colcon.colcon_core.package_identification:_identify(src/navigation_pkg) by extension 'colcon_pkg'
[1.095s] Level 1:colcon.colcon_core.package_identification:_identify(src/navigation_pkg) by extensions ['colcon_meta']
[1.095s] Level 1:colcon.colcon_core.package_identification:_identify(src/navigation_pkg) by extension 'colcon_meta'
[1.095s] Level 1:colcon.colcon_core.package_identification:_identify(src/navigation_pkg) by extensions ['ros']
[1.095s] Level 1:colcon.colcon_core.package_identification:_identify(src/navigation_pkg) by extension 'ros'
[1.096s] DEBUG:colcon.colcon_core.package_identification:Package 'src/navigation_pkg' with type 'ros.ament_cmake' and name 'navigation_pkg'
[1.097s] Level 1:colcon.colcon_core.package_identification:_identify(src/webgui_pkg) by extensions ['ignore', 'ignore_ament_install']
[1.097s] Level 1:colcon.colcon_core.package_identification:_identify(src/webgui_pkg) by extension 'ignore'
[1.097s] Level 1:colcon.colcon_core.package_identification:_identify(src/webgui_pkg) by extension 'ignore_ament_install'
[1.097s] Level 1:colcon.colcon_core.package_identification:_identify(src/webgui_pkg) by extensions ['colcon_pkg']
[1.097s] Level 1:colcon.colcon_core.package_identification:_identify(src/webgui_pkg) by extension 'colcon_pkg'
[1.097s] Level 1:colcon.colcon_core.package_identification:_identify(src/webgui_pkg) by extensions ['colcon_meta']
[1.097s] Level 1:colcon.colcon_core.package_identification:_identify(src/webgui_pkg) by extension 'colcon_meta'
[1.097s] Level 1:colcon.colcon_core.package_identification:_identify(src/webgui_pkg) by extensions ['ros']
[1.097s] Level 1:colcon.colcon_core.package_identification:_identify(src/webgui_pkg) by extension 'ros'
[1.098s] DEBUG:colcon.colcon_core.package_identification:Package 'src/webgui_pkg' with type 'ros.ament_cmake' and name 'webgui_pkg'
[1.098s] Level 1:colcon.colcon_core.package_discovery:discover_packages(recursive) using defaults
[1.098s] Level 1:colcon.colcon_core.package_discovery:discover_packages(ignore) discover
[1.098s] Level 1:colcon.colcon_core.package_discovery:discover_packages(ignore) using defaults
[1.098s] Level 1:colcon.colcon_core.package_discovery:discover_packages(path) discover
[1.098s] Level 1:colcon.colcon_core.package_discovery:discover_packages(path) using defaults
[1.143s] INFO:colcon.colcon_core.package_selection:Skipping not selected package 'interfaces_pkg' in 'src/interfaces_pkg'
[1.143s] INFO:colcon.colcon_core.package_selection:Skipping not selected package 'navigation_pkg' in 'src/navigation_pkg'
[1.143s] INFO:colcon.colcon_core.package_selection:Skipping not selected package 'webgui_pkg' in 'src/webgui_pkg'
[1.144s] Level 1:colcon.colcon_core.package_discovery:discover_packages(prefix_path) check parameters
[1.144s] Level 1:colcon.colcon_core.package_discovery:discover_packages(prefix_path) discover
[1.150s] WARNING:colcon.colcon_ros.prefix_path.ament:The path '/home/catherineschuch/lunabotics_ws/install/control_pkg' in the environment variable AMENT_PREFIX_PATH doesn't exist
[1.151s] WARNING:colcon.colcon_ros.prefix_path.catkin:The path '/home/catherineschuch/lunabotics_ws/install/control_pkg' in the environment variable CMAKE_PREFIX_PATH doesn't exist
[1.153s] DEBUG:colcon.colcon_installed_package_information.package_discovery:Found 3 installed packages in /home/catherineschuch/lunabotics_ws/install
[1.154s] DEBUG:colcon.colcon_installed_package_information.package_discovery:Found 0 installed packages in /home/catherineschuch/lunabotics-2025-temp/install
[1.156s] DEBUG:colcon.colcon_installed_package_information.package_discovery:Found 270 installed packages in /opt/ros/humble
[1.157s] Level 1:colcon.colcon_core.package_discovery:discover_packages(prefix_path) using defaults
[1.257s] Level 5:colcon.colcon_core.verb:set package 'control_pkg' build argument 'cmake_args' from command line to 'None'
[1.257s] Level 5:colcon.colcon_core.verb:set package 'control_pkg' build argument 'cmake_target' from command line to 'None'
[1.257s] Level 5:colcon.colcon_core.verb:set package 'control_pkg' build argument 'cmake_target_skip_unavailable' from command line to 'False'
[1.257s] Level 5:colcon.colcon_core.verb:set package 'control_pkg' build argument 'cmake_clean_cache' from command line to 'False'
[1.257s] Level 5:colcon.colcon_core.verb:set package 'control_pkg' build argument 'cmake_clean_first' from command line to 'False'
[1.257s] Level 5:colcon.colcon_core.verb:set package 'control_pkg' build argument 'cmake_force_configure' from command line to 'False'
[1.257s] Level 5:colcon.colcon_core.verb:set package 'control_pkg' build argument 'ament_cmake_args' from command line to 'None'
[1.257s] Level 5:colcon.colcon_core.verb:set package 'control_pkg' build argument 'catkin_cmake_args' from command line to 'None'
[1.257s] Level 5:colcon.colcon_core.verb:set package 'control_pkg' build argument 'catkin_skip_building_tests' from command line to 'False'
[1.257s] DEBUG:colcon.colcon_core.verb:Building package 'control_pkg' with the following arguments: {'ament_cmake_args': None, 'build_base': '/home/catherineschuch/lunabotics_ws/build/control_pkg', 'catkin_cmake_args': None, 'catkin_skip_building_tests': False, 'cmake_args': None, 'cmake_clean_cache': False, 'cmake_clean_first': False, 'cmake_force_configure': False, 'cmake_target': None, 'cmake_target_skip_unavailable': False, 'install_base': '/home/catherineschuch/lunabotics_ws/install/control_pkg', 'merge_install': False, 'path': '/home/catherineschuch/lunabotics_ws/src/control_pkg', 'symlink_install': True, 'test_result_base': None}
[1.258s] INFO:colcon.colcon_core.executor:Executing jobs using 'parallel' executor
[1.259s] DEBUG:colcon.colcon_parallel_executor.executor.parallel:run_until_complete
[1.259s] INFO:colcon.colcon_ros.task.ament_cmake.build:Building ROS package in '/home/catherineschuch/lunabotics_ws/src/control_pkg' with build type 'ament_cmake'
[1.259s] INFO:colcon.colcon_cmake.task.cmake.build:Building CMake package in '/home/catherineschuch/lunabotics_ws/src/control_pkg'
[1.269s] INFO:colcon.colcon_core.plugin_system:Skipping extension 'colcon_core.shell.bat': Not used on non-Windows systems
[1.269s] INFO:colcon.colcon_core.shell:Skip shell extension 'powershell' for command environment: Not usable outside of PowerShell
[1.269s] DEBUG:colcon.colcon_core.shell:Skip shell extension 'dsv' for command environment
[1.658s] DEBUG:colcon.colcon_core.event_handler.log_command:Invoking command in '/home/catherineschuch/lunabotics_ws/build/control_pkg': CMAKE_PREFIX_PATH=/home/catherineschuch/lunabotics_ws/install/interfaces_pkg:/home/catherineschuch/lunabotics_ws/install/webgui_pkg:/home/catherineschuch/lunabotics_ws/install/navigation_pkg:/home/catherineschuch/lunabotics_ws/install/control_pkg:/opt/ros/humble /usr/bin/cmake /home/catherineschuch/lunabotics_ws/src/control_pkg -DAMENT_CMAKE_SYMLINK_INSTALL=1 -DCMAKE_INSTALL_PREFIX=/home/catherineschuch/lunabotics_ws/install/control_pkg
[32.731s] DEBUG:colcon.colcon_core.event_handler.log_command:Invoked command in '/home/catherineschuch/lunabotics_ws/build/control_pkg' returned '0': CMAKE_PREFIX_PATH=/home/catherineschuch/lunabotics_ws/install/interfaces_pkg:/home/catherineschuch/lunabotics_ws/install/webgui_pkg:/home/catherineschuch/lunabotics_ws/install/navigation_pkg:/home/catherineschuch/lunabotics_ws/install/control_pkg:/opt/ros/humble /usr/bin/cmake /home/catherineschuch/lunabotics_ws/src/control_pkg -DAMENT_CMAKE_SYMLINK_INSTALL=1 -DCMAKE_INSTALL_PREFIX=/home/catherineschuch/lunabotics_ws/install/control_pkg
[32.732s] DEBUG:colcon.colcon_core.event_handler.log_command:Invoking command in '/home/catherineschuch/lunabotics_ws/build/control_pkg': CMAKE_PREFIX_PATH=/home/catherineschuch/lunabotics_ws/install/interfaces_pkg:/home/catherineschuch/lunabotics_ws/install/webgui_pkg:/home/catherineschuch/lunabotics_ws/install/navigation_pkg:/home/catherineschuch/lunabotics_ws/install/control_pkg:/opt/ros/humble /usr/bin/cmake --build /home/catherineschuch/lunabotics_ws/build/control_pkg -- -j16 -l16
[42.189s] DEBUG:colcon.colcon_core.event_handler.log_command:Invoked command in '/home/catherineschuch/lunabotics_ws/build/control_pkg' returned '0': CMAKE_PREFIX_PATH=/home/catherineschuch/lunabotics_ws/install/interfaces_pkg:/home/catherineschuch/lunabotics_ws/install/webgui_pkg:/home/catherineschuch/lunabotics_ws/install/navigation_pkg:/home/catherineschuch/lunabotics_ws/install/control_pkg:/opt/ros/humble /usr/bin/cmake --build /home/catherineschuch/lunabotics_ws/build/control_pkg -- -j16 -l16
[42.199s] DEBUG:colcon.colcon_core.event_handler.log_command:Invoking command in '/home/catherineschuch/lunabotics_ws/build/control_pkg': CMAKE_PREFIX_PATH=/home/catherineschuch/lunabotics_ws/install/interfaces_pkg:/home/catherineschuch/lunabotics_ws/install/webgui_pkg:/home/catherineschuch/lunabotics_ws/install/navigation_pkg:/home/catherineschuch/lunabotics_ws/install/control_pkg:/opt/ros/humble /usr/bin/cmake --install /home/catherineschuch/lunabotics_ws/build/control_pkg
[42.433s] Level 1:colcon.colcon_core.environment:create_environment_scripts_only(control_pkg)
[42.434s] DEBUG:colcon.colcon_core.event_handler.log_command:Invoked command in '/home/catherineschuch/lunabotics_ws/build/control_pkg' returned '0': CMAKE_PREFIX_PATH=/home/catherineschuch/lunabotics_ws/install/interfaces_pkg:/home/catherineschuch/lunabotics_ws/install/webgui_pkg:/home/catherineschuch/lunabotics_ws/install/navigation_pkg:/home/catherineschuch/lunabotics_ws/install/control_pkg:/opt/ros/humble /usr/bin/cmake --install /home/catherineschuch/lunabotics_ws/build/control_pkg
[42.441s] Level 1:colcon.colcon_core.environment:checking '/home/catherineschuch/lunabotics_ws/install/control_pkg' for CMake module files
[42.442s] Level 1:colcon.colcon_core.environment:checking '/home/catherineschuch/lunabotics_ws/install/control_pkg' for CMake config files
[42.442s] Level 1:colcon.colcon_core.shell:create_environment_hook('control_pkg', 'cmake_prefix_path')
[42.442s] INFO:colcon.colcon_core.shell:Creating environment hook '/home/catherineschuch/lunabotics_ws/install/control_pkg/share/control_pkg/hook/cmake_prefix_path.ps1'
[42.444s] INFO:colcon.colcon_core.shell:Creating environment descriptor '/home/catherineschuch/lunabotics_ws/install/control_pkg/share/control_pkg/hook/cmake_prefix_path.dsv'
[42.444s] INFO:colcon.colcon_core.shell:Creating environment hook '/home/catherineschuch/lunabotics_ws/install/control_pkg/share/control_pkg/hook/cmake_prefix_path.sh'
[42.445s] Level 1:colcon.colcon_core.environment:checking '/home/catherineschuch/lunabotics_ws/install/control_pkg/lib'
[42.446s] Level 1:colcon.colcon_core.environment:checking '/home/catherineschuch/lunabotics_ws/install/control_pkg/bin'
[42.446s] Level 1:colcon.colcon_core.environment:checking '/home/catherineschuch/lunabotics_ws/install/control_pkg/lib/pkgconfig/control_pkg.pc'
[42.446s] Level 1:colcon.colcon_core.environment:checking '/home/catherineschuch/lunabotics_ws/install/control_pkg/lib/python3.10/site-packages'
[42.446s] Level 1:colcon.colcon_core.environment:checking '/home/catherineschuch/lunabotics_ws/install/control_pkg/bin'
[42.447s] INFO:colcon.colcon_core.shell:Creating package script '/home/catherineschuch/lunabotics_ws/install/control_pkg/share/control_pkg/package.ps1'
[42.449s] INFO:colcon.colcon_core.shell:Creating package descriptor '/home/catherineschuch/lunabotics_ws/install/control_pkg/share/control_pkg/package.dsv'
[42.451s] INFO:colcon.colcon_core.shell:Creating package script '/home/catherineschuch/lunabotics_ws/install/control_pkg/share/control_pkg/package.sh'
[42.453s] INFO:colcon.colcon_core.shell:Creating package script '/home/catherineschuch/lunabotics_ws/install/control_pkg/share/control_pkg/package.bash'
[42.456s] INFO:colcon.colcon_core.shell:Creating package script '/home/catherineschuch/lunabotics_ws/install/control_pkg/share/control_pkg/package.zsh'
[42.459s] Level 1:colcon.colcon_core.environment:create_file_with_runtime_dependencies(/home/catherineschuch/lunabotics_ws/install/control_pkg/share/colcon-core/packages/control_pkg)
[42.461s] Level 1:colcon.colcon_core.environment:create_environment_scripts_only(control_pkg)
[42.462s] Level 1:colcon.colcon_core.environment:checking '/home/catherineschuch/lunabotics_ws/install/control_pkg' for CMake module files
[42.463s] Level 1:colcon.colcon_core.environment:checking '/home/catherineschuch/lunabotics_ws/install/control_pkg' for CMake config files
[42.464s] Level 1:colcon.colcon_core.shell:create_environment_hook('control_pkg', 'cmake_prefix_path')
[42.464s] INFO:colcon.colcon_core.shell:Creating environment hook '/home/catherineschuch/lunabotics_ws/install/control_pkg/share/control_pkg/hook/cmake_prefix_path.ps1'
[42.465s] INFO:colcon.colcon_core.shell:Creating environment descriptor '/home/catherineschuch/lunabotics_ws/install/control_pkg/share/control_pkg/hook/cmake_prefix_path.dsv'
[42.466s] INFO:colcon.colcon_core.shell:Creating environment hook '/home/catherineschuch/lunabotics_ws/install/control_pkg/share/control_pkg/hook/cmake_prefix_path.sh'
[42.467s] Level 1:colcon.colcon_core.environment:checking '/home/catherineschuch/lunabotics_ws/install/control_pkg/lib'
[42.467s] Level 1:colcon.colcon_core.environment:checking '/home/catherineschuch/lunabotics_ws/install/control_pkg/bin'
[42.468s] Level 1:colcon.colcon_core.environment:checking '/home/catherineschuch/lunabotics_ws/install/control_pkg/lib/pkgconfig/control_pkg.pc'
[42.468s] Level 1:colcon.colcon_core.environment:checking '/home/catherineschuch/lunabotics_ws/install/control_pkg/lib/python3.10/site-packages'
[42.469s] Level 1:colcon.colcon_core.environment:checking '/home/catherineschuch/lunabotics_ws/install/control_pkg/bin'
[42.469s] INFO:colcon.colcon_core.shell:Creating package script '/home/catherineschuch/lunabotics_ws/install/control_pkg/share/control_pkg/package.ps1'
[42.470s] INFO:colcon.colcon_core.shell:Creating package descriptor '/home/catherineschuch/lunabotics_ws/install/control_pkg/share/control_pkg/package.dsv'
[42.471s] INFO:colcon.colcon_core.shell:Creating package script '/home/catherineschuch/lunabotics_ws/install/control_pkg/share/control_pkg/package.sh'
[42.471s] INFO:colcon.colcon_core.shell:Creating package script '/home/catherineschuch/lunabotics_ws/install/control_pkg/share/control_pkg/package.bash'
[42.471s] INFO:colcon.colcon_core.shell:Creating package script '/home/catherineschuch/lunabotics_ws/install/control_pkg/share/control_pkg/package.zsh'
[42.472s] Level 1:colcon.colcon_core.environment:create_file_with_runtime_dependencies(/home/catherineschuch/lunabotics_ws/install/control_pkg/share/colcon-core/packages/control_pkg)
[42.472s] DEBUG:colcon.colcon_parallel_executor.executor.parallel:closing loop
[42.472s] DEBUG:colcon.colcon_parallel_executor.executor.parallel:loop closed
[42.472s] DEBUG:colcon.colcon_parallel_executor.executor.parallel:run_until_complete finished with '0'
[42.472s] DEBUG:colcon.colcon_core.event_reactor:joining thread
[42.650s] INFO:colcon.colcon_core.plugin_system:Skipping extension 'colcon_notification.desktop_notification.notify_send': Could not find 'notify-send'
[42.650s] INFO:colcon.colcon_core.plugin_system:Skipping extension 'colcon_notification.desktop_notification.terminal_notifier': Not used on non-Darwin systems
[42.650s] INFO:colcon.colcon_core.plugin_system:Skipping extension 'colcon_notification.desktop_notification.win32': Not used on non-Windows systems
[42.651s] INFO:colcon.colcon_notification.desktop_notification:Sending desktop notification using 'notify2'
[42.654s] DEBUG:colcon.colcon_notification.desktop_notification.notify2:Failed to initialize notify2: org.freedesktop.DBus.Error.ServiceUnknown: The name org.freedesktop.Notifications was not provided by any .service files
[42.654s] DEBUG:colcon.colcon_core.event_reactor:joined thread
[42.655s] INFO:colcon.colcon_core.shell:Creating prefix script '/home/catherineschuch/lunabotics_ws/install/local_setup.ps1'
[42.656s] INFO:colcon.colcon_core.shell:Creating prefix util module '/home/catherineschuch/lunabotics_ws/install/_local_setup_util_ps1.py'
[42.659s] INFO:colcon.colcon_core.shell:Creating prefix chain script '/home/catherineschuch/lunabotics_ws/install/setup.ps1'
[42.660s] INFO:colcon.colcon_core.shell:Creating prefix script '/home/catherineschuch/lunabotics_ws/install/local_setup.sh'
[42.661s] INFO:colcon.colcon_core.shell:Creating prefix util module '/home/catherineschuch/lunabotics_ws/install/_local_setup_util_sh.py'
[42.662s] INFO:colcon.colcon_core.shell:Creating prefix chain script '/home/catherineschuch/lunabotics_ws/install/setup.sh'
[42.663s] INFO:colcon.colcon_core.shell:Creating prefix script '/home/catherineschuch/lunabotics_ws/install/local_setup.bash'
[42.664s] INFO:colcon.colcon_core.shell:Creating prefix chain script '/home/catherineschuch/lunabotics_ws/install/setup.bash'
[42.665s] INFO:colcon.colcon_core.shell:Creating prefix script '/home/catherineschuch/lunabotics_ws/install/local_setup.zsh'
[42.666s] INFO:colcon.colcon_core.shell:Creating prefix chain script '/home/catherineschuch/lunabotics_ws/install/setup.zsh'
