[0.022s] Invoking command in '/home/catherineschuch/lunabotics_ws/build/interfaces_pkg': CMAKE_PREFIX_PATH=${CMAKE_PREFIX_PATH}:/opt/ros/humble /usr/bin/cmake /home/catherineschuch/lunabotics_ws/src/interfaces_pkg -DAMENT_CMAKE_SYMLINK_INSTALL=1 -DCMAKE_INSTALL_PREFIX=/home/catherineschuch/lunabotics_ws/install/interfaces_pkg
[0.384s] -- The C compiler identification is GNU 11.4.0
[1.721s] -- The CXX compiler identification is GNU 11.4.0
[2.355s] -- Detecting C compiler ABI info
[2.674s] -- Detecting C compiler ABI info - done
[2.680s] -- Check for working C compiler: /usr/bin/cc - skipped
[2.681s] -- Detecting C compile features
[2.681s] -- Detecting C compile features - done
[2.684s] -- Detecting CXX compiler ABI info
[2.994s] -- Detecting CXX compiler ABI info - done
[3.003s] -- Check for working CXX compiler: /usr/bin/c++ - skipped
[3.003s] -- Detecting CXX compile features
[3.004s] -- Detecting CXX compile features - done
[3.006s] -- Found ament_cmake: 1.3.11 (/opt/ros/humble/share/ament_cmake/cmake)
[3.176s] -- Found Python3: /usr/bin/python3 (found version "3.10.12") found components: Interpreter 
[3.242s] -- Override CMake install command with custom implementation using symlinks instead of copying resources
[3.266s] -- Found rosidl_default_generators: 1.2.0 (/opt/ros/humble/share/rosidl_default_generators/cmake)
[3.274s] -- Using all available rosidl_typesupport_c: rosidl_typesupport_fastrtps_c;rosidl_typesupport_introspection_c
[3.282s] -- Found rosidl_adapter: 3.1.6 (/opt/ros/humble/share/rosidl_adapter/cmake)
[3.719s] -- Using all available rosidl_typesupport_cpp: rosidl_typesupport_fastrtps_cpp;rosidl_typesupport_introspection_cpp
[4.019s] -- Found ament_cmake_ros: 0.10.0 (/opt/ros/humble/share/ament_cmake_ros/cmake)
[4.220s] -- Using all available rosidl_typesupport_c: rosidl_typesupport_fastrtps_c;rosidl_typesupport_introspection_c
[4.477s] -- Using all available rosidl_typesupport_cpp: rosidl_typesupport_fastrtps_cpp;rosidl_typesupport_introspection_cpp
[4.925s] -- Found PythonInterp: /usr/bin/python3 (found suitable version "3.10.12", minimum required is "3.6") 
[4.928s] -- Found python_cmake_module: 0.10.0 (/opt/ros/humble/share/python_cmake_module/cmake)
[6.227s] -- Found PythonLibs: /usr/lib/x86_64-linux-gnu/libpython3.10.so (found suitable version "3.10.12", minimum required is "3.5") 
[6.227s] -- Using PYTHON_EXECUTABLE: /usr/bin/python3
[6.227s] -- Using PYTHON_INCLUDE_DIRS: /usr/include/python3.10
[6.227s] -- Using PYTHON_LIBRARIES: /usr/lib/x86_64-linux-gnu/libpython3.10.so
[6.249s] -- Found PythonExtra: .so  
[6.480s] -- Found ament_lint_auto: 0.12.11 (/opt/ros/humble/share/ament_lint_auto/cmake)
[6.517s] -- Added test 'lint_cmake' to check CMake code style
[6.518s] -- Added test 'xmllint' to check XML markup files
[6.521s] -- Configuring done
[6.555s] -- Generating done
[6.565s] -- Build files have been written to: /home/catherineschuch/lunabotics_ws/build/interfaces_pkg
[6.571s] Invoked command in '/home/catherineschuch/lunabotics_ws/build/interfaces_pkg' returned '0': CMAKE_PREFIX_PATH=${CMAKE_PREFIX_PATH}:/opt/ros/humble /usr/bin/cmake /home/catherineschuch/lunabotics_ws/src/interfaces_pkg -DAMENT_CMAKE_SYMLINK_INSTALL=1 -DCMAKE_INSTALL_PREFIX=/home/catherineschuch/lunabotics_ws/install/interfaces_pkg
[6.573s] Invoking command in '/home/catherineschuch/lunabotics_ws/build/interfaces_pkg': CMAKE_PREFIX_PATH=${CMAKE_PREFIX_PATH}:/opt/ros/humble /usr/bin/cmake --build /home/catherineschuch/lunabotics_ws/build/interfaces_pkg -- -j16 -l16
[6.605s] [  3%] [34m[1mGenerating C code for ROS interfaces[0m
[6.615s] [  6%] [34m[1mGenerating C++ code for ROS interfaces[0m
[6.621s] [  6%] Built target ament_cmake_python_symlink_interfaces_pkg
[6.898s] [  6%] Built target interfaces_pkg__cpp
[6.901s] [  9%] [32mBuilding C object CMakeFiles/interfaces_pkg__rosidl_generator_c.dir/rosidl_generator_c/interfaces_pkg/msg/detail/duty_cycle_output__functions.c.o[0m
[6.903s] running egg_info
[6.905s] creating interfaces_pkg.egg-info
[6.905s] writing interfaces_pkg.egg-info/PKG-INFO
[6.906s] writing dependency_links to interfaces_pkg.egg-info/dependency_links.txt
[6.907s] [ 16%] [34m[1mGenerating C++ type support for eProsima Fast-RTPS[0m
[6.907s] [ 12%] [34m[1mGenerating C++ type support dispatch for ROS interfaces[0m
[6.907s] writing top-level names to interfaces_pkg.egg-info/top_level.txt
[6.907s] writing manifest file 'interfaces_pkg.egg-info/SOURCES.txt'
[6.909s] [ 19%] [34m[1mGenerating C++ introspection for ROS interfaces[0m
[6.910s] reading manifest file 'interfaces_pkg.egg-info/SOURCES.txt'
[6.911s] writing manifest file 'interfaces_pkg.egg-info/SOURCES.txt'
[6.941s] [ 19%] Built target ament_cmake_python_build_interfaces_pkg_egg
[6.967s] [ 22%] [32m[1mLinking C shared library libinterfaces_pkg__rosidl_generator_c.so[0m
[7.130s] [ 25%] [32mBuilding CXX object CMakeFiles/interfaces_pkg__rosidl_typesupport_cpp.dir/rosidl_typesupport_cpp/interfaces_pkg/msg/duty_cycle_output__type_support.cpp.o[0m
[7.158s] [ 29%] [32mBuilding CXX object CMakeFiles/interfaces_pkg__rosidl_typesupport_introspection_cpp.dir/rosidl_typesupport_introspection_cpp/interfaces_pkg/msg/detail/duty_cycle_output__type_support.cpp.o[0m
[7.170s] [ 32%] [32mBuilding CXX object CMakeFiles/interfaces_pkg__rosidl_typesupport_fastrtps_cpp.dir/rosidl_typesupport_fastrtps_cpp/interfaces_pkg/msg/detail/dds_fastrtps/duty_cycle_output__type_support.cpp.o[0m
[7.310s] [ 32%] Built target interfaces_pkg__rosidl_generator_c
[7.324s] [ 35%] [34m[1mGenerating C introspection for ROS interfaces[0m
[7.325s] [ 38%] [34m[1mGenerating C type support dispatch for ROS interfaces[0m
[7.347s] [ 41%] [34m[1mGenerating C type support for eProsima Fast-RTPS[0m
[7.543s] [ 45%] [32m[1mLinking CXX shared library libinterfaces_pkg__rosidl_typesupport_cpp.so[0m
[7.662s] [ 48%] [32mBuilding CXX object CMakeFiles/interfaces_pkg__rosidl_typesupport_c.dir/rosidl_typesupport_c/interfaces_pkg/msg/duty_cycle_output__type_support.cpp.o[0m
[7.667s] [ 51%] [32mBuilding CXX object CMakeFiles/interfaces_pkg__rosidl_typesupport_fastrtps_c.dir/rosidl_typesupport_fastrtps_c/interfaces_pkg/msg/detail/duty_cycle_output__type_support_c.cpp.o[0m
[7.690s] [ 54%] [32mBuilding C object CMakeFiles/interfaces_pkg__rosidl_typesupport_introspection_c.dir/rosidl_typesupport_introspection_c/interfaces_pkg/msg/detail/duty_cycle_output__type_support.c.o[0m
[7.699s] [ 58%] [32m[1mLinking CXX shared library libinterfaces_pkg__rosidl_typesupport_c.so[0m
[7.719s] [ 61%] [32m[1mLinking CXX shared library libinterfaces_pkg__rosidl_typesupport_introspection_cpp.so[0m
[7.722s] [ 64%] [32m[1mLinking CXX shared library libinterfaces_pkg__rosidl_typesupport_fastrtps_cpp.so[0m
[7.726s] [ 67%] [32m[1mLinking C shared library libinterfaces_pkg__rosidl_typesupport_introspection_c.so[0m
[7.830s] [ 67%] Built target interfaces_pkg__rosidl_typesupport_cpp
[7.939s] [ 67%] Built target interfaces_pkg__rosidl_typesupport_introspection_c
[7.945s] [ 67%] Built target interfaces_pkg__rosidl_typesupport_introspection_cpp
[7.949s] [ 67%] Built target interfaces_pkg__rosidl_typesupport_c
[7.986s] [ 67%] Built target interfaces_pkg__rosidl_typesupport_fastrtps_cpp
[8.002s] [ 70%] [32m[1mLinking CXX shared library libinterfaces_pkg__rosidl_typesupport_fastrtps_c.so[0m
[8.369s] [ 70%] Built target interfaces_pkg__rosidl_typesupport_fastrtps_c
[8.386s] [ 70%] Built target interfaces_pkg
[8.402s] [ 74%] [34m[1mGenerating Python code for ROS interfaces[0m
[8.708s] [ 74%] Built target interfaces_pkg__py
[8.725s] [ 77%] [32mBuilding C object CMakeFiles/interfaces_pkg__rosidl_generator_py.dir/rosidl_generator_py/interfaces_pkg/msg/_duty_cycle_output_s.c.o[0m
[8.857s] [ 80%] [32m[1mLinking C shared library rosidl_generator_py/interfaces_pkg/libinterfaces_pkg__rosidl_generator_py.so[0m
[9.207s] [ 80%] Built target interfaces_pkg__rosidl_generator_py
[9.225s] [ 83%] [32mBuilding C object CMakeFiles/interfaces_pkg__rosidl_typesupport_introspection_c__pyext.dir/rosidl_generator_py/interfaces_pkg/_interfaces_pkg_s.ep.rosidl_typesupport_introspection_c.c.o[0m
[9.226s] [ 87%] [32mBuilding C object CMakeFiles/interfaces_pkg__rosidl_typesupport_fastrtps_c__pyext.dir/rosidl_generator_py/interfaces_pkg/_interfaces_pkg_s.ep.rosidl_typesupport_fastrtps_c.c.o[0m
[9.227s] [ 90%] [32mBuilding C object CMakeFiles/interfaces_pkg__rosidl_typesupport_c__pyext.dir/rosidl_generator_py/interfaces_pkg/_interfaces_pkg_s.ep.rosidl_typesupport_c.c.o[0m
[9.309s] [ 93%] [32m[1mLinking C shared library rosidl_generator_py/interfaces_pkg/interfaces_pkg_s__rosidl_typesupport_introspection_c.cpython-310-x86_64-linux-gnu.so[0m
[9.309s] [ 96%] [32m[1mLinking C shared library rosidl_generator_py/interfaces_pkg/interfaces_pkg_s__rosidl_typesupport_c.cpython-310-x86_64-linux-gnu.so[0m
[9.311s] [100%] [32m[1mLinking C shared library rosidl_generator_py/interfaces_pkg/interfaces_pkg_s__rosidl_typesupport_fastrtps_c.cpython-310-x86_64-linux-gnu.so[0m
[9.603s] [100%] Built target interfaces_pkg__rosidl_typesupport_c__pyext
[9.603s] [100%] Built target interfaces_pkg__rosidl_typesupport_introspection_c__pyext
[9.603s] [100%] Built target interfaces_pkg__rosidl_typesupport_fastrtps_c__pyext
[9.616s] Invoked command in '/home/catherineschuch/lunabotics_ws/build/interfaces_pkg' returned '0': CMAKE_PREFIX_PATH=${CMAKE_PREFIX_PATH}:/opt/ros/humble /usr/bin/cmake --build /home/catherineschuch/lunabotics_ws/build/interfaces_pkg -- -j16 -l16
[9.618s] Invoking command in '/home/catherineschuch/lunabotics_ws/build/interfaces_pkg': CMAKE_PREFIX_PATH=${CMAKE_PREFIX_PATH}:/opt/ros/humble /usr/bin/cmake --install /home/catherineschuch/lunabotics_ws/build/interfaces_pkg
[9.624s] -- Install configuration: ""
[9.625s] -- Execute custom install script
[9.625s] -- Symlinking: /home/catherineschuch/lunabotics_ws/install/interfaces_pkg/share/ament_index/resource_index/rosidl_interfaces/interfaces_pkg
[9.634s] -- Symlinking: /home/catherineschuch/lunabotics_ws/install/interfaces_pkg/include/interfaces_pkg/interfaces_pkg/msg/detail/duty_cycle_output__functions.h
[9.640s] -- Symlinking: /home/catherineschuch/lunabotics_ws/install/interfaces_pkg/include/interfaces_pkg/interfaces_pkg/msg/detail/duty_cycle_output__struct.h
[9.647s] -- Symlinking: /home/catherineschuch/lunabotics_ws/install/interfaces_pkg/include/interfaces_pkg/interfaces_pkg/msg/detail/duty_cycle_output__type_support.h
[9.654s] -- Symlinking: /home/catherineschuch/lunabotics_ws/install/interfaces_pkg/include/interfaces_pkg/interfaces_pkg/msg/duty_cycle_output.h
[9.662s] -- Symlinking: /home/catherineschuch/lunabotics_ws/install/interfaces_pkg/include/interfaces_pkg/interfaces_pkg/msg/rosidl_generator_c__visibility_control.h
[9.669s] -- Symlinking: /home/catherineschuch/lunabotics_ws/install/interfaces_pkg/share/interfaces_pkg/environment/library_path.sh
[9.676s] -- Symlinking: /home/catherineschuch/lunabotics_ws/install/interfaces_pkg/share/interfaces_pkg/environment/library_path.dsv
[9.686s] -- Symlinking: /home/catherineschuch/lunabotics_ws/install/interfaces_pkg/include/interfaces_pkg/interfaces_pkg/msg/detail/duty_cycle_output__rosidl_typesupport_fastrtps_c.h
[9.693s] -- Symlinking: /home/catherineschuch/lunabotics_ws/install/interfaces_pkg/include/interfaces_pkg/interfaces_pkg/msg/rosidl_typesupport_fastrtps_c__visibility_control.h
[9.701s] -- Symlinking: /home/catherineschuch/lunabotics_ws/install/interfaces_pkg/include/interfaces_pkg/interfaces_pkg/msg/detail/duty_cycle_output__rosidl_typesupport_introspection_c.h
[9.708s] -- Symlinking: /home/catherineschuch/lunabotics_ws/install/interfaces_pkg/include/interfaces_pkg/interfaces_pkg/msg/rosidl_typesupport_introspection_c__visibility_control.h
[9.715s] -- Symlinking: /home/catherineschuch/lunabotics_ws/install/interfaces_pkg/include/interfaces_pkg/interfaces_pkg/msg/detail/duty_cycle_output__builder.hpp
[9.722s] -- Symlinking: /home/catherineschuch/lunabotics_ws/install/interfaces_pkg/include/interfaces_pkg/interfaces_pkg/msg/detail/duty_cycle_output__struct.hpp
[9.728s] -- Symlinking: /home/catherineschuch/lunabotics_ws/install/interfaces_pkg/include/interfaces_pkg/interfaces_pkg/msg/detail/duty_cycle_output__traits.hpp
[9.735s] -- Symlinking: /home/catherineschuch/lunabotics_ws/install/interfaces_pkg/include/interfaces_pkg/interfaces_pkg/msg/detail/duty_cycle_output__type_support.hpp
[9.742s] -- Symlinking: /home/catherineschuch/lunabotics_ws/install/interfaces_pkg/include/interfaces_pkg/interfaces_pkg/msg/duty_cycle_output.hpp
[9.753s] -- Symlinking: /home/catherineschuch/lunabotics_ws/install/interfaces_pkg/include/interfaces_pkg/interfaces_pkg/msg/rosidl_generator_cpp__visibility_control.hpp
[9.762s] -- Symlinking: /home/catherineschuch/lunabotics_ws/install/interfaces_pkg/include/interfaces_pkg/interfaces_pkg/msg/detail/duty_cycle_output__rosidl_typesupport_fastrtps_cpp.hpp
[9.769s] -- Symlinking: /home/catherineschuch/lunabotics_ws/install/interfaces_pkg/include/interfaces_pkg/interfaces_pkg/msg/rosidl_typesupport_fastrtps_cpp__visibility_control.h
[9.776s] -- Symlinking: /home/catherineschuch/lunabotics_ws/install/interfaces_pkg/include/interfaces_pkg/interfaces_pkg/msg/detail/duty_cycle_output__rosidl_typesupport_introspection_cpp.hpp
[9.783s] -- Symlinking: /home/catherineschuch/lunabotics_ws/install/interfaces_pkg/share/interfaces_pkg/environment/pythonpath.sh
[9.790s] -- Symlinking: /home/catherineschuch/lunabotics_ws/install/interfaces_pkg/share/interfaces_pkg/environment/pythonpath.dsv
[9.798s] -- Symlinking: /home/catherineschuch/lunabotics_ws/install/interfaces_pkg/local/lib/python3.10/dist-packages/interfaces_pkg-0.0.0-py3.10.egg-info/PKG-INFO
[9.804s] -- Symlinking: /home/catherineschuch/lunabotics_ws/install/interfaces_pkg/local/lib/python3.10/dist-packages/interfaces_pkg-0.0.0-py3.10.egg-info/SOURCES.txt
[9.811s] -- Symlinking: /home/catherineschuch/lunabotics_ws/install/interfaces_pkg/local/lib/python3.10/dist-packages/interfaces_pkg-0.0.0-py3.10.egg-info/dependency_links.txt
[9.819s] -- Symlinking: /home/catherineschuch/lunabotics_ws/install/interfaces_pkg/local/lib/python3.10/dist-packages/interfaces_pkg-0.0.0-py3.10.egg-info/top_level.txt
[9.827s] -- Symlinking: /home/catherineschuch/lunabotics_ws/install/interfaces_pkg/local/lib/python3.10/dist-packages/interfaces_pkg/__init__.py
[9.833s] -- Symlinking: /home/catherineschuch/lunabotics_ws/install/interfaces_pkg/local/lib/python3.10/dist-packages/interfaces_pkg/_interfaces_pkg_s.ep.rosidl_typesupport_c.c
[9.840s] -- Symlinking: /home/catherineschuch/lunabotics_ws/install/interfaces_pkg/local/lib/python3.10/dist-packages/interfaces_pkg/_interfaces_pkg_s.ep.rosidl_typesupport_fastrtps_c.c
[9.847s] -- Symlinking: /home/catherineschuch/lunabotics_ws/install/interfaces_pkg/local/lib/python3.10/dist-packages/interfaces_pkg/_interfaces_pkg_s.ep.rosidl_typesupport_introspection_c.c
[9.855s] -- Symlinking: /home/catherineschuch/lunabotics_ws/install/interfaces_pkg/local/lib/python3.10/dist-packages/interfaces_pkg/interfaces_pkg_s__rosidl_typesupport_c.cpython-310-x86_64-linux-gnu.so
[9.862s] -- Symlinking: /home/catherineschuch/lunabotics_ws/install/interfaces_pkg/local/lib/python3.10/dist-packages/interfaces_pkg/interfaces_pkg_s__rosidl_typesupport_fastrtps_c.cpython-310-x86_64-linux-gnu.so
[9.869s] -- Symlinking: /home/catherineschuch/lunabotics_ws/install/interfaces_pkg/local/lib/python3.10/dist-packages/interfaces_pkg/interfaces_pkg_s__rosidl_typesupport_introspection_c.cpython-310-x86_64-linux-gnu.so
[9.876s] -- Symlinking: /home/catherineschuch/lunabotics_ws/install/interfaces_pkg/local/lib/python3.10/dist-packages/interfaces_pkg/libinterfaces_pkg__rosidl_generator_py.so
[9.884s] -- Symlinking: /home/catherineschuch/lunabotics_ws/install/interfaces_pkg/local/lib/python3.10/dist-packages/interfaces_pkg/msg/__init__.py
[9.891s] -- Symlinking: /home/catherineschuch/lunabotics_ws/install/interfaces_pkg/local/lib/python3.10/dist-packages/interfaces_pkg/msg/_duty_cycle_output.py
[9.898s] -- Symlinking: /home/catherineschuch/lunabotics_ws/install/interfaces_pkg/local/lib/python3.10/dist-packages/interfaces_pkg/msg/_duty_cycle_output_s.c
[9.907s] -- Up-to-date symlink: /home/catherineschuch/lunabotics_ws/install/interfaces_pkg/local/lib/python3.10/dist-packages/interfaces_pkg/interfaces_pkg_s__rosidl_typesupport_fastrtps_c.cpython-310-x86_64-linux-gnu.so
[9.907s] -- Up-to-date symlink: /home/catherineschuch/lunabotics_ws/install/interfaces_pkg/local/lib/python3.10/dist-packages/interfaces_pkg/interfaces_pkg_s__rosidl_typesupport_introspection_c.cpython-310-x86_64-linux-gnu.so
[9.907s] -- Up-to-date symlink: /home/catherineschuch/lunabotics_ws/install/interfaces_pkg/local/lib/python3.10/dist-packages/interfaces_pkg/interfaces_pkg_s__rosidl_typesupport_c.cpython-310-x86_64-linux-gnu.so
[9.907s] -- Symlinking: /home/catherineschuch/lunabotics_ws/install/interfaces_pkg/share/interfaces_pkg/msg/DutyCycleOutput.idl
[9.918s] -- Symlinking: /home/catherineschuch/lunabotics_ws/install/interfaces_pkg/share/interfaces_pkg/msg/DutyCycleOutput.msg
[9.922s] -- Symlinking: /home/catherineschuch/lunabotics_ws/install/interfaces_pkg/share/ament_index/resource_index/package_run_dependencies/interfaces_pkg
[9.930s] -- Symlinking: /home/catherineschuch/lunabotics_ws/install/interfaces_pkg/share/ament_index/resource_index/parent_prefix_path/interfaces_pkg
[9.938s] -- Symlinking: /home/catherineschuch/lunabotics_ws/install/interfaces_pkg/share/interfaces_pkg/environment/ament_prefix_path.sh
[9.945s] -- Symlinking: /home/catherineschuch/lunabotics_ws/install/interfaces_pkg/share/interfaces_pkg/environment/ament_prefix_path.dsv
[9.953s] -- Symlinking: /home/catherineschuch/lunabotics_ws/install/interfaces_pkg/share/interfaces_pkg/environment/path.sh
[9.962s] -- Symlinking: /home/catherineschuch/lunabotics_ws/install/interfaces_pkg/share/interfaces_pkg/environment/path.dsv
[9.969s] -- Symlinking: /home/catherineschuch/lunabotics_ws/install/interfaces_pkg/share/interfaces_pkg/local_setup.bash
[9.976s] -- Symlinking: /home/catherineschuch/lunabotics_ws/install/interfaces_pkg/share/interfaces_pkg/local_setup.sh
[9.983s] -- Symlinking: /home/catherineschuch/lunabotics_ws/install/interfaces_pkg/share/interfaces_pkg/local_setup.zsh
[9.991s] -- Symlinking: /home/catherineschuch/lunabotics_ws/install/interfaces_pkg/share/interfaces_pkg/local_setup.dsv
[9.998s] -- Symlinking: /home/catherineschuch/lunabotics_ws/install/interfaces_pkg/share/interfaces_pkg/package.dsv
[10.006s] -- Symlinking: /home/catherineschuch/lunabotics_ws/install/interfaces_pkg/share/ament_index/resource_index/packages/interfaces_pkg
[10.013s] -- Symlinking: /home/catherineschuch/lunabotics_ws/install/interfaces_pkg/share/interfaces_pkg/cmake/rosidl_cmake-extras.cmake
[10.023s] -- Symlinking: /home/catherineschuch/lunabotics_ws/install/interfaces_pkg/share/interfaces_pkg/cmake/ament_cmake_export_include_directories-extras.cmake
[10.030s] -- Symlinking: /home/catherineschuch/lunabotics_ws/install/interfaces_pkg/share/interfaces_pkg/cmake/ament_cmake_export_libraries-extras.cmake
[10.038s] -- Symlinking: /home/catherineschuch/lunabotics_ws/install/interfaces_pkg/share/interfaces_pkg/cmake/ament_cmake_export_targets-extras.cmake
[10.046s] -- Symlinking: /home/catherineschuch/lunabotics_ws/install/interfaces_pkg/share/interfaces_pkg/cmake/rosidl_cmake_export_typesupport_targets-extras.cmake
[10.053s] -- Symlinking: /home/catherineschuch/lunabotics_ws/install/interfaces_pkg/share/interfaces_pkg/cmake/ament_cmake_export_dependencies-extras.cmake
[10.061s] -- Symlinking: /home/catherineschuch/lunabotics_ws/install/interfaces_pkg/share/interfaces_pkg/cmake/rosidl_cmake_export_typesupport_libraries-extras.cmake
[10.068s] -- Symlinking: /home/catherineschuch/lunabotics_ws/install/interfaces_pkg/share/interfaces_pkg/cmake/interfaces_pkgConfig.cmake
[10.075s] -- Symlinking: /home/catherineschuch/lunabotics_ws/install/interfaces_pkg/share/interfaces_pkg/cmake/interfaces_pkgConfig-version.cmake
[10.081s] -- Symlinking: /home/catherineschuch/lunabotics_ws/install/interfaces_pkg/share/interfaces_pkg/package.xml
[10.091s] -- Installing: /home/catherineschuch/lunabotics_ws/install/interfaces_pkg/lib/libinterfaces_pkg__rosidl_generator_c.so
[10.092s] -- Set runtime path of "/home/catherineschuch/lunabotics_ws/install/interfaces_pkg/lib/libinterfaces_pkg__rosidl_generator_c.so" to ""
[10.092s] -- Installing: /home/catherineschuch/lunabotics_ws/install/interfaces_pkg/lib/libinterfaces_pkg__rosidl_typesupport_fastrtps_c.so
[10.092s] -- Set runtime path of "/home/catherineschuch/lunabotics_ws/install/interfaces_pkg/lib/libinterfaces_pkg__rosidl_typesupport_fastrtps_c.so" to ""
[10.092s] -- Installing: /home/catherineschuch/lunabotics_ws/install/interfaces_pkg/lib/libinterfaces_pkg__rosidl_typesupport_introspection_c.so
[10.092s] -- Set runtime path of "/home/catherineschuch/lunabotics_ws/install/interfaces_pkg/lib/libinterfaces_pkg__rosidl_typesupport_introspection_c.so" to ""
[10.092s] -- Installing: /home/catherineschuch/lunabotics_ws/install/interfaces_pkg/lib/libinterfaces_pkg__rosidl_typesupport_c.so
[10.093s] -- Set runtime path of "/home/catherineschuch/lunabotics_ws/install/interfaces_pkg/lib/libinterfaces_pkg__rosidl_typesupport_c.so" to ""
[10.093s] -- Installing: /home/catherineschuch/lunabotics_ws/install/interfaces_pkg/lib/libinterfaces_pkg__rosidl_typesupport_fastrtps_cpp.so
[10.093s] -- Set runtime path of "/home/catherineschuch/lunabotics_ws/install/interfaces_pkg/lib/libinterfaces_pkg__rosidl_typesupport_fastrtps_cpp.so" to ""
[10.093s] -- Installing: /home/catherineschuch/lunabotics_ws/install/interfaces_pkg/lib/libinterfaces_pkg__rosidl_typesupport_introspection_cpp.so
[10.093s] -- Set runtime path of "/home/catherineschuch/lunabotics_ws/install/interfaces_pkg/lib/libinterfaces_pkg__rosidl_typesupport_introspection_cpp.so" to ""
[10.093s] -- Installing: /home/catherineschuch/lunabotics_ws/install/interfaces_pkg/lib/libinterfaces_pkg__rosidl_typesupport_cpp.so
[10.094s] -- Set runtime path of "/home/catherineschuch/lunabotics_ws/install/interfaces_pkg/lib/libinterfaces_pkg__rosidl_typesupport_cpp.so" to ""
[10.129s] Listing '/home/catherineschuch/lunabotics_ws/install/interfaces_pkg/local/lib/python3.10/dist-packages/interfaces_pkg'...
[10.129s] Compiling '/home/catherineschuch/lunabotics_ws/install/interfaces_pkg/local/lib/python3.10/dist-packages/interfaces_pkg/__init__.py'...
[10.129s] Listing '/home/catherineschuch/lunabotics_ws/install/interfaces_pkg/local/lib/python3.10/dist-packages/interfaces_pkg/msg'...
[10.129s] Compiling '/home/catherineschuch/lunabotics_ws/install/interfaces_pkg/local/lib/python3.10/dist-packages/interfaces_pkg/msg/__init__.py'...
[10.129s] Compiling '/home/catherineschuch/lunabotics_ws/install/interfaces_pkg/local/lib/python3.10/dist-packages/interfaces_pkg/msg/_duty_cycle_output.py'...
[10.134s] -- Installing: /home/catherineschuch/lunabotics_ws/install/interfaces_pkg/lib/libinterfaces_pkg__rosidl_generator_py.so
[10.134s] -- Set runtime path of "/home/catherineschuch/lunabotics_ws/install/interfaces_pkg/lib/libinterfaces_pkg__rosidl_generator_py.so" to ""
[10.135s] -- Installing: /home/catherineschuch/lunabotics_ws/install/interfaces_pkg/share/interfaces_pkg/cmake/export_interfaces_pkg__rosidl_generator_cExport.cmake
[10.135s] -- Installing: /home/catherineschuch/lunabotics_ws/install/interfaces_pkg/share/interfaces_pkg/cmake/export_interfaces_pkg__rosidl_generator_cExport-noconfig.cmake
[10.135s] -- Installing: /home/catherineschuch/lunabotics_ws/install/interfaces_pkg/share/interfaces_pkg/cmake/export_interfaces_pkg__rosidl_typesupport_fastrtps_cExport.cmake
[10.136s] -- Installing: /home/catherineschuch/lunabotics_ws/install/interfaces_pkg/share/interfaces_pkg/cmake/export_interfaces_pkg__rosidl_typesupport_fastrtps_cExport-noconfig.cmake
[10.136s] -- Installing: /home/catherineschuch/lunabotics_ws/install/interfaces_pkg/share/interfaces_pkg/cmake/interfaces_pkg__rosidl_typesupport_introspection_cExport.cmake
[10.136s] -- Installing: /home/catherineschuch/lunabotics_ws/install/interfaces_pkg/share/interfaces_pkg/cmake/interfaces_pkg__rosidl_typesupport_introspection_cExport-noconfig.cmake
[10.136s] -- Installing: /home/catherineschuch/lunabotics_ws/install/interfaces_pkg/share/interfaces_pkg/cmake/interfaces_pkg__rosidl_typesupport_cExport.cmake
[10.136s] -- Installing: /home/catherineschuch/lunabotics_ws/install/interfaces_pkg/share/interfaces_pkg/cmake/interfaces_pkg__rosidl_typesupport_cExport-noconfig.cmake
[10.136s] -- Installing: /home/catherineschuch/lunabotics_ws/install/interfaces_pkg/share/interfaces_pkg/cmake/export_interfaces_pkg__rosidl_generator_cppExport.cmake
[10.136s] -- Installing: /home/catherineschuch/lunabotics_ws/install/interfaces_pkg/share/interfaces_pkg/cmake/export_interfaces_pkg__rosidl_typesupport_fastrtps_cppExport.cmake
[10.136s] -- Installing: /home/catherineschuch/lunabotics_ws/install/interfaces_pkg/share/interfaces_pkg/cmake/export_interfaces_pkg__rosidl_typesupport_fastrtps_cppExport-noconfig.cmake
[10.137s] -- Installing: /home/catherineschuch/lunabotics_ws/install/interfaces_pkg/share/interfaces_pkg/cmake/interfaces_pkg__rosidl_typesupport_introspection_cppExport.cmake
[10.137s] -- Installing: /home/catherineschuch/lunabotics_ws/install/interfaces_pkg/share/interfaces_pkg/cmake/interfaces_pkg__rosidl_typesupport_introspection_cppExport-noconfig.cmake
[10.137s] -- Installing: /home/catherineschuch/lunabotics_ws/install/interfaces_pkg/share/interfaces_pkg/cmake/interfaces_pkg__rosidl_typesupport_cppExport.cmake
[10.137s] -- Installing: /home/catherineschuch/lunabotics_ws/install/interfaces_pkg/share/interfaces_pkg/cmake/interfaces_pkg__rosidl_typesupport_cppExport-noconfig.cmake
[10.137s] -- Installing: /home/catherineschuch/lunabotics_ws/install/interfaces_pkg/share/interfaces_pkg/cmake/export_interfaces_pkg__rosidl_generator_pyExport.cmake
[10.137s] -- Installing: /home/catherineschuch/lunabotics_ws/install/interfaces_pkg/share/interfaces_pkg/cmake/export_interfaces_pkg__rosidl_generator_pyExport-noconfig.cmake
[10.138s] Invoked command in '/home/catherineschuch/lunabotics_ws/build/interfaces_pkg' returned '0': CMAKE_PREFIX_PATH=${CMAKE_PREFIX_PATH}:/opt/ros/humble /usr/bin/cmake --install /home/catherineschuch/lunabotics_ws/build/interfaces_pkg
